<?xml version="1.0" encoding="UTF-8"?>
<coverage generated="1764870999507" clover="3.2.0">
  <project timestamp="1764870999507" name="All files">
    <metrics statements="1712" coveredstatements="1374" conditionals="206" coveredconditionals="161" methods="69" coveredmethods="34" elements="1987" coveredelements="1569" complexity="0" loc="1712" ncloc="1712" packages="6" files="24" classes="24"/>
    <package name="FrontEnd">
      <metrics statements="13" coveredstatements="0" conditionals="2" coveredconditionals="0" methods="2" coveredmethods="0"/>
      <file name="postcss.config.js" path="C:\Users\Lui\Downloads\siteingressoFINAL\Site-de-ingressos\FrontEnd\postcss.config.js">
        <metrics statements="5" coveredstatements="0" conditionals="1" coveredconditionals="0" methods="1" coveredmethods="0"/>
        <line num="1" count="0" type="cond" truecount="0" falsecount="1"/>
        <line num="2" count="0" type="stmt"/>
        <line num="3" count="0" type="stmt"/>
        <line num="4" count="0" type="stmt"/>
        <line num="5" count="0" type="stmt"/>
      </file>
      <file name="tailwind.config.js" path="C:\Users\Lui\Downloads\siteingressoFINAL\Site-de-ingressos\FrontEnd\tailwind.config.js">
        <metrics statements="8" coveredstatements="0" conditionals="1" coveredconditionals="0" methods="1" coveredmethods="0"/>
        <line num="1" count="0" type="cond" truecount="0" falsecount="1"/>
        <line num="2" count="0" type="stmt"/>
        <line num="3" count="0" type="stmt"/>
        <line num="4" count="0" type="stmt"/>
        <line num="5" count="0" type="stmt"/>
        <line num="6" count="0" type="stmt"/>
        <line num="7" count="0" type="stmt"/>
        <line num="8" count="0" type="stmt"/>
      </file>
    </package>
    <package name="FrontEnd.src">
      <metrics statements="104" coveredstatements="86" conditionals="11" coveredconditionals="9" methods="8" coveredmethods="5"/>
      <file name="App.jsx" path="C:\Users\Lui\Downloads\siteingressoFINAL\Site-de-ingressos\FrontEnd\src\App.jsx">
        <metrics statements="96" coveredstatements="86" conditionals="10" coveredconditionals="9" methods="7" coveredmethods="5"/>
        <line num="1" count="1" type="stmt"/>
        <line num="16" count="20" type="cond" truecount="1" falsecount="0"/>
        <line num="17" count="20" type="stmt"/>
        <line num="19" count="20" type="cond" truecount="1" falsecount="0"/>
        <line num="20" count="3" type="stmt"/>
        <line num="21" count="3" type="stmt"/>
        <line num="22" count="3" type="stmt"/>
        <line num="23" count="3" type="stmt"/>
        <line num="24" count="3" type="stmt"/>
        <line num="25" count="3" type="stmt"/>
        <line num="27" count="20" type="stmt"/>
        <line num="28" count="0" type="stmt"/>
        <line num="29" count="0" type="stmt"/>
        <line num="31" count="20" type="stmt"/>
        <line num="32" count="20" type="stmt"/>
        <line num="34" count="20" type="stmt"/>
        <line num="35" count="20" type="cond" truecount="2" falsecount="0"/>
        <line num="37" count="20" type="stmt"/>
        <line num="38" count="20" type="cond" truecount="2" falsecount="0"/>
        <line num="40" count="20" type="cond" truecount="1" falsecount="0"/>
        <line num="41" count="3" type="stmt"/>
        <line num="42" count="3" type="cond" truecount="0" falsecount="1"/>
        <line num="43" count="0" type="stmt"/>
        <line num="44" count="0" type="stmt"/>
        <line num="45" count="3" type="stmt"/>
        <line num="47" count="20" type="stmt"/>
        <line num="48" count="0" type="stmt"/>
        <line num="49" count="0" type="stmt"/>
        <line num="51" count="0" type="stmt"/>
        <line num="52" count="0" type="stmt"/>
        <line num="53" count="0" type="stmt"/>
        <line num="54" count="0" type="stmt"/>
        <line num="56" count="20" type="stmt"/>
        <line num="57" count="20" type="stmt"/>
        <line num="58" count="20" type="cond" truecount="2" falsecount="0"/>
        <line num="60" count="20" type="stmt"/>
        <line num="61" count="20" type="stmt"/>
        <line num="62" count="20" type="stmt"/>
        <line num="63" count="20" type="stmt"/>
        <line num="64" count="20" type="stmt"/>
        <line num="65" count="20" type="stmt"/>
        <line num="66" count="20" type="stmt"/>
        <line num="67" count="20" type="stmt"/>
        <line num="68" count="20" type="stmt"/>
        <line num="69" count="20" type="stmt"/>
        <line num="70" count="20" type="stmt"/>
        <line num="72" count="20" type="stmt"/>
        <line num="74" count="20" type="stmt"/>
        <line num="75" count="20" type="stmt"/>
        <line num="76" count="20" type="stmt"/>
        <line num="77" count="20" type="stmt"/>
        <line num="78" count="20" type="stmt"/>
        <line num="79" count="20" type="stmt"/>
        <line num="80" count="20" type="stmt"/>
        <line num="81" count="20" type="stmt"/>
        <line num="82" count="20" type="stmt"/>
        <line num="83" count="20" type="stmt"/>
        <line num="84" count="20" type="stmt"/>
        <line num="85" count="20" type="stmt"/>
        <line num="87" count="20" type="stmt"/>
        <line num="88" count="20" type="stmt"/>
        <line num="89" count="20" type="stmt"/>
        <line num="90" count="20" type="stmt"/>
        <line num="91" count="20" type="stmt"/>
        <line num="92" count="20" type="stmt"/>
        <line num="94" count="20" type="stmt"/>
        <line num="96" count="20" type="stmt"/>
        <line num="97" count="20" type="stmt"/>
        <line num="98" count="20" type="stmt"/>
        <line num="99" count="20" type="stmt"/>
        <line num="100" count="20" type="stmt"/>
        <line num="101" count="20" type="stmt"/>
        <line num="102" count="20" type="stmt"/>
        <line num="103" count="20" type="stmt"/>
        <line num="105" count="20" type="stmt"/>
        <line num="107" count="20" type="stmt"/>
        <line num="108" count="20" type="stmt"/>
        <line num="109" count="20" type="stmt"/>
        <line num="110" count="20" type="stmt"/>
        <line num="111" count="20" type="stmt"/>
        <line num="112" count="20" type="stmt"/>
        <line num="117" count="20" type="stmt"/>
        <line num="118" count="20" type="stmt"/>
        <line num="119" count="20" type="stmt"/>
        <line num="120" count="20" type="stmt"/>
        <line num="121" count="20" type="stmt"/>
        <line num="122" count="20" type="stmt"/>
        <line num="123" count="20" type="stmt"/>
        <line num="124" count="20" type="stmt"/>
        <line num="125" count="20" type="stmt"/>
        <line num="126" count="20" type="stmt"/>
        <line num="127" count="20" type="stmt"/>
        <line num="128" count="20" type="stmt"/>
        <line num="129" count="20" type="stmt"/>
        <line num="130" count="20" type="stmt"/>
        <line num="132" count="20" type="stmt"/>
      </file>
      <file name="main.jsx" path="C:\Users\Lui\Downloads\siteingressoFINAL\Site-de-ingressos\FrontEnd\src\main.jsx">
        <metrics statements="8" coveredstatements="0" conditionals="1" coveredconditionals="0" methods="1" coveredmethods="0"/>
        <line num="1" count="0" type="cond" truecount="0" falsecount="1"/>
        <line num="2" count="0" type="stmt"/>
        <line num="3" count="0" type="stmt"/>
        <line num="5" count="0" type="stmt"/>
        <line num="6" count="0" type="stmt"/>
        <line num="7" count="0" type="stmt"/>
        <line num="8" count="0" type="stmt"/>
        <line num="9" count="0" type="stmt"/>
      </file>
    </package>
    <package name="FrontEnd.src.components">
      <metrics statements="907" coveredstatements="744" conditionals="92" coveredconditionals="65" methods="41" coveredmethods="19"/>
      <file name="Checkout.jsx" path="C:\Users\Lui\Downloads\siteingressoFINAL\Site-de-ingressos\FrontEnd\src\components\Checkout.jsx">
        <metrics statements="285" coveredstatements="251" conditionals="47" coveredconditionals="38" methods="7" coveredmethods="4"/>
        <line num="1" count="1" type="stmt"/>
        <line num="8" count="13" type="cond" truecount="1" falsecount="0"/>
        <line num="9" count="13" type="stmt"/>
        <line num="10" count="13" type="stmt"/>
        <line num="12" count="13" type="cond" truecount="0" falsecount="1"/>
        <line num="13" count="13" type="stmt"/>
        <line num="15" count="13" type="stmt"/>
        <line num="17" count="13" type="stmt"/>
        <line num="18" count="13" type="stmt"/>
        <line num="19" count="13" type="stmt"/>
        <line num="20" count="13" type="stmt"/>
        <line num="21" count="13" type="stmt"/>
        <line num="22" count="13" type="stmt"/>
        <line num="25" count="13" type="cond" truecount="1" falsecount="0"/>
        <line num="26" count="5" type="stmt"/>
        <line num="27" count="13" type="stmt"/>
        <line num="30" count="13" type="cond" truecount="1" falsecount="0"/>
        <line num="31" count="5" type="stmt"/>
        <line num="33" count="0" type="stmt"/>
        <line num="34" count="0" type="stmt"/>
        <line num="35" count="0" type="stmt"/>
        <line num="36" count="5" type="stmt"/>
        <line num="37" count="5" type="cond" truecount="1" falsecount="0"/>
        <line num="38" count="13" type="stmt"/>
        <line num="41" count="13" type="stmt"/>
        <line num="42" count="0" type="stmt"/>
        <line num="44" count="0" type="stmt"/>
        <line num="45" count="0" type="stmt"/>
        <line num="46" count="0" type="stmt"/>
        <line num="48" count="0" type="stmt"/>
        <line num="49" count="0" type="stmt"/>
        <line num="52" count="0" type="stmt"/>
        <line num="53" count="0" type="stmt"/>
        <line num="57" count="0" type="stmt"/>
        <line num="58" count="0" type="stmt"/>
        <line num="59" count="0" type="stmt"/>
        <line num="60" count="0" type="stmt"/>
        <line num="61" count="0" type="stmt"/>
        <line num="62" count="0" type="stmt"/>
        <line num="63" count="0" type="stmt"/>
        <line num="67" count="0" type="stmt"/>
        <line num="68" count="0" type="stmt"/>
        <line num="69" count="0" type="stmt"/>
        <line num="70" count="0" type="stmt"/>
        <line num="71" count="0" type="stmt"/>
        <line num="72" count="0" type="stmt"/>
        <line num="73" count="0" type="stmt"/>
        <line num="76" count="0" type="stmt"/>
        <line num="77" count="0" type="stmt"/>
        <line num="79" count="13" type="stmt"/>
        <line num="80" count="13" type="stmt"/>
        <line num="81" count="13" type="cond" truecount="1" falsecount="0"/>
        <line num="82" count="24" type="stmt"/>
        <line num="83" count="13" type="stmt"/>
        <line num="84" count="13" type="stmt"/>
        <line num="86" count="13" type="stmt"/>
        <line num="87" count="13" type="stmt"/>
        <line num="89" count="13" type="cond" truecount="2" falsecount="0"/>
        <line num="90" count="1" type="stmt"/>
        <line num="91" count="1" type="stmt"/>
        <line num="92" count="1" type="stmt"/>
        <line num="93" count="1" type="stmt"/>
        <line num="95" count="1" type="stmt"/>
        <line num="96" count="1" type="stmt"/>
        <line num="97" count="1" type="stmt"/>
        <line num="98" count="1" type="stmt"/>
        <line num="99" count="1" type="stmt"/>
        <line num="101" count="1" type="stmt"/>
        <line num="102" count="1" type="stmt"/>
        <line num="104" count="1" type="cond" truecount="1" falsecount="0"/>
        <line num="106" count="12" type="cond" truecount="1" falsecount="0"/>
        <line num="107" count="6" type="stmt"/>
        <line num="108" count="6" type="cond" truecount="1" falsecount="0"/>
        <line num="109" count="6" type="stmt"/>
        <line num="111" count="12" type="cond" truecount="1" falsecount="0"/>
        <line num="112" count="1" type="stmt"/>
        <line num="113" count="1" type="stmt"/>
        <line num="115" count="1" type="stmt"/>
        <line num="116" count="1" type="stmt"/>
        <line num="117" count="1" type="stmt"/>
        <line num="118" count="1" type="stmt"/>
        <line num="119" count="1" type="stmt"/>
        <line num="120" count="1" type="stmt"/>
        <line num="122" count="1" type="stmt"/>
        <line num="123" count="1" type="stmt"/>
        <line num="124" count="1" type="stmt"/>
        <line num="125" count="1" type="stmt"/>
        <line num="126" count="1" type="stmt"/>
        <line num="127" count="1" type="stmt"/>
        <line num="129" count="1" type="stmt"/>
        <line num="131" count="1" type="stmt"/>
        <line num="132" count="1" type="stmt"/>
        <line num="133" count="1" type="cond" truecount="0" falsecount="1"/>
        <line num="134" count="0" type="stmt"/>
        <line num="135" count="0" type="stmt"/>
        <line num="136" count="1" type="cond" truecount="0" falsecount="1"/>
        <line num="137" count="0" type="stmt"/>
        <line num="138" count="0" type="stmt"/>
        <line num="139" count="1" type="stmt"/>
        <line num="140" count="1" type="stmt"/>
        <line num="141" count="1" type="stmt"/>
        <line num="142" count="1" type="stmt"/>
        <line num="144" count="12" type="stmt"/>
        <line num="145" count="12" type="stmt"/>
        <line num="146" count="12" type="stmt"/>
        <line num="147" count="12" type="stmt"/>
        <line num="149" count="12" type="cond" truecount="1" falsecount="0"/>
        <line num="150" count="12" type="stmt"/>
        <line num="151" count="12" type="stmt"/>
        <line num="152" count="12" type="stmt"/>
        <line num="153" count="12" type="stmt"/>
        <line num="154" count="12" type="stmt"/>
        <line num="155" count="12" type="stmt"/>
        <line num="156" count="12" type="cond" truecount="0" falsecount="1"/>
        <line num="157" count="0" type="stmt"/>
        <line num="158" count="0" type="stmt"/>
        <line num="159" count="12" type="stmt"/>
        <line num="161" count="12" type="stmt"/>
        <line num="162" count="12" type="stmt"/>
        <line num="163" count="12" type="stmt"/>
        <line num="164" count="12" type="stmt"/>
        <line num="165" count="12" type="stmt"/>
        <line num="166" count="12" type="stmt"/>
        <line num="168" count="12" type="stmt"/>
        <line num="171" count="12" type="stmt"/>
        <line num="172" count="12" type="stmt"/>
        <line num="173" count="12" type="stmt"/>
        <line num="174" count="12" type="stmt"/>
        <line num="175" count="12" type="stmt"/>
        <line num="177" count="12" type="stmt"/>
        <line num="178" count="12" type="stmt"/>
        <line num="179" count="12" type="stmt"/>
        <line num="180" count="12" type="stmt"/>
        <line num="183" count="12" type="stmt"/>
        <line num="184" count="12" type="stmt"/>
        <line num="185" count="12" type="stmt"/>
        <line num="186" count="12" type="stmt"/>
        <line num="188" count="12" type="stmt"/>
        <line num="190" count="12" type="stmt"/>
        <line num="193" count="12" type="stmt"/>
        <line num="194" count="12" type="stmt"/>
        <line num="195" count="12" type="stmt"/>
        <line num="196" count="12" type="stmt"/>
        <line num="198" count="12" type="stmt"/>
        <line num="199" count="12" type="stmt"/>
        <line num="200" count="12" type="stmt"/>
        <line num="202" count="12" type="stmt"/>
        <line num="203" count="12" type="stmt"/>
        <line num="204" count="12" type="stmt"/>
        <line num="205" count="12" type="stmt"/>
        <line num="206" count="12" type="stmt"/>
        <line num="207" count="12" type="stmt"/>
        <line num="209" count="12" type="stmt"/>
        <line num="210" count="12" type="cond" truecount="1" falsecount="0"/>
        <line num="211" count="24" type="stmt"/>
        <line num="212" count="24" type="stmt"/>
        <line num="213" count="24" type="stmt"/>
        <line num="214" count="24" type="stmt"/>
        <line num="215" count="24" type="stmt"/>
        <line num="216" count="24" type="stmt"/>
        <line num="217" count="24" type="stmt"/>
        <line num="218" count="24" type="stmt"/>
        <line num="219" count="24" type="stmt"/>
        <line num="220" count="12" type="stmt"/>
        <line num="221" count="12" type="stmt"/>
        <line num="223" count="12" type="stmt"/>
        <line num="224" count="12" type="stmt"/>
        <line num="225" count="12" type="stmt"/>
        <line num="226" count="12" type="stmt"/>
        <line num="227" count="12" type="stmt"/>
        <line num="228" count="12" type="stmt"/>
        <line num="229" count="12" type="stmt"/>
        <line num="230" count="12" type="stmt"/>
        <line num="231" count="12" type="stmt"/>
        <line num="232" count="12" type="stmt"/>
        <line num="234" count="12" type="stmt"/>
        <line num="235" count="12" type="stmt"/>
        <line num="236" count="12" type="stmt"/>
        <line num="237" count="12" type="stmt"/>
        <line num="238" count="12" type="stmt"/>
        <line num="239" count="12" type="stmt"/>
        <line num="240" count="12" type="stmt"/>
        <line num="243" count="12" type="stmt"/>
        <line num="244" count="12" type="stmt"/>
        <line num="245" count="12" type="stmt"/>
        <line num="246" count="12" type="stmt"/>
        <line num="248" count="12" type="stmt"/>
        <line num="249" count="12" type="stmt"/>
        <line num="250" count="12" type="stmt"/>
        <line num="252" count="12" type="stmt"/>
        <line num="253" count="12" type="stmt"/>
        <line num="254" count="12" type="stmt"/>
        <line num="255" count="12" type="stmt"/>
        <line num="256" count="12" type="stmt"/>
        <line num="257" count="12" type="stmt"/>
        <line num="258" count="12" type="stmt"/>
        <line num="259" count="12" type="stmt"/>
        <line num="260" count="12" type="stmt"/>
        <line num="261" count="12" type="stmt"/>
        <line num="262" count="12" type="stmt"/>
        <line num="263" count="12" type="stmt"/>
        <line num="264" count="12" type="stmt"/>
        <line num="266" count="12" type="stmt"/>
        <line num="267" count="12" type="stmt"/>
        <line num="268" count="12" type="stmt"/>
        <line num="269" count="12" type="stmt"/>
        <line num="270" count="12" type="stmt"/>
        <line num="271" count="12" type="stmt"/>
        <line num="272" count="12" type="stmt"/>
        <line num="273" count="12" type="stmt"/>
        <line num="274" count="12" type="stmt"/>
        <line num="275" count="12" type="stmt"/>
        <line num="276" count="12" type="stmt"/>
        <line num="277" count="12" type="stmt"/>
        <line num="278" count="12" type="stmt"/>
        <line num="279" count="12" type="stmt"/>
        <line num="280" count="12" type="stmt"/>
        <line num="281" count="12" type="stmt"/>
        <line num="282" count="12" type="stmt"/>
        <line num="283" count="12" type="stmt"/>
        <line num="284" count="12" type="stmt"/>
        <line num="285" count="12" type="stmt"/>
        <line num="286" count="12" type="stmt"/>
        <line num="287" count="12" type="stmt"/>
        <line num="288" count="12" type="stmt"/>
        <line num="289" count="12" type="stmt"/>
        <line num="290" count="12" type="stmt"/>
        <line num="291" count="12" type="stmt"/>
        <line num="292" count="12" type="stmt"/>
        <line num="293" count="12" type="stmt"/>
        <line num="296" count="12" type="stmt"/>
        <line num="297" count="12" type="stmt"/>
        <line num="298" count="12" type="stmt"/>
        <line num="299" count="12" type="stmt"/>
        <line num="301" count="12" type="stmt"/>
        <line num="302" count="12" type="stmt"/>
        <line num="303" count="12" type="stmt"/>
        <line num="305" count="12" type="stmt"/>
        <line num="306" count="13" type="cond" truecount="2" falsecount="0"/>
        <line num="307" count="13" type="stmt"/>
        <line num="308" count="13" type="cond" truecount="2" falsecount="0"/>
        <line num="309" count="13" type="cond" truecount="2" falsecount="0"/>
        <line num="310" count="13" type="stmt"/>
        <line num="312" count="13" type="cond" truecount="2" falsecount="0"/>
        <line num="313" count="13" type="stmt"/>
        <line num="314" count="13" type="cond" truecount="2" falsecount="0"/>
        <line num="315" count="13" type="cond" truecount="2" falsecount="0"/>
        <line num="316" count="13" type="stmt"/>
        <line num="318" count="13" type="cond" truecount="1" falsecount="1"/>
        <line num="319" count="13" type="stmt"/>
        <line num="320" count="13" type="cond" truecount="1" falsecount="1"/>
        <line num="321" count="13" type="cond" truecount="1" falsecount="1"/>
        <line num="322" count="13" type="stmt"/>
        <line num="323" count="13" type="stmt"/>
        <line num="324" count="13" type="stmt"/>
        <line num="327" count="13" type="stmt"/>
        <line num="328" count="13" type="stmt"/>
        <line num="329" count="13" type="stmt"/>
        <line num="330" count="13" type="stmt"/>
        <line num="331" count="13" type="cond" truecount="2" falsecount="0"/>
        <line num="332" count="13" type="cond" truecount="2" falsecount="0"/>
        <line num="333" count="13" type="stmt"/>
        <line num="334" count="13" type="cond" truecount="1" falsecount="0"/>
        <line num="335" count="1" type="cond" truecount="1" falsecount="0"/>
        <line num="336" count="11" type="stmt"/>
        <line num="337" count="13" type="stmt"/>
        <line num="339" count="13" type="cond" truecount="2" falsecount="0"/>
        <line num="340" count="13" type="stmt"/>
        <line num="342" count="13" type="stmt"/>
        <line num="343" count="13" type="stmt"/>
        <line num="344" count="13" type="stmt"/>
        <line num="346" count="13" type="stmt"/>
        <line num="347" count="13" type="stmt"/>
        <line num="350" count="13" type="stmt"/>
        <line num="351" count="13" type="stmt"/>
        <line num="352" count="13" type="stmt"/>
        <line num="353" count="13" type="cond" truecount="1" falsecount="1"/>
        <line num="354" count="13" type="stmt"/>
        <line num="356" count="13" type="cond" truecount="0" falsecount="1"/>
        <line num="357" count="0" type="cond" truecount="1" falsecount="0"/>
        <line num="359" count="12" type="stmt"/>
        <line num="361" count="13" type="stmt"/>
        <line num="362" count="13" type="stmt"/>
        <line num="364" count="13" type="stmt"/>
        <line num="366" count="13" type="stmt"/>
      </file>
      <file name="CustomCheckbox.jsx" path="C:\Users\Lui\Downloads\siteingressoFINAL\Site-de-ingressos\FrontEnd\src\components\CustomCheckbox.jsx">
        <metrics statements="20" coveredstatements="20" conditionals="2" coveredconditionals="1" methods="1" coveredmethods="1"/>
        <line num="1" count="1" type="stmt"/>
        <line num="14" count="120" type="cond" truecount="1" falsecount="0"/>
        <line num="15" count="120" type="stmt"/>
        <line num="17" count="120" type="stmt"/>
        <line num="20" count="120" type="stmt"/>
        <line num="21" count="120" type="stmt"/>
        <line num="22" count="120" type="stmt"/>
        <line num="23" count="120" type="stmt"/>
        <line num="24" count="120" type="stmt"/>
        <line num="25" count="120" type="stmt"/>
        <line num="26" count="120" type="stmt"/>
        <line num="29" count="120" type="stmt"/>
        <line num="45" count="120" type="stmt"/>
        <line num="46" count="120" type="stmt"/>
        <line num="50" count="120" type="cond" truecount="0" falsecount="1"/>
        <line num="52" count="120" type="stmt"/>
        <line num="53" count="120" type="stmt"/>
        <line num="56" count="120" type="stmt"/>
        <line num="58" count="120" type="stmt"/>
        <line num="60" count="120" type="stmt"/>
      </file>
      <file name="CustomRange.jsx" path="C:\Users\Lui\Downloads\siteingressoFINAL\Site-de-ingressos\FrontEnd\src\components\CustomRange.jsx">
        <metrics statements="12" coveredstatements="0" conditionals="1" coveredconditionals="0" methods="1" coveredmethods="0"/>
        <line num="1" count="0" type="cond" truecount="0" falsecount="1"/>
        <line num="3" count="0" type="stmt"/>
        <line num="4" count="0" type="stmt"/>
        <line num="5" count="0" type="stmt"/>
        <line num="6" count="0" type="stmt"/>
        <line num="7" count="0" type="stmt"/>
        <line num="8" count="0" type="stmt"/>
        <line num="9" count="0" type="stmt"/>
        <line num="10" count="0" type="stmt"/>
        <line num="11" count="0" type="stmt"/>
        <line num="12" count="0" type="stmt"/>
        <line num="14" count="0" type="stmt"/>
      </file>
      <file name="CustomSelect.jsx" path="C:\Users\Lui\Downloads\siteingressoFINAL\Site-de-ingressos\FrontEnd\src\components\CustomSelect.jsx">
        <metrics statements="23" coveredstatements="0" conditionals="1" coveredconditionals="0" methods="1" coveredmethods="0"/>
        <line num="1" count="0" type="cond" truecount="0" falsecount="1"/>
        <line num="3" count="0" type="stmt"/>
        <line num="4" count="0" type="stmt"/>
        <line num="5" count="0" type="stmt"/>
        <line num="6" count="0" type="stmt"/>
        <line num="7" count="0" type="stmt"/>
        <line num="8" count="0" type="stmt"/>
        <line num="9" count="0" type="stmt"/>
        <line num="10" count="0" type="stmt"/>
        <line num="11" count="0" type="stmt"/>
        <line num="12" count="0" type="stmt"/>
        <line num="13" count="0" type="stmt"/>
        <line num="15" count="0" type="stmt"/>
        <line num="16" count="0" type="stmt"/>
        <line num="17" count="0" type="stmt"/>
        <line num="18" count="0" type="stmt"/>
        <line num="20" count="0" type="stmt"/>
        <line num="21" count="0" type="stmt"/>
        <line num="22" count="0" type="stmt"/>
        <line num="23" count="0" type="stmt"/>
        <line num="24" count="0" type="stmt"/>
        <line num="25" count="0" type="stmt"/>
        <line num="27" count="0" type="stmt"/>
      </file>
      <file name="FAQ.jsx" path="C:\Users\Lui\Downloads\siteingressoFINAL\Site-de-ingressos\FrontEnd\src\components\FAQ.jsx">
        <metrics statements="112" coveredstatements="112" conditionals="5" coveredconditionals="5" methods="4" coveredmethods="4"/>
        <line num="1" count="1" type="stmt"/>
        <line num="10" count="1" type="cond" truecount="1" falsecount="0"/>
        <line num="12" count="7" type="cond" truecount="1" falsecount="0"/>
        <line num="13" count="1" type="stmt"/>
        <line num="14" count="1" type="stmt"/>
        <line num="15" count="1" type="stmt"/>
        <line num="16" count="1" type="stmt"/>
        <line num="17" count="1" type="stmt"/>
        <line num="19" count="7" type="stmt"/>
        <line num="20" count="7" type="stmt"/>
        <line num="22" count="7" type="stmt"/>
        <line num="25" count="7" type="stmt"/>
        <line num="27" count="7" type="stmt"/>
        <line num="28" count="7" type="stmt"/>
        <line num="29" count="7" type="stmt"/>
        <line num="30" count="7" type="stmt"/>
        <line num="31" count="7" type="stmt"/>
        <line num="32" count="7" type="stmt"/>
        <line num="34" count="7" type="stmt"/>
        <line num="35" count="7" type="stmt"/>
        <line num="38" count="7" type="stmt"/>
        <line num="39" count="7" type="stmt"/>
        <line num="40" count="7" type="stmt"/>
        <line num="41" count="7" type="stmt"/>
        <line num="42" count="7" type="stmt"/>
        <line num="43" count="7" type="stmt"/>
        <line num="47" count="7" type="stmt"/>
        <line num="48" count="7" type="stmt"/>
        <line num="49" count="7" type="stmt"/>
        <line num="51" count="7" type="stmt"/>
        <line num="52" count="7" type="stmt"/>
        <line num="54" count="7" type="stmt"/>
        <line num="55" count="7" type="stmt"/>
        <line num="58" count="7" type="stmt"/>
        <line num="59" count="7" type="stmt"/>
        <line num="60" count="7" type="stmt"/>
        <line num="62" count="7" type="stmt"/>
        <line num="63" count="7" type="stmt"/>
        <line num="65" count="7" type="stmt"/>
        <line num="66" count="7" type="stmt"/>
        <line num="69" count="7" type="stmt"/>
        <line num="70" count="7" type="stmt"/>
        <line num="71" count="7" type="stmt"/>
        <line num="73" count="7" type="stmt"/>
        <line num="74" count="7" type="stmt"/>
        <line num="76" count="7" type="stmt"/>
        <line num="77" count="7" type="stmt"/>
        <line num="78" count="7" type="stmt"/>
        <line num="80" count="7" type="stmt"/>
        <line num="81" count="7" type="stmt"/>
        <line num="82" count="7" type="stmt"/>
        <line num="83" count="7" type="stmt"/>
        <line num="84" count="7" type="stmt"/>
        <line num="85" count="7" type="stmt"/>
        <line num="86" count="7" type="stmt"/>
        <line num="88" count="7" type="stmt"/>
        <line num="91" count="7" type="cond" truecount="1" falsecount="0"/>
        <line num="92" count="7" type="stmt"/>
        <line num="93" count="7" type="stmt"/>
        <line num="94" count="7" type="stmt"/>
        <line num="96" count="7" type="stmt"/>
        <line num="97" count="7" type="stmt"/>
        <line num="98" count="7" type="stmt"/>
        <line num="99" count="7" type="stmt"/>
        <line num="100" count="7" type="stmt"/>
        <line num="101" count="7" type="stmt"/>
        <line num="102" count="7" type="stmt"/>
        <line num="104" count="7" type="stmt"/>
        <line num="106" count="7" type="stmt"/>
        <line num="107" count="7" type="stmt"/>
        <line num="108" count="7" type="stmt"/>
        <line num="109" count="7" type="stmt"/>
        <line num="110" count="7" type="stmt"/>
        <line num="111" count="7" type="stmt"/>
        <line num="113" count="7" type="stmt"/>
        <line num="114" count="7" type="stmt"/>
        <line num="116" count="7" type="stmt"/>
        <line num="117" count="7" type="cond" truecount="1" falsecount="0"/>
        <line num="118" count="35" type="stmt"/>
        <line num="119" count="35" type="stmt"/>
        <line num="120" count="35" type="stmt"/>
        <line num="121" count="35" type="stmt"/>
        <line num="122" count="35" type="stmt"/>
        <line num="123" count="7" type="stmt"/>
        <line num="124" count="7" type="stmt"/>
        <line num="126" count="7" type="stmt"/>
        <line num="127" count="7" type="stmt"/>
        <line num="129" count="7" type="stmt"/>
        <line num="132" count="1" type="cond" truecount="1" falsecount="0"/>
        <line num="133" count="7" type="stmt"/>
        <line num="134" count="7" type="stmt"/>
        <line num="135" count="7" type="stmt"/>
        <line num="137" count="7" type="stmt"/>
        <line num="138" count="7" type="stmt"/>
        <line num="139" count="7" type="stmt"/>
        <line num="140" count="7" type="stmt"/>
        <line num="141" count="7" type="stmt"/>
        <line num="142" count="7" type="stmt"/>
        <line num="144" count="7" type="stmt"/>
        <line num="147" count="7" type="stmt"/>
        <line num="148" count="7" type="stmt"/>
        <line num="149" count="7" type="stmt"/>
        <line num="150" count="7" type="stmt"/>
        <line num="151" count="7" type="stmt"/>
        <line num="152" count="7" type="stmt"/>
        <line num="154" count="7" type="stmt"/>
        <line num="156" count="7" type="stmt"/>
        <line num="157" count="7" type="stmt"/>
        <line num="158" count="7" type="stmt"/>
        <line num="159" count="7" type="stmt"/>
        <line num="160" count="7" type="stmt"/>
        <line num="162" count="7" type="stmt"/>
      </file>
      <file name="FAQDropDown.jsx" path="C:\Users\Lui\Downloads\siteingressoFINAL\Site-de-ingressos\FrontEnd\src\components\FAQDropDown.jsx">
        <metrics statements="22" coveredstatements="18" conditionals="4" coveredconditionals="1" methods="2" coveredmethods="1"/>
        <line num="1" count="1" type="stmt"/>
        <line num="6" count="35" type="cond" truecount="1" falsecount="0"/>
        <line num="7" count="35" type="stmt"/>
        <line num="9" count="35" type="stmt"/>
        <line num="13" count="35" type="stmt"/>
        <line num="14" count="35" type="stmt"/>
        <line num="15" count="35" type="stmt"/>
        <line num="16" count="35" type="stmt"/>
        <line num="17" count="35" type="cond" truecount="0" falsecount="1"/>
        <line num="19" count="35" type="stmt"/>
        <line num="20" count="35" type="stmt"/>
        <line num="21" count="35" type="stmt"/>
        <line num="22" count="35" type="cond" truecount="0" falsecount="1"/>
        <line num="23" count="0" type="stmt"/>
        <line num="25" count="35" type="stmt"/>
        <line num="27" count="35" type="stmt"/>
        <line num="29" count="35" type="cond" truecount="0" falsecount="1"/>
        <line num="30" count="0" type="stmt"/>
        <line num="31" count="0" type="stmt"/>
        <line num="32" count="0" type="stmt"/>
        <line num="34" count="35" type="stmt"/>
        <line num="36" count="35" type="stmt"/>
      </file>
      <file name="FilterSidebars.jsx" path="C:\Users\Lui\Downloads\siteingressoFINAL\Site-de-ingressos\FrontEnd\src\components\FilterSidebars.jsx">
        <metrics statements="93" coveredstatements="59" conditionals="8" coveredconditionals="3" methods="8" coveredmethods="1"/>
        <line num="1" count="1" type="stmt"/>
        <line num="5" count="20" type="cond" truecount="1" falsecount="0"/>
        <line num="6" count="20" type="stmt"/>
        <line num="7" count="20" type="stmt"/>
        <line num="10" count="20" type="cond" truecount="0" falsecount="1"/>
        <line num="11" count="20" type="cond" truecount="0" falsecount="1"/>
        <line num="14" count="20" type="stmt"/>
        <line num="17" count="20" type="stmt"/>
        <line num="18" count="0" type="stmt"/>
        <line num="20" count="0" type="stmt"/>
        <line num="21" count="0" type="stmt"/>
        <line num="23" count="0" type="stmt"/>
        <line num="24" count="0" type="stmt"/>
        <line num="25" count="0" type="stmt"/>
        <line num="28" count="20" type="stmt"/>
        <line num="29" count="0" type="stmt"/>
        <line num="30" count="0" type="stmt"/>
        <line num="31" count="0" type="stmt"/>
        <line num="32" count="0" type="stmt"/>
        <line num="33" count="0" type="stmt"/>
        <line num="34" count="0" type="stmt"/>
        <line num="36" count="20" type="stmt"/>
        <line num="37" count="0" type="stmt"/>
        <line num="38" count="0" type="stmt"/>
        <line num="39" count="0" type="stmt"/>
        <line num="41" count="20" type="stmt"/>
        <line num="42" count="20" type="stmt"/>
        <line num="45" count="20" type="stmt"/>
        <line num="46" count="20" type="stmt"/>
        <line num="48" count="20" type="stmt"/>
        <line num="51" count="20" type="stmt"/>
        <line num="52" count="20" type="stmt"/>
        <line num="53" count="20" type="stmt"/>
        <line num="54" count="20" type="stmt"/>
        <line num="56" count="20" type="stmt"/>
        <line num="57" count="20" type="stmt"/>
        <line num="58" count="20" type="stmt"/>
        <line num="60" count="20" type="stmt"/>
        <line num="63" count="20" type="stmt"/>
        <line num="64" count="20" type="stmt"/>
        <line num="66" count="20" type="stmt"/>
        <line num="67" count="20" type="stmt"/>
        <line num="68" count="20" type="cond" truecount="1" falsecount="0"/>
        <line num="69" count="80" type="stmt"/>
        <line num="70" count="80" type="stmt"/>
        <line num="71" count="80" type="stmt"/>
        <line num="72" count="80" type="stmt"/>
        <line num="74" count="80" type="stmt"/>
        <line num="76" count="80" type="stmt"/>
        <line num="77" count="80" type="stmt"/>
        <line num="78" count="20" type="stmt"/>
        <line num="80" count="20" type="cond" truecount="0" falsecount="1"/>
        <line num="81" count="0" type="stmt"/>
        <line num="82" count="0" type="stmt"/>
        <line num="83" count="0" type="stmt"/>
        <line num="85" count="0" type="stmt"/>
        <line num="86" count="0" type="stmt"/>
        <line num="87" count="0" type="stmt"/>
        <line num="89" count="20" type="stmt"/>
        <line num="90" count="20" type="stmt"/>
        <line num="93" count="20" type="stmt"/>
        <line num="94" count="20" type="stmt"/>
        <line num="96" count="20" type="stmt"/>
        <line num="97" count="20" type="stmt"/>
        <line num="98" count="20" type="cond" truecount="1" falsecount="0"/>
        <line num="99" count="40" type="stmt"/>
        <line num="100" count="40" type="stmt"/>
        <line num="101" count="40" type="stmt"/>
        <line num="102" count="40" type="stmt"/>
        <line num="104" count="40" type="stmt"/>
        <line num="105" count="40" type="stmt"/>
        <line num="106" count="40" type="stmt"/>
        <line num="107" count="20" type="stmt"/>
        <line num="109" count="20" type="cond" truecount="0" falsecount="1"/>
        <line num="110" count="0" type="stmt"/>
        <line num="111" count="0" type="stmt"/>
        <line num="112" count="0" type="stmt"/>
        <line num="114" count="0" type="stmt"/>
        <line num="115" count="0" type="stmt"/>
        <line num="116" count="0" type="stmt"/>
        <line num="118" count="20" type="stmt"/>
        <line num="119" count="20" type="stmt"/>
        <line num="120" count="20" type="stmt"/>
        <line num="123" count="20" type="cond" truecount="0" falsecount="1"/>
        <line num="124" count="0" type="stmt"/>
        <line num="125" count="0" type="stmt"/>
        <line num="126" count="0" type="stmt"/>
        <line num="127" count="0" type="stmt"/>
        <line num="129" count="0" type="stmt"/>
        <line num="131" count="0" type="stmt"/>
        <line num="132" count="0" type="stmt"/>
        <line num="134" count="20" type="stmt"/>
        <line num="136" count="20" type="stmt"/>
      </file>
      <file name="Footer.jsx" path="C:\Users\Lui\Downloads\siteingressoFINAL\Site-de-ingressos\FrontEnd\src\components\Footer.jsx">
        <metrics statements="49" coveredstatements="49" conditionals="1" coveredconditionals="1" methods="1" coveredmethods="1"/>
        <line num="1" count="1" type="stmt"/>
        <line num="6" count="20" type="cond" truecount="1" falsecount="0"/>
        <line num="7" count="20" type="stmt"/>
        <line num="11" count="20" type="stmt"/>
        <line num="12" count="20" type="stmt"/>
        <line num="15" count="20" type="stmt"/>
        <line num="16" count="20" type="stmt"/>
        <line num="18" count="20" type="stmt"/>
        <line num="19" count="20" type="stmt"/>
        <line num="21" count="20" type="stmt"/>
        <line num="22" count="20" type="stmt"/>
        <line num="23" count="20" type="stmt"/>
        <line num="24" count="20" type="stmt"/>
        <line num="25" count="20" type="stmt"/>
        <line num="26" count="20" type="stmt"/>
        <line num="27" count="20" type="stmt"/>
        <line num="28" count="20" type="stmt"/>
        <line num="29" count="20" type="stmt"/>
        <line num="30" count="20" type="stmt"/>
        <line num="33" count="20" type="stmt"/>
        <line num="34" count="20" type="stmt"/>
        <line num="35" count="20" type="stmt"/>
        <line num="36" count="20" type="stmt"/>
        <line num="37" count="20" type="stmt"/>
        <line num="38" count="20" type="stmt"/>
        <line num="41" count="20" type="stmt"/>
        <line num="42" count="20" type="stmt"/>
        <line num="43" count="20" type="stmt"/>
        <line num="44" count="20" type="stmt"/>
        <line num="45" count="20" type="stmt"/>
        <line num="46" count="20" type="stmt"/>
        <line num="49" count="20" type="stmt"/>
        <line num="50" count="20" type="stmt"/>
        <line num="51" count="20" type="stmt"/>
        <line num="52" count="20" type="stmt"/>
        <line num="53" count="20" type="stmt"/>
        <line num="54" count="20" type="stmt"/>
        <line num="55" count="20" type="stmt"/>
        <line num="56" count="20" type="stmt"/>
        <line num="57" count="20" type="stmt"/>
        <line num="58" count="20" type="stmt"/>
        <line num="59" count="20" type="stmt"/>
        <line num="60" count="20" type="stmt"/>
        <line num="61" count="20" type="stmt"/>
        <line num="62" count="20" type="stmt"/>
        <line num="63" count="20" type="stmt"/>
        <line num="64" count="20" type="stmt"/>
        <line num="65" count="20" type="stmt"/>
        <line num="67" count="20" type="stmt"/>
      </file>
      <file name="Navbar.jsx" path="C:\Users\Lui\Downloads\siteingressoFINAL\Site-de-ingressos\FrontEnd\src\components\Navbar.jsx">
        <metrics statements="126" coveredstatements="78" conditionals="10" coveredconditionals="5" methods="11" coveredmethods="3"/>
        <line num="1" count="1" type="stmt"/>
        <line num="9" count="20" type="cond" truecount="1" falsecount="0"/>
        <line num="10" count="20" type="stmt"/>
        <line num="11" count="20" type="stmt"/>
        <line num="12" count="20" type="stmt"/>
        <line num="13" count="20" type="stmt"/>
        <line num="14" count="20" type="stmt"/>
        <line num="15" count="20" type="stmt"/>
        <line num="16" count="20" type="stmt"/>
        <line num="17" count="20" type="stmt"/>
        <line num="18" count="20" type="stmt"/>
        <line num="19" count="20" type="stmt"/>
        <line num="20" count="20" type="stmt"/>
        <line num="22" count="20" type="stmt"/>
        <line num="23" count="0" type="stmt"/>
        <line num="24" count="0" type="stmt"/>
        <line num="26" count="20" type="cond" truecount="1" falsecount="0"/>
        <line num="27" count="1" type="stmt"/>
        <line num="28" count="1" type="cond" truecount="0" falsecount="1"/>
        <line num="29" count="0" type="stmt"/>
        <line num="30" count="1" type="stmt"/>
        <line num="31" count="1" type="cond" truecount="0" falsecount="1"/>
        <line num="32" count="1" type="stmt"/>
        <line num="33" count="1" type="stmt"/>
        <line num="35" count="20" type="stmt"/>
        <line num="36" count="0" type="stmt"/>
        <line num="37" count="0" type="stmt"/>
        <line num="38" count="0" type="stmt"/>
        <line num="40" count="20" type="stmt"/>
        <line num="41" count="20" type="stmt"/>
        <line num="43" count="20" type="stmt"/>
        <line num="45" count="20" type="stmt"/>
        <line num="48" count="20" type="stmt"/>
        <line num="49" count="20" type="stmt"/>
        <line num="50" count="20" type="stmt"/>
        <line num="51" count="20" type="cond" truecount="0" falsecount="1"/>
        <line num="53" count="20" type="cond" truecount="0" falsecount="1"/>
        <line num="54" count="20" type="stmt"/>
        <line num="56" count="20" type="stmt"/>
        <line num="57" count="20" type="stmt"/>
        <line num="58" count="20" type="stmt"/>
        <line num="59" count="20" type="stmt"/>
        <line num="61" count="20" type="stmt"/>
        <line num="62" count="20" type="stmt"/>
        <line num="64" count="20" type="stmt"/>
        <line num="65" count="20" type="stmt"/>
        <line num="66" count="20" type="stmt"/>
        <line num="67" count="20" type="stmt"/>
        <line num="68" count="20" type="stmt"/>
        <line num="69" count="20" type="stmt"/>
        <line num="70" count="20" type="stmt"/>
        <line num="71" count="20" type="stmt"/>
        <line num="72" count="20" type="stmt"/>
        <line num="75" count="20" type="stmt"/>
        <line num="77" count="20" type="stmt"/>
        <line num="78" count="20" type="stmt"/>
        <line num="79" count="20" type="cond" truecount="1" falsecount="0"/>
        <line num="80" count="20" type="stmt"/>
        <line num="81" count="20" type="stmt"/>
        <line num="83" count="20" type="stmt"/>
        <line num="84" count="20" type="stmt"/>
        <line num="86" count="20" type="stmt"/>
        <line num="87" count="20" type="stmt"/>
        <line num="88" count="20" type="stmt"/>
        <line num="89" count="20" type="stmt"/>
        <line num="91" count="20" type="stmt"/>
        <line num="92" count="20" type="stmt"/>
        <line num="93" count="20" type="stmt"/>
        <line num="95" count="20" type="stmt"/>
        <line num="96" count="20" type="stmt"/>
        <line num="97" count="20" type="stmt"/>
        <line num="98" count="20" type="stmt"/>
        <line num="99" count="20" type="cond" truecount="1" falsecount="0"/>
        <line num="100" count="1" type="cond" truecount="1" falsecount="0"/>
        <line num="101" count="19" type="stmt"/>
        <line num="102" count="20" type="stmt"/>
        <line num="104" count="20" type="stmt"/>
        <line num="105" count="20" type="stmt"/>
        <line num="106" count="20" type="stmt"/>
        <line num="107" count="20" type="stmt"/>
        <line num="108" count="20" type="stmt"/>
        <line num="111" count="20" type="cond" truecount="0" falsecount="1"/>
        <line num="114" count="0" type="stmt"/>
        <line num="115" count="0" type="stmt"/>
        <line num="117" count="0" type="stmt"/>
        <line num="118" count="0" type="stmt"/>
        <line num="119" count="0" type="stmt"/>
        <line num="120" count="0" type="stmt"/>
        <line num="121" count="0" type="stmt"/>
        <line num="122" count="0" type="stmt"/>
        <line num="123" count="0" type="stmt"/>
        <line num="125" count="0" type="stmt"/>
        <line num="126" count="0" type="stmt"/>
        <line num="127" count="0" type="stmt"/>
        <line num="128" count="0" type="stmt"/>
        <line num="129" count="0" type="stmt"/>
        <line num="130" count="0" type="stmt"/>
        <line num="131" count="0" type="stmt"/>
        <line num="132" count="0" type="stmt"/>
        <line num="133" count="0" type="stmt"/>
        <line num="135" count="0" type="stmt"/>
        <line num="136" count="0" type="stmt"/>
        <line num="137" count="0" type="stmt"/>
        <line num="138" count="0" type="stmt"/>
        <line num="140" count="0" type="stmt"/>
        <line num="141" count="0" type="stmt"/>
        <line num="142" count="0" type="stmt"/>
        <line num="144" count="0" type="stmt"/>
        <line num="145" count="0" type="stmt"/>
        <line num="146" count="0" type="stmt"/>
        <line num="148" count="0" type="stmt"/>
        <line num="149" count="0" type="stmt"/>
        <line num="150" count="0" type="stmt"/>
        <line num="151" count="0" type="stmt"/>
        <line num="152" count="0" type="stmt"/>
        <line num="153" count="0" type="stmt"/>
        <line num="156" count="0" type="stmt"/>
        <line num="157" count="0" type="stmt"/>
        <line num="158" count="0" type="stmt"/>
        <line num="159" count="0" type="stmt"/>
        <line num="160" count="0" type="stmt"/>
        <line num="161" count="0" type="stmt"/>
        <line num="163" count="0" type="stmt"/>
        <line num="164" count="0" type="stmt"/>
        <line num="166" count="20" type="stmt"/>
        <line num="168" count="20" type="stmt"/>
      </file>
      <file name="OrderSuccess.jsx" path="C:\Users\Lui\Downloads\siteingressoFINAL\Site-de-ingressos\FrontEnd\src\components\OrderSuccess.jsx">
        <metrics statements="78" coveredstatements="78" conditionals="4" coveredconditionals="4" methods="1" coveredmethods="1"/>
        <line num="1" count="1" type="stmt"/>
        <line num="7" count="12" type="cond" truecount="1" falsecount="0"/>
        <line num="8" count="12" type="stmt"/>
        <line num="9" count="12" type="stmt"/>
        <line num="11" count="12" type="cond" truecount="1" falsecount="0"/>
        <line num="12" count="12" type="stmt"/>
        <line num="13" count="12" type="stmt"/>
        <line num="15" count="12" type="cond" truecount="1" falsecount="0"/>
        <line num="16" count="1" type="stmt"/>
        <line num="17" count="1" type="stmt"/>
        <line num="18" count="1" type="stmt"/>
        <line num="19" count="1" type="stmt"/>
        <line num="21" count="1" type="stmt"/>
        <line num="22" count="1" type="stmt"/>
        <line num="24" count="1" type="stmt"/>
        <line num="25" count="1" type="stmt"/>
        <line num="27" count="1" type="cond" truecount="1" falsecount="0"/>
        <line num="29" count="11" type="stmt"/>
        <line num="30" count="11" type="stmt"/>
        <line num="31" count="11" type="stmt"/>
        <line num="32" count="11" type="stmt"/>
        <line num="34" count="11" type="stmt"/>
        <line num="35" count="11" type="stmt"/>
        <line num="36" count="11" type="stmt"/>
        <line num="37" count="11" type="stmt"/>
        <line num="38" count="11" type="stmt"/>
        <line num="39" count="11" type="stmt"/>
        <line num="41" count="11" type="stmt"/>
        <line num="42" count="11" type="stmt"/>
        <line num="43" count="11" type="stmt"/>
        <line num="46" count="11" type="stmt"/>
        <line num="47" count="11" type="stmt"/>
        <line num="48" count="11" type="stmt"/>
        <line num="49" count="11" type="stmt"/>
        <line num="52" count="11" type="stmt"/>
        <line num="53" count="11" type="stmt"/>
        <line num="55" count="11" type="stmt"/>
        <line num="58" count="11" type="stmt"/>
        <line num="59" count="11" type="stmt"/>
        <line num="60" count="11" type="stmt"/>
        <line num="61" count="11" type="stmt"/>
        <line num="63" count="11" type="stmt"/>
        <line num="65" count="11" type="stmt"/>
        <line num="66" count="11" type="stmt"/>
        <line num="67" count="11" type="stmt"/>
        <line num="68" count="11" type="stmt"/>
        <line num="70" count="11" type="stmt"/>
        <line num="73" count="11" type="stmt"/>
        <line num="74" count="11" type="stmt"/>
        <line num="75" count="11" type="stmt"/>
        <line num="77" count="11" type="stmt"/>
        <line num="78" count="11" type="stmt"/>
        <line num="79" count="11" type="stmt"/>
        <line num="80" count="11" type="stmt"/>
        <line num="81" count="11" type="stmt"/>
        <line num="82" count="11" type="stmt"/>
        <line num="83" count="11" type="stmt"/>
        <line num="84" count="11" type="stmt"/>
        <line num="85" count="11" type="stmt"/>
        <line num="86" count="11" type="stmt"/>
        <line num="87" count="11" type="stmt"/>
        <line num="88" count="11" type="stmt"/>
        <line num="90" count="11" type="stmt"/>
        <line num="91" count="11" type="stmt"/>
        <line num="93" count="11" type="stmt"/>
        <line num="94" count="11" type="stmt"/>
        <line num="95" count="11" type="stmt"/>
        <line num="96" count="11" type="stmt"/>
        <line num="97" count="11" type="stmt"/>
        <line num="98" count="11" type="stmt"/>
        <line num="101" count="11" type="stmt"/>
        <line num="102" count="11" type="stmt"/>
        <line num="103" count="11" type="stmt"/>
        <line num="104" count="11" type="stmt"/>
        <line num="106" count="11" type="stmt"/>
        <line num="107" count="11" type="stmt"/>
        <line num="108" count="11" type="stmt"/>
        <line num="110" count="11" type="stmt"/>
      </file>
      <file name="ParallaxImage.jsx" path="C:\Users\Lui\Downloads\siteingressoFINAL\Site-de-ingressos\FrontEnd\src\components\ParallaxImage.jsx">
        <metrics statements="22" coveredstatements="22" conditionals="1" coveredconditionals="1" methods="1" coveredmethods="1"/>
        <line num="1" count="1" type="stmt"/>
        <line num="5" count="7" type="cond" truecount="1" falsecount="0"/>
        <line num="7" count="7" type="stmt"/>
        <line num="10" count="7" type="stmt"/>
        <line num="12" count="7" type="stmt"/>
        <line num="13" count="7" type="stmt"/>
        <line num="14" count="7" type="stmt"/>
        <line num="15" count="7" type="stmt"/>
        <line num="18" count="7" type="stmt"/>
        <line num="19" count="7" type="stmt"/>
        <line num="20" count="7" type="stmt"/>
        <line num="21" count="7" type="stmt"/>
        <line num="26" count="7" type="stmt"/>
        <line num="27" count="7" type="stmt"/>
        <line num="30" count="7" type="stmt"/>
        <line num="31" count="7" type="stmt"/>
        <line num="32" count="7" type="stmt"/>
        <line num="33" count="7" type="stmt"/>
        <line num="34" count="7" type="stmt"/>
        <line num="37" count="7" type="stmt"/>
        <line num="38" count="7" type="stmt"/>
        <line num="40" count="7" type="stmt"/>
      </file>
      <file name="SearchBar.jsx" path="C:\Users\Lui\Downloads\siteingressoFINAL\Site-de-ingressos\FrontEnd\src\components\SearchBar.jsx">
        <metrics statements="27" coveredstatements="27" conditionals="5" coveredconditionals="5" methods="1" coveredmethods="1"/>
        <line num="1" count="1" type="stmt"/>
        <line num="5" count="20" type="cond" truecount="1" falsecount="0"/>
        <line num="7" count="20" type="cond" truecount="1" falsecount="0"/>
        <line num="9" count="20" type="stmt"/>
        <line num="10" count="20" type="stmt"/>
        <line num="11" count="20" type="stmt"/>
        <line num="12" count="20" type="stmt"/>
        <line num="13" count="20" type="stmt"/>
        <line num="15" count="20" type="stmt"/>
        <line num="17" count="20" type="stmt"/>
        <line num="18" count="20" type="stmt"/>
        <line num="19" count="20" type="stmt"/>
        <line num="20" count="20" type="stmt"/>
        <line num="21" count="20" type="stmt"/>
        <line num="22" count="20" type="stmt"/>
        <line num="24" count="20" type="cond" truecount="2" falsecount="0"/>
        <line num="26" count="20" type="stmt"/>
        <line num="28" count="20" type="cond" truecount="1" falsecount="0"/>
        <line num="29" count="3" type="stmt"/>
        <line num="30" count="3" type="stmt"/>
        <line num="31" count="3" type="stmt"/>
        <line num="32" count="3" type="stmt"/>
        <line num="33" count="3" type="stmt"/>
        <line num="35" count="3" type="stmt"/>
        <line num="36" count="3" type="stmt"/>
        <line num="38" count="20" type="stmt"/>
        <line num="40" count="20" type="stmt"/>
      </file>
      <file name="ShowCard.jsx" path="C:\Users\Lui\Downloads\siteingressoFINAL\Site-de-ingressos\FrontEnd\src\components\ShowCard.jsx">
        <metrics statements="30" coveredstatements="30" conditionals="2" coveredconditionals="1" methods="1" coveredmethods="1"/>
        <line num="1" count="1" type="stmt"/>
        <line num="3" count="6" type="cond" truecount="1" falsecount="0"/>
        <line num="4" count="6" type="stmt"/>
        <line num="5" count="6" type="cond" truecount="0" falsecount="1"/>
        <line num="7" count="6" type="stmt"/>
        <line num="8" count="6" type="stmt"/>
        <line num="9" count="6" type="stmt"/>
        <line num="10" count="6" type="stmt"/>
        <line num="11" count="6" type="stmt"/>
        <line num="12" count="6" type="stmt"/>
        <line num="13" count="6" type="stmt"/>
        <line num="14" count="6" type="stmt"/>
        <line num="15" count="6" type="stmt"/>
        <line num="16" count="6" type="stmt"/>
        <line num="17" count="6" type="stmt"/>
        <line num="18" count="6" type="stmt"/>
        <line num="19" count="6" type="stmt"/>
        <line num="20" count="6" type="stmt"/>
        <line num="21" count="6" type="stmt"/>
        <line num="22" count="6" type="stmt"/>
        <line num="23" count="6" type="stmt"/>
        <line num="24" count="6" type="stmt"/>
        <line num="25" count="6" type="stmt"/>
        <line num="26" count="6" type="stmt"/>
        <line num="27" count="6" type="stmt"/>
        <line num="29" count="6" type="stmt"/>
        <line num="31" count="6" type="stmt"/>
        <line num="32" count="6" type="stmt"/>
        <line num="33" count="6" type="stmt"/>
        <line num="35" count="6" type="stmt"/>
      </file>
      <file name="SimpleFooter.jsx" path="C:\Users\Lui\Downloads\siteingressoFINAL\Site-de-ingressos\FrontEnd\src\components\SimpleFooter.jsx">
        <metrics statements="8" coveredstatements="0" conditionals="1" coveredconditionals="0" methods="1" coveredmethods="0"/>
        <line num="1" count="0" type="cond" truecount="0" falsecount="1"/>
        <line num="2" count="0" type="stmt"/>
        <line num="3" count="0" type="stmt"/>
        <line num="4" count="0" type="stmt"/>
        <line num="5" count="0" type="stmt"/>
        <line num="7" count="0" type="stmt"/>
        <line num="8" count="0" type="stmt"/>
        <line num="10" count="0" type="stmt"/>
      </file>
    </package>
    <package name="FrontEnd.src.components.buttons">
      <metrics statements="17" coveredstatements="17" conditionals="2" coveredconditionals="2" methods="2" coveredmethods="2"/>
      <file name="button1.jsx" path="C:\Users\Lui\Downloads\siteingressoFINAL\Site-de-ingressos\FrontEnd\src\components\buttons\button1.jsx">
        <metrics statements="9" coveredstatements="9" conditionals="1" coveredconditionals="1" methods="1" coveredmethods="1"/>
        <line num="1" count="21" type="cond" truecount="1" falsecount="0"/>
        <line num="2" count="21" type="stmt"/>
        <line num="3" count="21" type="stmt"/>
        <line num="4" count="21" type="stmt"/>
        <line num="5" count="21" type="stmt"/>
        <line num="6" count="21" type="stmt"/>
        <line num="8" count="21" type="stmt"/>
        <line num="9" count="21" type="stmt"/>
        <line num="11" count="21" type="stmt"/>
      </file>
      <file name="button2.jsx" path="C:\Users\Lui\Downloads\siteingressoFINAL\Site-de-ingressos\FrontEnd\src\components\buttons\button2.jsx">
        <metrics statements="8" coveredstatements="8" conditionals="1" coveredconditionals="1" methods="1" coveredmethods="1"/>
        <line num="1" count="20" type="cond" truecount="1" falsecount="0"/>
        <line num="2" count="20" type="stmt"/>
        <line num="3" count="20" type="stmt"/>
        <line num="4" count="20" type="stmt"/>
        <line num="5" count="20" type="stmt"/>
        <line num="7" count="20" type="stmt"/>
        <line num="8" count="20" type="stmt"/>
        <line num="10" count="20" type="stmt"/>
      </file>
    </package>
    <package name="FrontEnd.src.data">
      <metrics statements="118" coveredstatements="34" conditionals="1" coveredconditionals="0" methods="1" coveredmethods="0"/>
      <file name="FAQ.js" path="C:\Users\Lui\Downloads\siteingressoFINAL\Site-de-ingressos\FrontEnd\src\data\FAQ.js">
        <metrics statements="34" coveredstatements="34" conditionals="0" coveredconditionals="0" methods="0" coveredmethods="0"/>
        <line num="1" count="1" type="stmt"/>
        <line num="2" count="1" type="stmt"/>
        <line num="3" count="1" type="stmt"/>
        <line num="4" count="1" type="stmt"/>
        <line num="5" count="1" type="stmt"/>
        <line num="6" count="1" type="stmt"/>
        <line num="7" count="1" type="stmt"/>
        <line num="8" count="1" type="stmt"/>
        <line num="9" count="1" type="stmt"/>
        <line num="10" count="1" type="stmt"/>
        <line num="11" count="1" type="stmt"/>
        <line num="12" count="1" type="stmt"/>
        <line num="13" count="1" type="stmt"/>
        <line num="14" count="1" type="stmt"/>
        <line num="15" count="1" type="stmt"/>
        <line num="16" count="1" type="stmt"/>
        <line num="17" count="1" type="stmt"/>
        <line num="18" count="1" type="stmt"/>
        <line num="19" count="1" type="stmt"/>
        <line num="20" count="1" type="stmt"/>
        <line num="21" count="1" type="stmt"/>
        <line num="22" count="1" type="stmt"/>
        <line num="23" count="1" type="stmt"/>
        <line num="24" count="1" type="stmt"/>
        <line num="25" count="1" type="stmt"/>
        <line num="26" count="1" type="stmt"/>
        <line num="27" count="1" type="stmt"/>
        <line num="28" count="1" type="stmt"/>
        <line num="29" count="1" type="stmt"/>
        <line num="30" count="1" type="stmt"/>
        <line num="31" count="1" type="stmt"/>
        <line num="32" count="1" type="stmt"/>
        <line num="33" count="1" type="stmt"/>
        <line num="34" count="1" type="stmt"/>
      </file>
      <file name="shows.js" path="C:\Users\Lui\Downloads\siteingressoFINAL\Site-de-ingressos\FrontEnd\src\data\shows.js">
        <metrics statements="84" coveredstatements="0" conditionals="1" coveredconditionals="0" methods="1" coveredmethods="0"/>
        <line num="1" count="0" type="cond" truecount="0" falsecount="1"/>
        <line num="2" count="0" type="stmt"/>
        <line num="3" count="0" type="stmt"/>
        <line num="4" count="0" type="stmt"/>
        <line num="5" count="0" type="stmt"/>
        <line num="6" count="0" type="stmt"/>
        <line num="7" count="0" type="stmt"/>
        <line num="8" count="0" type="stmt"/>
        <line num="9" count="0" type="stmt"/>
        <line num="10" count="0" type="stmt"/>
        <line num="11" count="0" type="stmt"/>
        <line num="12" count="0" type="stmt"/>
        <line num="13" count="0" type="stmt"/>
        <line num="14" count="0" type="stmt"/>
        <line num="15" count="0" type="stmt"/>
        <line num="16" count="0" type="stmt"/>
        <line num="17" count="0" type="stmt"/>
        <line num="18" count="0" type="stmt"/>
        <line num="19" count="0" type="stmt"/>
        <line num="20" count="0" type="stmt"/>
        <line num="21" count="0" type="stmt"/>
        <line num="22" count="0" type="stmt"/>
        <line num="23" count="0" type="stmt"/>
        <line num="24" count="0" type="stmt"/>
        <line num="25" count="0" type="stmt"/>
        <line num="26" count="0" type="stmt"/>
        <line num="27" count="0" type="stmt"/>
        <line num="28" count="0" type="stmt"/>
        <line num="29" count="0" type="stmt"/>
        <line num="30" count="0" type="stmt"/>
        <line num="31" count="0" type="stmt"/>
        <line num="32" count="0" type="stmt"/>
        <line num="33" count="0" type="stmt"/>
        <line num="34" count="0" type="stmt"/>
        <line num="35" count="0" type="stmt"/>
        <line num="36" count="0" type="stmt"/>
        <line num="37" count="0" type="stmt"/>
        <line num="38" count="0" type="stmt"/>
        <line num="39" count="0" type="stmt"/>
        <line num="40" count="0" type="stmt"/>
        <line num="41" count="0" type="stmt"/>
        <line num="42" count="0" type="stmt"/>
        <line num="43" count="0" type="stmt"/>
        <line num="44" count="0" type="stmt"/>
        <line num="45" count="0" type="stmt"/>
        <line num="46" count="0" type="stmt"/>
        <line num="47" count="0" type="stmt"/>
        <line num="48" count="0" type="stmt"/>
        <line num="49" count="0" type="stmt"/>
        <line num="50" count="0" type="stmt"/>
        <line num="51" count="0" type="stmt"/>
        <line num="52" count="0" type="stmt"/>
        <line num="53" count="0" type="stmt"/>
        <line num="54" count="0" type="stmt"/>
        <line num="55" count="0" type="stmt"/>
        <line num="56" count="0" type="stmt"/>
        <line num="57" count="0" type="stmt"/>
        <line num="58" count="0" type="stmt"/>
        <line num="59" count="0" type="stmt"/>
        <line num="60" count="0" type="stmt"/>
        <line num="61" count="0" type="stmt"/>
        <line num="62" count="0" type="stmt"/>
        <line num="63" count="0" type="stmt"/>
        <line num="64" count="0" type="stmt"/>
        <line num="65" count="0" type="stmt"/>
        <line num="66" count="0" type="stmt"/>
        <line num="67" count="0" type="stmt"/>
        <line num="68" count="0" type="stmt"/>
        <line num="69" count="0" type="stmt"/>
        <line num="70" count="0" type="stmt"/>
        <line num="71" count="0" type="stmt"/>
        <line num="72" count="0" type="stmt"/>
        <line num="73" count="0" type="stmt"/>
        <line num="74" count="0" type="stmt"/>
        <line num="75" count="0" type="stmt"/>
        <line num="76" count="0" type="stmt"/>
        <line num="77" count="0" type="stmt"/>
        <line num="78" count="0" type="stmt"/>
        <line num="79" count="0" type="stmt"/>
        <line num="80" count="0" type="stmt"/>
        <line num="81" count="0" type="stmt"/>
        <line num="82" count="0" type="stmt"/>
        <line num="83" count="0" type="stmt"/>
        <line num="84" count="0" type="stmt"/>
      </file>
    </package>
    <package name="FrontEnd.src.pages">
      <metrics statements="553" coveredstatements="493" conditionals="98" coveredconditionals="85" methods="15" coveredmethods="8"/>
      <file name="Home.jsx" path="C:\Users\Lui\Downloads\siteingressoFINAL\Site-de-ingressos\FrontEnd\src\pages\Home.jsx">
        <metrics statements="210" coveredstatements="177" conditionals="31" coveredconditionals="23" methods="5" coveredmethods="1"/>
        <line num="1" count="1" type="stmt"/>
        <line num="19" count="27" type="cond" truecount="1" falsecount="0"/>
        <line num="21" count="27" type="stmt"/>
        <line num="22" count="27" type="stmt"/>
        <line num="23" count="27" type="stmt"/>
        <line num="25" count="27" type="stmt"/>
        <line num="26" count="27" type="stmt"/>
        <line num="30" count="27" type="stmt"/>
        <line num="31" count="27" type="stmt"/>
        <line num="33" count="27" type="stmt"/>
        <line num="35" count="27" type="stmt"/>
        <line num="37" count="27" type="stmt"/>
        <line num="39" count="27" type="stmt"/>
        <line num="42" count="27" type="stmt"/>
        <line num="43" count="27" type="stmt"/>
        <line num="44" count="27" type="stmt"/>
        <line num="46" count="27" type="cond" truecount="1" falsecount="0"/>
        <line num="47" count="15" type="stmt"/>
        <line num="48" count="0" type="stmt"/>
        <line num="49" count="0" type="stmt"/>
        <line num="50" count="0" type="stmt"/>
        <line num="51" count="15" type="stmt"/>
        <line num="52" count="15" type="cond" truecount="1" falsecount="0"/>
        <line num="53" count="27" type="stmt"/>
        <line num="55" count="27" type="stmt"/>
        <line num="56" count="0" type="stmt"/>
        <line num="57" count="0" type="stmt"/>
        <line num="58" count="0" type="stmt"/>
        <line num="59" count="0" type="stmt"/>
        <line num="60" count="0" type="stmt"/>
        <line num="62" count="0" type="stmt"/>
        <line num="63" count="0" type="stmt"/>
        <line num="64" count="0" type="stmt"/>
        <line num="65" count="0" type="stmt"/>
        <line num="66" count="0" type="stmt"/>
        <line num="67" count="0" type="stmt"/>
        <line num="68" count="0" type="stmt"/>
        <line num="69" count="0" type="stmt"/>
        <line num="70" count="0" type="stmt"/>
        <line num="71" count="0" type="stmt"/>
        <line num="72" count="0" type="stmt"/>
        <line num="74" count="27" type="cond" truecount="1" falsecount="0"/>
        <line num="75" count="15" type="stmt"/>
        <line num="76" count="15" type="cond" truecount="1" falsecount="0"/>
        <line num="77" count="15" type="cond" truecount="0" falsecount="1"/>
        <line num="78" count="15" type="stmt"/>
        <line num="79" count="15" type="stmt"/>
        <line num="80" count="15" type="cond" truecount="1" falsecount="0"/>
        <line num="81" count="15" type="stmt"/>
        <line num="82" count="15" type="stmt"/>
        <line num="83" count="15" type="stmt"/>
        <line num="84" count="15" type="stmt"/>
        <line num="85" count="0" type="stmt"/>
        <line num="86" count="0" type="stmt"/>
        <line num="87" count="0" type="stmt"/>
        <line num="88" count="15" type="stmt"/>
        <line num="89" count="27" type="stmt"/>
        <line num="91" count="27" type="cond" truecount="1" falsecount="0"/>
        <line num="92" count="25" type="stmt"/>
        <line num="93" count="25" type="cond" truecount="2" falsecount="0"/>
        <line num="95" count="25" type="cond" truecount="1" falsecount="0"/>
        <line num="96" count="5" type="cond" truecount="1" falsecount="0"/>
        <line num="97" count="2" type="stmt"/>
        <line num="98" count="5" type="stmt"/>
        <line num="99" count="5" type="stmt"/>
        <line num="101" count="25" type="cond" truecount="0" falsecount="1"/>
        <line num="102" count="0" type="stmt"/>
        <line num="103" count="0" type="stmt"/>
        <line num="105" count="25" type="cond" truecount="0" falsecount="1"/>
        <line num="106" count="0" type="stmt"/>
        <line num="107" count="0" type="stmt"/>
        <line num="109" count="25" type="stmt"/>
        <line num="110" count="27" type="stmt"/>
        <line num="112" count="27" type="cond" truecount="1" falsecount="0"/>
        <line num="113" count="22" type="stmt"/>
        <line num="114" count="27" type="stmt"/>
        <line num="116" count="27" type="cond" truecount="2" falsecount="0"/>
        <line num="117" count="27" type="cond" truecount="1" falsecount="1"/>
        <line num="119" count="7" type="stmt"/>
        <line num="120" count="7" type="stmt"/>
        <line num="123" count="7" type="stmt"/>
        <line num="124" count="7" type="stmt"/>
        <line num="125" count="7" type="stmt"/>
        <line num="126" count="7" type="stmt"/>
        <line num="127" count="7" type="stmt"/>
        <line num="128" count="7" type="stmt"/>
        <line num="129" count="7" type="stmt"/>
        <line num="130" count="7" type="stmt"/>
        <line num="131" count="7" type="stmt"/>
        <line num="132" count="7" type="stmt"/>
        <line num="133" count="7" type="stmt"/>
        <line num="135" count="7" type="cond" truecount="1" falsecount="0"/>
        <line num="136" count="7" type="stmt"/>
        <line num="137" count="7" type="stmt"/>
        <line num="139" count="7" type="stmt"/>
        <line num="140" count="7" type="stmt"/>
        <line num="141" count="7" type="stmt"/>
        <line num="142" count="7" type="stmt"/>
        <line num="143" count="7" type="stmt"/>
        <line num="144" count="7" type="stmt"/>
        <line num="145" count="7" type="stmt"/>
        <line num="146" count="7" type="stmt"/>
        <line num="149" count="7" type="stmt"/>
        <line num="150" count="7" type="stmt"/>
        <line num="151" count="7" type="stmt"/>
        <line num="152" count="7" type="stmt"/>
        <line num="153" count="27" type="cond" truecount="1" falsecount="1"/>
        <line num="155" count="27" type="cond" truecount="0" falsecount="1"/>
        <line num="156" count="0" type="cond" truecount="1" falsecount="0"/>
        <line num="158" count="7" type="stmt"/>
        <line num="160" count="27" type="stmt"/>
        <line num="161" count="27" type="stmt"/>
        <line num="164" count="27" type="stmt"/>
        <line num="165" count="27" type="stmt"/>
        <line num="167" count="27" type="stmt"/>
        <line num="168" count="27" type="stmt"/>
        <line num="169" count="27" type="stmt"/>
        <line num="170" count="27" type="stmt"/>
        <line num="171" count="27" type="stmt"/>
        <line num="172" count="27" type="stmt"/>
        <line num="174" count="27" type="stmt"/>
        <line num="175" count="27" type="stmt"/>
        <line num="176" count="27" type="stmt"/>
        <line num="177" count="27" type="stmt"/>
        <line num="178" count="27" type="stmt"/>
        <line num="179" count="27" type="stmt"/>
        <line num="180" count="27" type="stmt"/>
        <line num="182" count="27" type="stmt"/>
        <line num="184" count="27" type="stmt"/>
        <line num="186" count="27" type="stmt"/>
        <line num="187" count="27" type="cond" truecount="1" falsecount="1"/>
        <line num="189" count="27" type="stmt"/>
        <line num="190" count="27" type="stmt"/>
        <line num="192" count="27" type="stmt"/>
        <line num="193" count="27" type="cond" truecount="1" falsecount="1"/>
        <line num="195" count="27" type="stmt"/>
        <line num="196" count="27" type="stmt"/>
        <line num="198" count="27" type="stmt"/>
        <line num="199" count="27" type="stmt"/>
        <line num="200" count="27" type="stmt"/>
        <line num="201" count="27" type="stmt"/>
        <line num="202" count="27" type="stmt"/>
        <line num="203" count="27" type="stmt"/>
        <line num="204" count="27" type="stmt"/>
        <line num="205" count="27" type="stmt"/>
        <line num="207" count="27" type="stmt"/>
        <line num="208" count="0" type="stmt"/>
        <line num="209" count="0" type="stmt"/>
        <line num="210" count="0" type="stmt"/>
        <line num="211" count="27" type="stmt"/>
        <line num="212" count="0" type="stmt"/>
        <line num="213" count="0" type="stmt"/>
        <line num="214" count="0" type="stmt"/>
        <line num="216" count="27" type="stmt"/>
        <line num="217" count="27" type="stmt"/>
        <line num="218" count="27" type="stmt"/>
        <line num="219" count="27" type="stmt"/>
        <line num="220" count="27" type="stmt"/>
        <line num="221" count="27" type="stmt"/>
        <line num="223" count="27" type="cond" truecount="1" falsecount="0"/>
        <line num="224" count="6" type="cond" truecount="1" falsecount="0"/>
        <line num="225" count="6" type="stmt"/>
        <line num="226" count="6" type="stmt"/>
        <line num="227" count="6" type="stmt"/>
        <line num="228" count="6" type="stmt"/>
        <line num="230" count="6" type="stmt"/>
        <line num="231" count="6" type="stmt"/>
        <line num="232" count="6" type="stmt"/>
        <line num="233" count="6" type="cond" truecount="1" falsecount="0"/>
        <line num="235" count="1" type="stmt"/>
        <line num="236" count="1" type="stmt"/>
        <line num="237" count="1" type="stmt"/>
        <line num="238" count="1" type="stmt"/>
        <line num="240" count="1" type="stmt"/>
        <line num="241" count="1" type="stmt"/>
        <line num="243" count="1" type="stmt"/>
        <line num="244" count="1" type="stmt"/>
        <line num="245" count="1" type="stmt"/>
        <line num="247" count="27" type="stmt"/>
        <line num="248" count="27" type="stmt"/>
        <line num="249" count="27" type="stmt"/>
        <line num="250" count="27" type="stmt"/>
        <line num="252" count="27" type="stmt"/>
        <line num="253" count="27" type="stmt"/>
        <line num="254" count="27" type="stmt"/>
        <line num="256" count="27" type="stmt"/>
        <line num="257" count="27" type="stmt"/>
        <line num="258" count="27" type="stmt"/>
        <line num="260" count="27" type="stmt"/>
        <line num="261" count="27" type="stmt"/>
        <line num="262" count="27" type="stmt"/>
        <line num="264" count="27" type="stmt"/>
        <line num="265" count="27" type="stmt"/>
        <line num="266" count="27" type="stmt"/>
        <line num="268" count="27" type="stmt"/>
        <line num="269" count="27" type="stmt"/>
        <line num="270" count="27" type="stmt"/>
        <line num="271" count="27" type="stmt"/>
        <line num="272" count="27" type="stmt"/>
        <line num="274" count="27" type="stmt"/>
        <line num="276" count="27" type="stmt"/>
        <line num="277" count="27" type="stmt"/>
        <line num="278" count="27" type="stmt"/>
        <line num="279" count="27" type="stmt"/>
        <line num="280" count="27" type="stmt"/>
        <line num="281" count="27" type="stmt"/>
        <line num="282" count="27" type="stmt"/>
        <line num="283" count="27" type="stmt"/>
        <line num="284" count="27" type="stmt"/>
        <line num="286" count="27" type="stmt"/>
      </file>
      <file name="ShowDetails.jsx" path="C:\Users\Lui\Downloads\siteingressoFINAL\Site-de-ingressos\FrontEnd\src\pages\ShowDetails.jsx">
        <metrics statements="343" coveredstatements="316" conditionals="67" coveredconditionals="62" methods="10" coveredmethods="7"/>
        <line num="1" count="1" type="stmt"/>
        <line num="8" count="20" type="cond" truecount="1" falsecount="0"/>
        <line num="9" count="20" type="stmt"/>
        <line num="10" count="20" type="stmt"/>
        <line num="13" count="20" type="cond" truecount="1" falsecount="0"/>
        <line num="14" count="7" type="stmt"/>
        <line num="15" count="20" type="stmt"/>
        <line num="18" count="20" type="stmt"/>
        <line num="19" count="20" type="stmt"/>
        <line num="20" count="20" type="stmt"/>
        <line num="22" count="20" type="stmt"/>
        <line num="23" count="20" type="stmt"/>
        <line num="26" count="20" type="stmt"/>
        <line num="29" count="20" type="stmt"/>
        <line num="32" count="20" type="cond" truecount="1" falsecount="0"/>
        <line num="33" count="7" type="stmt"/>
        <line num="34" count="0" type="stmt"/>
        <line num="35" count="0" type="stmt"/>
        <line num="36" count="0" type="stmt"/>
        <line num="38" count="7" type="stmt"/>
        <line num="39" count="7" type="cond" truecount="1" falsecount="0"/>
        <line num="40" count="20" type="stmt"/>
        <line num="43" count="20" type="stmt"/>
        <line num="44" count="0" type="stmt"/>
        <line num="46" count="0" type="stmt"/>
        <line num="47" count="0" type="stmt"/>
        <line num="48" count="0" type="stmt"/>
        <line num="49" count="0" type="stmt"/>
        <line num="51" count="0" type="stmt"/>
        <line num="52" count="0" type="stmt"/>
        <line num="53" count="0" type="stmt"/>
        <line num="54" count="0" type="stmt"/>
        <line num="56" count="0" type="stmt"/>
        <line num="57" count="0" type="stmt"/>
        <line num="58" count="0" type="stmt"/>
        <line num="59" count="0" type="stmt"/>
        <line num="60" count="0" type="stmt"/>
        <line num="61" count="0" type="stmt"/>
        <line num="62" count="0" type="stmt"/>
        <line num="65" count="20" type="cond" truecount="1" falsecount="0"/>
        <line num="66" count="7" type="stmt"/>
        <line num="67" count="7" type="cond" truecount="1" falsecount="0"/>
        <line num="68" count="6" type="cond" truecount="2" falsecount="0"/>
        <line num="69" count="5" type="stmt"/>
        <line num="70" count="7" type="stmt"/>
        <line num="71" count="7" type="cond" truecount="1" falsecount="0"/>
        <line num="72" count="5" type="stmt"/>
        <line num="73" count="5" type="stmt"/>
        <line num="74" count="5" type="cond" truecount="1" falsecount="0"/>
        <line num="75" count="8" type="stmt"/>
        <line num="76" count="8" type="stmt"/>
        <line num="77" count="5" type="stmt"/>
        <line num="78" count="5" type="stmt"/>
        <line num="79" count="5" type="stmt"/>
        <line num="80" count="5" type="stmt"/>
        <line num="81" count="7" type="stmt"/>
        <line num="82" count="7" type="cond" truecount="1" falsecount="0"/>
        <line num="83" count="1" type="stmt"/>
        <line num="84" count="1" type="stmt"/>
        <line num="85" count="1" type="stmt"/>
        <line num="86" count="7" type="stmt"/>
        <line num="87" count="20" type="stmt"/>
        <line num="89" count="20" type="stmt"/>
        <line num="90" count="20" type="cond" truecount="1" falsecount="0"/>
        <line num="91" count="20" type="stmt"/>
        <line num="92" count="20" type="stmt"/>
        <line num="94" count="20" type="cond" truecount="1" falsecount="0"/>
        <line num="96" count="20" type="cond" truecount="1" falsecount="0"/>
        <line num="97" count="5" type="cond" truecount="1" falsecount="0"/>
        <line num="98" count="5" type="stmt"/>
        <line num="99" count="5" type="stmt"/>
        <line num="101" count="5" type="cond" truecount="1" falsecount="0"/>
        <line num="102" count="3" type="stmt"/>
        <line num="103" count="5" type="cond" truecount="1" falsecount="0"/>
        <line num="104" count="2" type="stmt"/>
        <line num="105" count="2" type="stmt"/>
        <line num="107" count="5" type="stmt"/>
        <line num="108" count="5" type="stmt"/>
        <line num="109" count="5" type="stmt"/>
        <line num="110" count="5" type="stmt"/>
        <line num="111" count="5" type="stmt"/>
        <line num="112" count="5" type="stmt"/>
        <line num="114" count="20" type="cond" truecount="1" falsecount="0"/>
        <line num="115" count="13" type="cond" truecount="1" falsecount="1"/>
        <line num="116" count="0" type="stmt"/>
        <line num="117" count="0" type="stmt"/>
        <line num="118" count="20" type="stmt"/>
        <line num="120" count="20" type="cond" truecount="1" falsecount="0"/>
        <line num="121" count="2" type="cond" truecount="0" falsecount="1"/>
        <line num="122" count="0" type="stmt"/>
        <line num="123" count="0" type="stmt"/>
        <line num="124" count="0" type="stmt"/>
        <line num="126" count="2" type="cond" truecount="1" falsecount="0"/>
        <line num="127" count="1" type="stmt"/>
        <line num="128" count="1" type="stmt"/>
        <line num="129" count="1" type="stmt"/>
        <line num="130" count="1" type="stmt"/>
        <line num="131" count="1" type="stmt"/>
        <line num="132" count="2" type="stmt"/>
        <line num="134" count="20" type="cond" truecount="1" falsecount="0"/>
        <line num="135" count="1" type="stmt"/>
        <line num="136" count="1" type="cond" truecount="1" falsecount="0"/>
        <line num="137" count="2" type="stmt"/>
        <line num="138" count="2" type="stmt"/>
        <line num="139" count="1" type="stmt"/>
        <line num="140" count="1" type="cond" truecount="1" falsecount="0"/>
        <line num="142" count="1" type="stmt"/>
        <line num="143" count="1" type="stmt"/>
        <line num="144" count="1" type="stmt"/>
        <line num="145" count="1" type="stmt"/>
        <line num="146" count="1" type="stmt"/>
        <line num="147" count="1" type="stmt"/>
        <line num="148" count="1" type="stmt"/>
        <line num="150" count="20" type="stmt"/>
        <line num="151" count="20" type="stmt"/>
        <line num="152" count="20" type="stmt"/>
        <line num="153" count="20" type="stmt"/>
        <line num="154" count="20" type="stmt"/>
        <line num="155" count="20" type="stmt"/>
        <line num="156" count="20" type="stmt"/>
        <line num="157" count="20" type="stmt"/>
        <line num="158" count="20" type="stmt"/>
        <line num="160" count="20" type="stmt"/>
        <line num="161" count="20" type="stmt"/>
        <line num="162" count="20" type="stmt"/>
        <line num="163" count="20" type="stmt"/>
        <line num="165" count="20" type="cond" truecount="2" falsecount="0"/>
        <line num="167" count="20" type="cond" truecount="2" falsecount="0"/>
        <line num="168" count="1" type="stmt"/>
        <line num="169" count="1" type="stmt"/>
        <line num="170" count="1" type="stmt"/>
        <line num="171" count="1" type="stmt"/>
        <line num="173" count="1" type="stmt"/>
        <line num="174" count="1" type="stmt"/>
        <line num="176" count="1" type="stmt"/>
        <line num="177" count="1" type="stmt"/>
        <line num="179" count="1" type="cond" truecount="1" falsecount="0"/>
        <line num="181" count="12" type="cond" truecount="1" falsecount="0"/>
        <line num="182" count="24" type="stmt"/>
        <line num="183" count="24" type="stmt"/>
        <line num="184" count="24" type="stmt"/>
        <line num="185" count="24" type="stmt"/>
        <line num="186" count="24" type="stmt"/>
        <line num="187" count="24" type="stmt"/>
        <line num="188" count="24" type="cond" truecount="0" falsecount="1"/>
        <line num="189" count="0" type="stmt"/>
        <line num="190" count="0" type="stmt"/>
        <line num="191" count="24" type="stmt"/>
        <line num="193" count="12" type="stmt"/>
        <line num="194" count="12" type="stmt"/>
        <line num="197" count="12" type="stmt"/>
        <line num="198" count="12" type="stmt"/>
        <line num="199" count="12" type="stmt"/>
        <line num="200" count="12" type="stmt"/>
        <line num="201" count="12" type="stmt"/>
        <line num="202" count="12" type="stmt"/>
        <line num="204" count="12" type="stmt"/>
        <line num="205" count="12" type="stmt"/>
        <line num="206" count="12" type="stmt"/>
        <line num="207" count="20" type="cond" truecount="2" falsecount="0"/>
        <line num="208" count="20" type="stmt"/>
        <line num="209" count="20" type="stmt"/>
        <line num="210" count="20" type="stmt"/>
        <line num="211" count="20" type="stmt"/>
        <line num="212" count="20" type="stmt"/>
        <line num="213" count="20" type="stmt"/>
        <line num="214" count="20" type="stmt"/>
        <line num="216" count="20" type="stmt"/>
        <line num="217" count="20" type="stmt"/>
        <line num="218" count="20" type="stmt"/>
        <line num="219" count="20" type="stmt"/>
        <line num="221" count="20" type="stmt"/>
        <line num="222" count="20" type="stmt"/>
        <line num="223" count="20" type="stmt"/>
        <line num="225" count="20" type="stmt"/>
        <line num="226" count="20" type="stmt"/>
        <line num="227" count="20" type="stmt"/>
        <line num="228" count="20" type="stmt"/>
        <line num="229" count="20" type="stmt"/>
        <line num="231" count="20" type="stmt"/>
        <line num="232" count="20" type="stmt"/>
        <line num="235" count="20" type="cond" truecount="1" falsecount="0"/>
        <line num="236" count="1" type="stmt"/>
        <line num="237" count="1" type="stmt"/>
        <line num="238" count="1" type="stmt"/>
        <line num="240" count="1" type="stmt"/>
        <line num="241" count="1" type="stmt"/>
        <line num="242" count="1" type="stmt"/>
        <line num="245" count="20" type="stmt"/>
        <line num="246" count="20" type="stmt"/>
        <line num="247" count="20" type="stmt"/>
        <line num="250" count="20" type="stmt"/>
        <line num="251" count="20" type="stmt"/>
        <line num="252" count="20" type="stmt"/>
        <line num="253" count="20" type="stmt"/>
        <line num="254" count="20" type="stmt"/>
        <line num="255" count="20" type="stmt"/>
        <line num="257" count="20" type="stmt"/>
        <line num="260" count="20" type="stmt"/>
        <line num="263" count="20" type="stmt"/>
        <line num="264" count="20" type="stmt"/>
        <line num="265" count="20" type="stmt"/>
        <line num="267" count="20" type="stmt"/>
        <line num="269" count="20" type="stmt"/>
        <line num="271" count="20" type="stmt"/>
        <line num="272" count="20" type="stmt"/>
        <line num="273" count="20" type="stmt"/>
        <line num="274" count="20" type="stmt"/>
        <line num="275" count="20" type="stmt"/>
        <line num="276" count="20" type="stmt"/>
        <line num="278" count="20" type="stmt"/>
        <line num="279" count="20" type="stmt"/>
        <line num="280" count="20" type="stmt"/>
        <line num="281" count="20" type="stmt"/>
        <line num="282" count="20" type="stmt"/>
        <line num="285" count="20" type="stmt"/>
        <line num="286" count="20" type="stmt"/>
        <line num="287" count="20" type="stmt"/>
        <line num="288" count="20" type="cond" truecount="2" falsecount="0"/>
        <line num="290" count="20" type="cond" truecount="1" falsecount="0"/>
        <line num="291" count="1" type="stmt"/>
        <line num="292" count="1" type="stmt"/>
        <line num="294" count="1" type="stmt"/>
        <line num="295" count="1" type="stmt"/>
        <line num="297" count="1" type="stmt"/>
        <line num="298" count="1" type="cond" truecount="1" falsecount="0"/>
        <line num="300" count="11" type="stmt"/>
        <line num="301" count="11" type="stmt"/>
        <line num="303" count="11" type="stmt"/>
        <line num="304" count="11" type="stmt"/>
        <line num="305" count="11" type="cond" truecount="1" falsecount="0"/>
        <line num="306" count="22" type="cond" truecount="1" falsecount="0"/>
        <line num="307" count="22" type="stmt"/>
        <line num="308" count="22" type="stmt"/>
        <line num="310" count="22" type="stmt"/>
        <line num="311" count="22" type="stmt"/>
        <line num="312" count="22" type="stmt"/>
        <line num="313" count="22" type="stmt"/>
        <line num="315" count="22" type="cond" truecount="2" falsecount="0"/>
        <line num="318" count="22" type="stmt"/>
        <line num="319" count="22" type="stmt"/>
        <line num="320" count="22" type="stmt"/>
        <line num="321" count="22" type="stmt"/>
        <line num="322" count="22" type="stmt"/>
        <line num="323" count="22" type="stmt"/>
        <line num="324" count="22" type="stmt"/>
        <line num="325" count="22" type="stmt"/>
        <line num="327" count="22" type="stmt"/>
        <line num="328" count="22" type="stmt"/>
        <line num="329" count="22" type="stmt"/>
        <line num="330" count="22" type="stmt"/>
        <line num="331" count="22" type="cond" truecount="1" falsecount="0"/>
        <line num="332" count="22" type="stmt"/>
        <line num="333" count="22" type="stmt"/>
        <line num="335" count="22" type="stmt"/>
        <line num="336" count="22" type="stmt"/>
        <line num="338" count="22" type="stmt"/>
        <line num="339" count="22" type="stmt"/>
        <line num="340" count="22" type="stmt"/>
        <line num="342" count="22" type="stmt"/>
        <line num="343" count="22" type="stmt"/>
        <line num="344" count="22" type="cond" truecount="1" falsecount="0"/>
        <line num="345" count="22" type="stmt"/>
        <line num="347" count="22" type="stmt"/>
        <line num="348" count="22" type="stmt"/>
        <line num="349" count="22" type="stmt"/>
        <line num="350" count="22" type="stmt"/>
        <line num="351" count="22" type="stmt"/>
        <line num="353" count="11" type="stmt"/>
        <line num="354" count="11" type="stmt"/>
        <line num="355" count="11" type="stmt"/>
        <line num="357" count="20" type="stmt"/>
        <line num="358" count="20" type="stmt"/>
        <line num="361" count="20" type="stmt"/>
        <line num="363" count="20" type="stmt"/>
        <line num="364" count="20" type="stmt"/>
        <line num="366" count="20" type="stmt"/>
        <line num="368" count="20" type="stmt"/>
        <line num="369" count="20" type="stmt"/>
        <line num="370" count="20" type="stmt"/>
        <line num="371" count="20" type="stmt"/>
        <line num="372" count="20" type="stmt"/>
        <line num="373" count="20" type="stmt"/>
        <line num="374" count="20" type="stmt"/>
        <line num="376" count="20" type="stmt"/>
        <line num="377" count="20" type="stmt"/>
        <line num="378" count="20" type="stmt"/>
        <line num="379" count="20" type="stmt"/>
        <line num="380" count="20" type="stmt"/>
        <line num="381" count="20" type="stmt"/>
        <line num="382" count="20" type="stmt"/>
        <line num="384" count="20" type="stmt"/>
        <line num="385" count="20" type="stmt"/>
        <line num="386" count="20" type="stmt"/>
        <line num="387" count="20" type="stmt"/>
        <line num="388" count="20" type="stmt"/>
        <line num="389" count="20" type="stmt"/>
        <line num="390" count="20" type="stmt"/>
        <line num="391" count="20" type="stmt"/>
        <line num="393" count="20" type="stmt"/>
        <line num="394" count="20" type="cond" truecount="2" falsecount="0"/>
        <line num="395" count="20" type="cond" truecount="2" falsecount="0"/>
        <line num="396" count="20" type="cond" truecount="2" falsecount="0"/>
        <line num="397" count="20" type="stmt"/>
        <line num="398" count="20" type="stmt"/>
        <line num="400" count="20" type="cond" truecount="2" falsecount="0"/>
        <line num="401" count="20" type="stmt"/>
        <line num="402" count="20" type="stmt"/>
        <line num="404" count="20" type="stmt"/>
        <line num="405" count="20" type="stmt"/>
        <line num="406" count="20" type="stmt"/>
        <line num="407" count="20" type="stmt"/>
        <line num="408" count="20" type="cond" truecount="1" falsecount="0"/>
        <line num="409" count="1" type="cond" truecount="1" falsecount="0"/>
        <line num="410" count="11" type="cond" truecount="1" falsecount="0"/>
        <line num="411" count="6" type="cond" truecount="1" falsecount="0"/>
        <line num="412" count="5" type="stmt"/>
        <line num="413" count="20" type="stmt"/>
        <line num="415" count="20" type="cond" truecount="4" falsecount="0"/>
        <line num="416" count="20" type="stmt"/>
        <line num="418" count="20" type="cond" truecount="1" falsecount="0"/>
        <line num="419" count="1" type="stmt"/>
        <line num="420" count="1" type="stmt"/>
        <line num="421" count="1" type="stmt"/>
        <line num="423" count="1" type="stmt"/>
        <line num="424" count="1" type="stmt"/>
        <line num="426" count="20" type="stmt"/>
        <line num="427" count="20" type="stmt"/>
        <line num="429" count="20" type="stmt"/>
        <line num="431" count="20" type="stmt"/>
        <line num="432" count="20" type="stmt"/>
        <line num="435" count="20" type="stmt"/>
        <line num="436" count="20" type="stmt"/>
        <line num="437" count="20" type="stmt"/>
        <line num="438" count="20" type="stmt"/>
        <line num="439" count="20" type="cond" truecount="1" falsecount="1"/>
        <line num="441" count="20" type="cond" truecount="0" falsecount="1"/>
        <line num="442" count="0" type="cond" truecount="1" falsecount="0"/>
        <line num="444" count="12" type="stmt"/>
        <line num="446" count="20" type="stmt"/>
        <line num="447" count="20" type="stmt"/>
        <line num="449" count="20" type="stmt"/>
        <line num="451" count="20" type="stmt"/>
      </file>
    </package>
  </project>
</coverage>
