{"C:\\Users\\Lui\\Downloads\\siteingressoFINAL\\Site-de-ingressos\\FrontEnd\\postcss.config.js": {"path":"C:\\Users\\Lui\\Downloads\\siteingressoFINAL\\Site-de-ingressos\\FrontEnd\\postcss.config.js","all":true,"statementMap":{"0":{"start":{"line":1,"column":0},"end":{"line":1,"column":16}},"1":{"start":{"line":2,"column":0},"end":{"line":2,"column":12}},"2":{"start":{"line":3,"column":0},"end":{"line":3,"column":31}},"3":{"start":{"line":4,"column":0},"end":{"line":4,"column":4}},"4":{"start":{"line":5,"column":0},"end":{"line":5,"column":2}}},"s":{"0":0,"1":0,"2":0,"3":0,"4":0},"branchMap":{"0":{"type":"branch","line":1,"loc":{"start":{"line":1,"column":0},"end":{"line":5,"column":-12}},"locations":[{"start":{"line":1,"column":0},"end":{"line":5,"column":-12}}]}},"b":{"0":[0]},"fnMap":{"0":{"name":"(empty-report)","decl":{"start":{"line":1,"column":0},"end":{"line":5,"column":-12}},"loc":{"start":{"line":1,"column":0},"end":{"line":5,"column":-12}},"line":1}},"f":{"0":0}}
,"C:\\Users\\Lui\\Downloads\\siteingressoFINAL\\Site-de-ingressos\\FrontEnd\\tailwind.config.js": {"path":"C:\\Users\\Lui\\Downloads\\siteingressoFINAL\\Site-de-ingressos\\FrontEnd\\tailwind.config.js","all":true,"statementMap":{"0":{"start":{"line":1,"column":0},"end":{"line":1,"column":43}},"1":{"start":{"line":2,"column":0},"end":{"line":2,"column":16}},"2":{"start":{"line":3,"column":0},"end":{"line":3,"column":58}},"3":{"start":{"line":4,"column":0},"end":{"line":4,"column":10}},"4":{"start":{"line":5,"column":0},"end":{"line":5,"column":15}},"5":{"start":{"line":6,"column":0},"end":{"line":6,"column":4}},"6":{"start":{"line":7,"column":0},"end":{"line":7,"column":14}},"7":{"start":{"line":8,"column":0},"end":{"line":8,"column":2}}},"s":{"0":0,"1":0,"2":0,"3":0,"4":0,"5":0,"6":0,"7":0},"branchMap":{"0":{"type":"branch","line":1,"loc":{"start":{"line":1,"column":0},"end":{"line":8,"column":-7}},"locations":[{"start":{"line":1,"column":0},"end":{"line":8,"column":-7}}]}},"b":{"0":[0]},"fnMap":{"0":{"name":"(empty-report)","decl":{"start":{"line":1,"column":0},"end":{"line":8,"column":-7}},"loc":{"start":{"line":1,"column":0},"end":{"line":8,"column":-7}},"line":1}},"f":{"0":0}}
,"C:\\Users\\Lui\\Downloads\\siteingressoFINAL\\Site-de-ingressos\\FrontEnd\\src\\App.jsx": {"path":"C:\\Users\\Lui\\Downloads\\siteingressoFINAL\\Site-de-ingressos\\FrontEnd\\src\\App.jsx","all":false,"statementMap":{"0":{"start":{"line":1,"column":0},"end":{"line":1,"column":31}},"15":{"start":{"line":16,"column":0},"end":{"line":16,"column":31}},"16":{"start":{"line":17,"column":0},"end":{"line":17,"column":51}},"18":{"start":{"line":19,"column":0},"end":{"line":19,"column":41}},"19":{"start":{"line":20,"column":0},"end":{"line":20,"column":51}},"20":{"start":{"line":21,"column":0},"end":{"line":21,"column":25}},"21":{"start":{"line":22,"column":0},"end":{"line":22,"column":27}},"22":{"start":{"line":23,"column":0},"end":{"line":23,"column":22}},"23":{"start":{"line":24,"column":0},"end":{"line":24,"column":5}},"24":{"start":{"line":25,"column":0},"end":{"line":25,"column":4}},"26":{"start":{"line":27,"column":0},"end":{"line":27,"column":35}},"27":{"start":{"line":28,"column":0},"end":{"line":28,"column":22}},"28":{"start":{"line":29,"column":0},"end":{"line":29,"column":4}},"30":{"start":{"line":31,"column":0},"end":{"line":31,"column":56}},"31":{"start":{"line":32,"column":0},"end":{"line":32,"column":58}},"33":{"start":{"line":34,"column":0},"end":{"line":34,"column":58}},"34":{"start":{"line":35,"column":0},"end":{"line":35,"column":60}},"36":{"start":{"line":37,"column":0},"end":{"line":37,"column":62}},"37":{"start":{"line":38,"column":0},"end":{"line":38,"column":68}},"39":{"start":{"line":40,"column":0},"end":{"line":40,"column":31}},"40":{"start":{"line":41,"column":0},"end":{"line":41,"column":58}},"41":{"start":{"line":42,"column":0},"end":{"line":42,"column":23}},"42":{"start":{"line":43,"column":0},"end":{"line":43,"column":74}},"43":{"start":{"line":44,"column":0},"end":{"line":44,"column":5}},"44":{"start":{"line":45,"column":0},"end":{"line":45,"column":4}},"46":{"start":{"line":47,"column":0},"end":{"line":47,"column":47}},"47":{"start":{"line":48,"column":0},"end":{"line":48,"column":48}},"48":{"start":{"line":49,"column":0},"end":{"line":49,"column":51}},"50":{"start":{"line":51,"column":0},"end":{"line":51,"column":36}},"51":{"start":{"line":52,"column":0},"end":{"line":52,"column":24}},"52":{"start":{"line":53,"column":0},"end":{"line":53,"column":5}},"53":{"start":{"line":54,"column":0},"end":{"line":54,"column":4}},"55":{"start":{"line":56,"column":0},"end":{"line":56,"column":10}},"56":{"start":{"line":57,"column":0},"end":{"line":57,"column":12}},"57":{"start":{"line":58,"column":0},"end":{"line":58,"column":67}},"59":{"start":{"line":60,"column":0},"end":{"line":60,"column":16}},"60":{"start":{"line":61,"column":0},"end":{"line":61,"column":48}},"61":{"start":{"line":62,"column":0},"end":{"line":62,"column":46}},"62":{"start":{"line":63,"column":0},"end":{"line":63,"column":48}},"63":{"start":{"line":64,"column":0},"end":{"line":64,"column":41}},"64":{"start":{"line":65,"column":0},"end":{"line":65,"column":50}},"65":{"start":{"line":66,"column":0},"end":{"line":66,"column":43}},"66":{"start":{"line":67,"column":0},"end":{"line":67,"column":35}},"67":{"start":{"line":68,"column":0},"end":{"line":68,"column":47}},"68":{"start":{"line":69,"column":0},"end":{"line":69,"column":45}},"69":{"start":{"line":70,"column":0},"end":{"line":70,"column":10}},"71":{"start":{"line":72,"column":0},"end":{"line":72,"column":51}},"73":{"start":{"line":74,"column":0},"end":{"line":74,"column":66}},"74":{"start":{"line":75,"column":0},"end":{"line":75,"column":40}},"75":{"start":{"line":76,"column":0},"end":{"line":76,"column":22}},"76":{"start":{"line":77,"column":0},"end":{"line":77,"column":22}},"77":{"start":{"line":78,"column":0},"end":{"line":78,"column":26}},"78":{"start":{"line":79,"column":0},"end":{"line":79,"column":27}},"79":{"start":{"line":80,"column":0},"end":{"line":80,"column":25}},"80":{"start":{"line":81,"column":0},"end":{"line":81,"column":53}},"81":{"start":{"line":82,"column":0},"end":{"line":82,"column":53}},"82":{"start":{"line":83,"column":0},"end":{"line":83,"column":57}},"83":{"start":{"line":84,"column":0},"end":{"line":84,"column":46}},"84":{"start":{"line":85,"column":0},"end":{"line":85,"column":22}},"86":{"start":{"line":87,"column":0},"end":{"line":87,"column":18}},"87":{"start":{"line":88,"column":0},"end":{"line":88,"column":75}},"88":{"start":{"line":89,"column":0},"end":{"line":89,"column":75}},"89":{"start":{"line":90,"column":0},"end":{"line":90,"column":68}},"90":{"start":{"line":91,"column":0},"end":{"line":91,"column":23}},"91":{"start":{"line":92,"column":0},"end":{"line":92,"column":19}},"93":{"start":{"line":94,"column":0},"end":{"line":94,"column":22}},"95":{"start":{"line":96,"column":0},"end":{"line":96,"column":110}},"96":{"start":{"line":97,"column":0},"end":{"line":97,"column":23}},"97":{"start":{"line":98,"column":0},"end":{"line":98,"column":39}},"98":{"start":{"line":99,"column":0},"end":{"line":99,"column":36}},"99":{"start":{"line":100,"column":0},"end":{"line":100,"column":46}},"100":{"start":{"line":101,"column":0},"end":{"line":101,"column":42}},"101":{"start":{"line":102,"column":0},"end":{"line":102,"column":43}},"102":{"start":{"line":103,"column":0},"end":{"line":103,"column":18}},"104":{"start":{"line":105,"column":0},"end":{"line":105,"column":54}},"106":{"start":{"line":107,"column":0},"end":{"line":107,"column":70}},"107":{"start":{"line":108,"column":0},"end":{"line":108,"column":27}},"108":{"start":{"line":109,"column":0},"end":{"line":109,"column":48}},"109":{"start":{"line":110,"column":0},"end":{"line":110,"column":51}},"110":{"start":{"line":111,"column":0},"end":{"line":111,"column":50}},"111":{"start":{"line":112,"column":0},"end":{"line":112,"column":29}},"116":{"start":{"line":117,"column":0},"end":{"line":117,"column":107}},"117":{"start":{"line":118,"column":0},"end":{"line":118,"column":52}},"118":{"start":{"line":119,"column":0},"end":{"line":119,"column":43}},"119":{"start":{"line":120,"column":0},"end":{"line":120,"column":67}},"120":{"start":{"line":121,"column":0},"end":{"line":121,"column":94}},"121":{"start":{"line":122,"column":0},"end":{"line":122,"column":55}},"122":{"start":{"line":123,"column":0},"end":{"line":123,"column":30}},"123":{"start":{"line":124,"column":0},"end":{"line":124,"column":30}},"124":{"start":{"line":125,"column":0},"end":{"line":125,"column":26}},"125":{"start":{"line":126,"column":0},"end":{"line":126,"column":22}},"126":{"start":{"line":127,"column":0},"end":{"line":127,"column":19}},"127":{"start":{"line":128,"column":0},"end":{"line":128,"column":15}},"128":{"start":{"line":129,"column":0},"end":{"line":129,"column":13}},"129":{"start":{"line":130,"column":0},"end":{"line":130,"column":13}},"131":{"start":{"line":132,"column":0},"end":{"line":132,"column":1}}},"s":{"0":1,"15":20,"16":20,"18":20,"19":3,"20":3,"21":3,"22":3,"23":3,"24":3,"26":20,"27":0,"28":0,"30":20,"31":20,"33":20,"34":20,"36":20,"37":20,"39":20,"40":3,"41":3,"42":0,"43":0,"44":3,"46":20,"47":0,"48":0,"50":0,"51":0,"52":0,"53":0,"55":20,"56":20,"57":20,"59":20,"60":20,"61":20,"62":20,"63":20,"64":20,"65":20,"66":20,"67":20,"68":20,"69":20,"71":20,"73":20,"74":20,"75":20,"76":20,"77":20,"78":20,"79":20,"80":20,"81":20,"82":20,"83":20,"84":20,"86":20,"87":20,"88":20,"89":20,"90":20,"91":20,"93":20,"95":20,"96":20,"97":20,"98":20,"99":20,"100":20,"101":20,"102":20,"104":20,"106":20,"107":20,"108":20,"109":20,"110":20,"111":20,"116":20,"117":20,"118":20,"119":20,"120":20,"121":20,"122":20,"123":20,"124":20,"125":20,"126":20,"127":20,"128":20,"129":20,"131":20},"branchMap":{"0":{"type":"branch","line":16,"loc":{"start":{"line":16,"column":0},"end":{"line":132,"column":1}},"locations":[{"start":{"line":16,"column":0},"end":{"line":132,"column":1}}]},"1":{"type":"branch","line":58,"loc":{"start":{"line":58,"column":25},"end":{"line":58,"column":60}},"locations":[{"start":{"line":58,"column":25},"end":{"line":58,"column":60}}]},"2":{"type":"branch","line":58,"loc":{"start":{"line":58,"column":42},"end":{"line":58,"column":62}},"locations":[{"start":{"line":58,"column":42},"end":{"line":58,"column":62}}]},"3":{"type":"branch","line":19,"loc":{"start":{"line":19,"column":29},"end":{"line":25,"column":4}},"locations":[{"start":{"line":19,"column":29},"end":{"line":25,"column":4}}]},"4":{"type":"branch","line":35,"loc":{"start":{"line":35,"column":23},"end":{"line":35,"column":60}},"locations":[{"start":{"line":35,"column":23},"end":{"line":35,"column":60}}]},"5":{"type":"branch","line":35,"loc":{"start":{"line":35,"column":45},"end":{"line":35,"column":58}},"locations":[{"start":{"line":35,"column":45},"end":{"line":35,"column":58}}]},"6":{"type":"branch","line":38,"loc":{"start":{"line":38,"column":29},"end":{"line":38,"column":68}},"locations":[{"start":{"line":38,"column":29},"end":{"line":38,"column":68}}]},"7":{"type":"branch","line":38,"loc":{"start":{"line":38,"column":53},"end":{"line":38,"column":66}},"locations":[{"start":{"line":38,"column":53},"end":{"line":38,"column":66}}]},"8":{"type":"branch","line":40,"loc":{"start":{"line":40,"column":24},"end":{"line":45,"column":4}},"locations":[{"start":{"line":40,"column":24},"end":{"line":45,"column":4}}]},"9":{"type":"branch","line":42,"loc":{"start":{"line":42,"column":22},"end":{"line":44,"column":5}},"locations":[{"start":{"line":42,"column":22},"end":{"line":44,"column":5}}]}},"b":{"0":[20],"1":[1],"2":[19],"3":[3],"4":[1],"5":[1],"6":[1],"7":[1],"8":[3],"9":[0]},"fnMap":{"0":{"name":"App","decl":{"start":{"line":16,"column":0},"end":{"line":132,"column":1}},"loc":{"start":{"line":16,"column":0},"end":{"line":132,"column":1}},"line":16},"1":{"name":"handleSearchChange","decl":{"start":{"line":19,"column":29},"end":{"line":25,"column":4}},"loc":{"start":{"line":19,"column":29},"end":{"line":25,"column":4}},"line":19},"2":{"name":"handleClearSearch","decl":{"start":{"line":27,"column":28},"end":{"line":29,"column":4}},"loc":{"start":{"line":27,"column":28},"end":{"line":29,"column":4}},"line":27},"3":{"name":"toggleDrawer","decl":{"start":{"line":35,"column":23},"end":{"line":35,"column":60}},"loc":{"start":{"line":35,"column":23},"end":{"line":35,"column":60}},"line":35},"4":{"name":"toggleContrastMode","decl":{"start":{"line":38,"column":29},"end":{"line":38,"column":68}},"loc":{"start":{"line":38,"column":29},"end":{"line":38,"column":68}},"line":38},"5":{"name":"scrollToShows","decl":{"start":{"line":40,"column":24},"end":{"line":45,"column":4}},"loc":{"start":{"line":40,"column":24},"end":{"line":45,"column":4}},"line":40},"6":{"name":"handleFilterChange","decl":{"start":{"line":47,"column":29},"end":{"line":54,"column":4}},"loc":{"start":{"line":47,"column":29},"end":{"line":54,"column":4}},"line":47}},"f":{"0":20,"1":3,"2":0,"3":1,"4":1,"5":3,"6":0}}
,"C:\\Users\\Lui\\Downloads\\siteingressoFINAL\\Site-de-ingressos\\FrontEnd\\src\\main.jsx": {"path":"C:\\Users\\Lui\\Downloads\\siteingressoFINAL\\Site-de-ingressos\\FrontEnd\\src\\main.jsx","all":true,"statementMap":{"0":{"start":{"line":1,"column":0},"end":{"line":1,"column":35}},"1":{"start":{"line":2,"column":0},"end":{"line":2,"column":46}},"2":{"start":{"line":3,"column":0},"end":{"line":3,"column":28}},"4":{"start":{"line":5,"column":0},"end":{"line":5,"column":51}},"5":{"start":{"line":6,"column":0},"end":{"line":6,"column":14}},"6":{"start":{"line":7,"column":0},"end":{"line":7,"column":11}},"7":{"start":{"line":8,"column":0},"end":{"line":8,"column":15}},"8":{"start":{"line":9,"column":0},"end":{"line":9,"column":2}}},"s":{"0":0,"1":0,"2":0,"4":0,"5":0,"6":0,"7":0,"8":0},"branchMap":{"0":{"type":"branch","line":1,"loc":{"start":{"line":1,"column":218},"end":{"line":9,"column":2}},"locations":[{"start":{"line":1,"column":218},"end":{"line":9,"column":2}}]}},"b":{"0":[0]},"fnMap":{"0":{"name":"(empty-report)","decl":{"start":{"line":1,"column":218},"end":{"line":9,"column":2}},"loc":{"start":{"line":1,"column":218},"end":{"line":9,"column":2}},"line":1}},"f":{"0":0}}
,"C:\\Users\\Lui\\Downloads\\siteingressoFINAL\\Site-de-ingressos\\FrontEnd\\src\\components\\Checkout.jsx": {"path":"C:\\Users\\Lui\\Downloads\\siteingressoFINAL\\Site-de-ingressos\\FrontEnd\\src\\components\\Checkout.jsx","all":false,"statementMap":{"0":{"start":{"line":1,"column":0},"end":{"line":1,"column":47}},"7":{"start":{"line":8,"column":0},"end":{"line":8,"column":36}},"8":{"start":{"line":9,"column":0},"end":{"line":9,"column":33}},"9":{"start":{"line":10,"column":0},"end":{"line":10,"column":33}},"11":{"start":{"line":12,"column":0},"end":{"line":12,"column":74}},"12":{"start":{"line":13,"column":0},"end":{"line":13,"column":59}},"14":{"start":{"line":15,"column":0},"end":{"line":15,"column":54}},"16":{"start":{"line":17,"column":0},"end":{"line":17,"column":44}},"17":{"start":{"line":18,"column":0},"end":{"line":18,"column":13}},"18":{"start":{"line":19,"column":0},"end":{"line":19,"column":14}},"19":{"start":{"line":20,"column":0},"end":{"line":20,"column":12}},"20":{"start":{"line":21,"column":0},"end":{"line":21,"column":33}},"21":{"start":{"line":22,"column":0},"end":{"line":22,"column":5}},"24":{"start":{"line":25,"column":0},"end":{"line":25,"column":19}},"25":{"start":{"line":26,"column":0},"end":{"line":26,"column":52}},"26":{"start":{"line":27,"column":0},"end":{"line":27,"column":9}},"29":{"start":{"line":30,"column":0},"end":{"line":30,"column":19}},"30":{"start":{"line":31,"column":0},"end":{"line":31,"column":32}},"32":{"start":{"line":33,"column":0},"end":{"line":33,"column":94}},"33":{"start":{"line":34,"column":0},"end":{"line":34,"column":30}},"34":{"start":{"line":35,"column":0},"end":{"line":35,"column":6}},"35":{"start":{"line":36,"column":0},"end":{"line":36,"column":52}},"36":{"start":{"line":37,"column":0},"end":{"line":37,"column":68}},"37":{"start":{"line":38,"column":0},"end":{"line":38,"column":9}},"40":{"start":{"line":41,"column":0},"end":{"line":41,"column":32}},"41":{"start":{"line":42,"column":0},"end":{"line":42,"column":21}},"43":{"start":{"line":44,"column":0},"end":{"line":44,"column":56}},"44":{"start":{"line":45,"column":0},"end":{"line":45,"column":15}},"45":{"start":{"line":46,"column":0},"end":{"line":46,"column":5}},"47":{"start":{"line":48,"column":0},"end":{"line":48,"column":72}},"48":{"start":{"line":49,"column":0},"end":{"line":49,"column":70}},"51":{"start":{"line":52,"column":0},"end":{"line":52,"column":24}},"52":{"start":{"line":53,"column":0},"end":{"line":53,"column":41}},"56":{"start":{"line":57,"column":0},"end":{"line":57,"column":85}},"57":{"start":{"line":58,"column":0},"end":{"line":58,"column":25}},"58":{"start":{"line":59,"column":0},"end":{"line":59,"column":52}},"59":{"start":{"line":60,"column":0},"end":{"line":60,"column":30}},"60":{"start":{"line":61,"column":0},"end":{"line":61,"column":11}},"61":{"start":{"line":62,"column":0},"end":{"line":62,"column":15}},"62":{"start":{"line":63,"column":0},"end":{"line":63,"column":5}},"66":{"start":{"line":67,"column":0},"end":{"line":67,"column":83}},"67":{"start":{"line":68,"column":0},"end":{"line":68,"column":25}},"68":{"start":{"line":69,"column":0},"end":{"line":69,"column":51}},"69":{"start":{"line":70,"column":0},"end":{"line":70,"column":30}},"70":{"start":{"line":71,"column":0},"end":{"line":71,"column":11}},"71":{"start":{"line":72,"column":0},"end":{"line":72,"column":15}},"72":{"start":{"line":73,"column":0},"end":{"line":73,"column":5}},"75":{"start":{"line":76,"column":0},"end":{"line":76,"column":77}},"76":{"start":{"line":77,"column":0},"end":{"line":77,"column":4}},"78":{"start":{"line":79,"column":0},"end":{"line":79,"column":19}},"79":{"start":{"line":80,"column":0},"end":{"line":80,"column":22}},"80":{"start":{"line":81,"column":0},"end":{"line":81,"column":54}},"81":{"start":{"line":82,"column":0},"end":{"line":82,"column":62}},"82":{"start":{"line":83,"column":0},"end":{"line":83,"column":10}},"83":{"start":{"line":84,"column":0},"end":{"line":84,"column":3}},"85":{"start":{"line":86,"column":0},"end":{"line":86,"column":20}},"86":{"start":{"line":87,"column":0},"end":{"line":87,"column":32}},"88":{"start":{"line":89,"column":0},"end":{"line":89,"column":69}},"89":{"start":{"line":90,"column":0},"end":{"line":90,"column":12}},"90":{"start":{"line":91,"column":0},"end":{"line":91,"column":105}},"91":{"start":{"line":92,"column":0},"end":{"line":92,"column":107}},"92":{"start":{"line":93,"column":0},"end":{"line":93,"column":66}},"94":{"start":{"line":95,"column":0},"end":{"line":95,"column":12}},"95":{"start":{"line":96,"column":0},"end":{"line":96,"column":13}},"96":{"start":{"line":97,"column":0},"end":{"line":97,"column":16}},"97":{"start":{"line":98,"column":0},"end":{"line":98,"column":149}},"98":{"start":{"line":99,"column":0},"end":{"line":99,"column":9}},"100":{"start":{"line":101,"column":0},"end":{"line":101,"column":15}},"101":{"start":{"line":102,"column":0},"end":{"line":102,"column":12}},"103":{"start":{"line":104,"column":0},"end":{"line":104,"column":3}},"105":{"start":{"line":106,"column":0},"end":{"line":106,"column":31}},"106":{"start":{"line":107,"column":0},"end":{"line":107,"column":37}},"107":{"start":{"line":108,"column":0},"end":{"line":108,"column":56}},"108":{"start":{"line":109,"column":0},"end":{"line":109,"column":4}},"110":{"start":{"line":111,"column":0},"end":{"line":111,"column":37}},"111":{"start":{"line":112,"column":0},"end":{"line":112,"column":23}},"112":{"start":{"line":113,"column":0},"end":{"line":113,"column":26}},"114":{"start":{"line":115,"column":0},"end":{"line":115,"column":23}},"115":{"start":{"line":116,"column":0},"end":{"line":116,"column":27}},"116":{"start":{"line":117,"column":0},"end":{"line":117,"column":29}},"117":{"start":{"line":118,"column":0},"end":{"line":118,"column":21}},"118":{"start":{"line":119,"column":0},"end":{"line":119,"column":34}},"119":{"start":{"line":120,"column":0},"end":{"line":120,"column":6}},"121":{"start":{"line":122,"column":0},"end":{"line":122,"column":9}},"122":{"start":{"line":123,"column":0},"end":{"line":123,"column":74}},"123":{"start":{"line":124,"column":0},"end":{"line":124,"column":27}},"124":{"start":{"line":125,"column":0},"end":{"line":125,"column":60}},"125":{"start":{"line":126,"column":0},"end":{"line":126,"column":43}},"126":{"start":{"line":127,"column":0},"end":{"line":127,"column":11}},"128":{"start":{"line":129,"column":0},"end":{"line":129,"column":45}},"130":{"start":{"line":131,"column":0},"end":{"line":131,"column":29}},"131":{"start":{"line":132,"column":0},"end":{"line":132,"column":52}},"132":{"start":{"line":133,"column":0},"end":{"line":133,"column":16}},"133":{"start":{"line":134,"column":0},"end":{"line":134,"column":91}},"134":{"start":{"line":135,"column":0},"end":{"line":135,"column":9}},"135":{"start":{"line":136,"column":0},"end":{"line":136,"column":21}},"136":{"start":{"line":137,"column":0},"end":{"line":137,"column":50}},"137":{"start":{"line":138,"column":0},"end":{"line":138,"column":49}},"138":{"start":{"line":139,"column":0},"end":{"line":139,"column":15}},"139":{"start":{"line":140,"column":0},"end":{"line":140,"column":32}},"140":{"start":{"line":141,"column":0},"end":{"line":141,"column":5}},"141":{"start":{"line":142,"column":0},"end":{"line":142,"column":4}},"143":{"start":{"line":144,"column":0},"end":{"line":144,"column":24}},"144":{"start":{"line":145,"column":0},"end":{"line":145,"column":34}},"145":{"start":{"line":146,"column":0},"end":{"line":146,"column":34}},"146":{"start":{"line":147,"column":0},"end":{"line":147,"column":4}},"148":{"start":{"line":149,"column":0},"end":{"line":149,"column":38}},"149":{"start":{"line":150,"column":0},"end":{"line":150,"column":9}},"150":{"start":{"line":151,"column":0},"end":{"line":151,"column":63}},"151":{"start":{"line":152,"column":0},"end":{"line":152,"column":24}},"152":{"start":{"line":153,"column":0},"end":{"line":153,"column":22}},"153":{"start":{"line":154,"column":0},"end":{"line":154,"column":23}},"154":{"start":{"line":155,"column":0},"end":{"line":155,"column":9}},"155":{"start":{"line":156,"column":0},"end":{"line":156,"column":13}},"156":{"start":{"line":157,"column":0},"end":{"line":157,"column":24}},"157":{"start":{"line":158,"column":0},"end":{"line":158,"column":5}},"158":{"start":{"line":159,"column":0},"end":{"line":159,"column":4}},"160":{"start":{"line":161,"column":0},"end":{"line":161,"column":10}},"161":{"start":{"line":162,"column":0},"end":{"line":162,"column":16}},"162":{"start":{"line":163,"column":0},"end":{"line":163,"column":22}},"163":{"start":{"line":164,"column":0},"end":{"line":164,"column":23}},"164":{"start":{"line":165,"column":0},"end":{"line":165,"column":70}},"165":{"start":{"line":166,"column":0},"end":{"line":166,"column":81}},"167":{"start":{"line":168,"column":0},"end":{"line":168,"column":41}},"170":{"start":{"line":171,"column":0},"end":{"line":171,"column":62}},"171":{"start":{"line":172,"column":0},"end":{"line":172,"column":20}},"172":{"start":{"line":173,"column":0},"end":{"line":173,"column":44}},"173":{"start":{"line":174,"column":0},"end":{"line":174,"column":127}},"174":{"start":{"line":175,"column":0},"end":{"line":175,"column":58}},"176":{"start":{"line":177,"column":0},"end":{"line":177,"column":97}},"177":{"start":{"line":178,"column":0},"end":{"line":178,"column":89}},"178":{"start":{"line":179,"column":0},"end":{"line":179,"column":21}},"179":{"start":{"line":180,"column":0},"end":{"line":180,"column":21}},"182":{"start":{"line":183,"column":0},"end":{"line":183,"column":18}},"183":{"start":{"line":184,"column":0},"end":{"line":184,"column":33}},"184":{"start":{"line":185,"column":0},"end":{"line":185,"column":155}},"185":{"start":{"line":186,"column":0},"end":{"line":186,"column":9}},"187":{"start":{"line":188,"column":0},"end":{"line":188,"column":20}},"189":{"start":{"line":190,"column":0},"end":{"line":190,"column":61}},"192":{"start":{"line":193,"column":0},"end":{"line":193,"column":22}},"193":{"start":{"line":194,"column":0},"end":{"line":194,"column":33}},"194":{"start":{"line":195,"column":0},"end":{"line":195,"column":36}},"195":{"start":{"line":196,"column":0},"end":{"line":196,"column":84}},"197":{"start":{"line":198,"column":0},"end":{"line":198,"column":146}},"198":{"start":{"line":199,"column":0},"end":{"line":199,"column":82}},"199":{"start":{"line":200,"column":0},"end":{"line":200,"column":17}},"201":{"start":{"line":202,"column":0},"end":{"line":202,"column":34}},"202":{"start":{"line":203,"column":0},"end":{"line":203,"column":102}},"203":{"start":{"line":204,"column":0},"end":{"line":204,"column":53}},"204":{"start":{"line":205,"column":0},"end":{"line":205,"column":131}},"205":{"start":{"line":206,"column":0},"end":{"line":206,"column":20}},"206":{"start":{"line":207,"column":0},"end":{"line":207,"column":18}},"208":{"start":{"line":209,"column":0},"end":{"line":209,"column":74}},"209":{"start":{"line":210,"column":0},"end":{"line":210,"column":53}},"210":{"start":{"line":211,"column":0},"end":{"line":211,"column":112}},"211":{"start":{"line":212,"column":0},"end":{"line":212,"column":60}},"212":{"start":{"line":213,"column":0},"end":{"line":213,"column":125}},"213":{"start":{"line":214,"column":0},"end":{"line":214,"column":33}},"214":{"start":{"line":215,"column":0},"end":{"line":215,"column":25}},"215":{"start":{"line":216,"column":0},"end":{"line":216,"column":57}},"216":{"start":{"line":217,"column":0},"end":{"line":217,"column":98}},"217":{"start":{"line":218,"column":0},"end":{"line":218,"column":25}},"218":{"start":{"line":219,"column":0},"end":{"line":219,"column":22}},"219":{"start":{"line":220,"column":0},"end":{"line":220,"column":17}},"220":{"start":{"line":221,"column":0},"end":{"line":221,"column":18}},"222":{"start":{"line":223,"column":0},"end":{"line":223,"column":58}},"223":{"start":{"line":224,"column":0},"end":{"line":224,"column":64}},"224":{"start":{"line":225,"column":0},"end":{"line":225,"column":37}},"225":{"start":{"line":226,"column":0},"end":{"line":226,"column":71}},"226":{"start":{"line":227,"column":0},"end":{"line":227,"column":18}},"227":{"start":{"line":228,"column":0},"end":{"line":228,"column":64}},"228":{"start":{"line":229,"column":0},"end":{"line":229,"column":44}},"229":{"start":{"line":230,"column":0},"end":{"line":230,"column":67}},"230":{"start":{"line":231,"column":0},"end":{"line":231,"column":18}},"231":{"start":{"line":232,"column":0},"end":{"line":232,"column":18}},"233":{"start":{"line":234,"column":0},"end":{"line":234,"column":136}},"234":{"start":{"line":235,"column":0},"end":{"line":235,"column":55}},"235":{"start":{"line":236,"column":0},"end":{"line":236,"column":45}},"236":{"start":{"line":237,"column":0},"end":{"line":237,"column":55}},"237":{"start":{"line":238,"column":0},"end":{"line":238,"column":21}},"238":{"start":{"line":239,"column":0},"end":{"line":239,"column":18}},"239":{"start":{"line":240,"column":0},"end":{"line":240,"column":23}},"242":{"start":{"line":243,"column":0},"end":{"line":243,"column":22}},"243":{"start":{"line":244,"column":0},"end":{"line":244,"column":34}},"244":{"start":{"line":245,"column":0},"end":{"line":245,"column":36}},"245":{"start":{"line":246,"column":0},"end":{"line":246,"column":84}},"247":{"start":{"line":248,"column":0},"end":{"line":248,"column":146}},"248":{"start":{"line":249,"column":0},"end":{"line":249,"column":76}},"249":{"start":{"line":250,"column":0},"end":{"line":250,"column":17}},"251":{"start":{"line":252,"column":0},"end":{"line":252,"column":39}},"252":{"start":{"line":253,"column":0},"end":{"line":253,"column":19}},"253":{"start":{"line":254,"column":0},"end":{"line":254,"column":130}},"254":{"start":{"line":255,"column":0},"end":{"line":255,"column":24}},"255":{"start":{"line":256,"column":0},"end":{"line":256,"column":31}},"256":{"start":{"line":257,"column":0},"end":{"line":257,"column":31}},"257":{"start":{"line":258,"column":0},"end":{"line":258,"column":41}},"258":{"start":{"line":259,"column":0},"end":{"line":259,"column":43}},"259":{"start":{"line":260,"column":0},"end":{"line":260,"column":28}},"260":{"start":{"line":261,"column":0},"end":{"line":261,"column":206}},"261":{"start":{"line":262,"column":0},"end":{"line":262,"column":49}},"262":{"start":{"line":263,"column":0},"end":{"line":263,"column":20}},"263":{"start":{"line":264,"column":0},"end":{"line":264,"column":20}},"265":{"start":{"line":266,"column":0},"end":{"line":266,"column":69}},"266":{"start":{"line":267,"column":0},"end":{"line":267,"column":23}},"267":{"start":{"line":268,"column":0},"end":{"line":268,"column":127}},"268":{"start":{"line":269,"column":0},"end":{"line":269,"column":28}},"269":{"start":{"line":270,"column":0},"end":{"line":270,"column":36}},"270":{"start":{"line":271,"column":0},"end":{"line":271,"column":36}},"271":{"start":{"line":272,"column":0},"end":{"line":272,"column":46}},"272":{"start":{"line":273,"column":0},"end":{"line":273,"column":47}},"273":{"start":{"line":274,"column":0},"end":{"line":274,"column":32}},"274":{"start":{"line":275,"column":0},"end":{"line":275,"column":210}},"275":{"start":{"line":276,"column":0},"end":{"line":276,"column":51}},"276":{"start":{"line":277,"column":0},"end":{"line":277,"column":24}},"277":{"start":{"line":278,"column":0},"end":{"line":278,"column":24}},"278":{"start":{"line":279,"column":0},"end":{"line":279,"column":23}},"279":{"start":{"line":280,"column":0},"end":{"line":280,"column":124}},"280":{"start":{"line":281,"column":0},"end":{"line":281,"column":28}},"281":{"start":{"line":282,"column":0},"end":{"line":282,"column":35}},"282":{"start":{"line":283,"column":0},"end":{"line":283,"column":34}},"283":{"start":{"line":284,"column":0},"end":{"line":284,"column":44}},"284":{"start":{"line":285,"column":0},"end":{"line":285,"column":47}},"285":{"start":{"line":286,"column":0},"end":{"line":286,"column":32}},"286":{"start":{"line":287,"column":0},"end":{"line":287,"column":210}},"287":{"start":{"line":288,"column":0},"end":{"line":288,"column":52}},"288":{"start":{"line":289,"column":0},"end":{"line":289,"column":24}},"289":{"start":{"line":290,"column":0},"end":{"line":290,"column":24}},"290":{"start":{"line":291,"column":0},"end":{"line":291,"column":20}},"291":{"start":{"line":292,"column":0},"end":{"line":292,"column":18}},"292":{"start":{"line":293,"column":0},"end":{"line":293,"column":23}},"295":{"start":{"line":296,"column":0},"end":{"line":296,"column":22}},"296":{"start":{"line":297,"column":0},"end":{"line":297,"column":33}},"297":{"start":{"line":298,"column":0},"end":{"line":298,"column":36}},"298":{"start":{"line":299,"column":0},"end":{"line":299,"column":84}},"300":{"start":{"line":301,"column":0},"end":{"line":301,"column":146}},"301":{"start":{"line":302,"column":0},"end":{"line":302,"column":84}},"302":{"start":{"line":303,"column":0},"end":{"line":303,"column":17}},"304":{"start":{"line":305,"column":0},"end":{"line":305,"column":67}},"305":{"start":{"line":306,"column":0},"end":{"line":306,"column":310}},"306":{"start":{"line":307,"column":0},"end":{"line":307,"column":173}},"307":{"start":{"line":308,"column":0},"end":{"line":308,"column":138}},"308":{"start":{"line":309,"column":0},"end":{"line":309,"column":154}},"309":{"start":{"line":310,"column":0},"end":{"line":310,"column":22}},"311":{"start":{"line":312,"column":0},"end":{"line":312,"column":302}},"312":{"start":{"line":313,"column":0},"end":{"line":313,"column":157}},"313":{"start":{"line":314,"column":0},"end":{"line":314,"column":126}},"314":{"start":{"line":315,"column":0},"end":{"line":315,"column":143}},"315":{"start":{"line":316,"column":0},"end":{"line":316,"column":22}},"317":{"start":{"line":318,"column":0},"end":{"line":318,"column":308}},"318":{"start":{"line":319,"column":0},"end":{"line":319,"column":169}},"319":{"start":{"line":320,"column":0},"end":{"line":320,"column":134}},"320":{"start":{"line":321,"column":0},"end":{"line":321,"column":152}},"321":{"start":{"line":322,"column":0},"end":{"line":322,"column":22}},"322":{"start":{"line":323,"column":0},"end":{"line":323,"column":18}},"323":{"start":{"line":324,"column":0},"end":{"line":324,"column":23}},"326":{"start":{"line":327,"column":0},"end":{"line":327,"column":24}},"327":{"start":{"line":328,"column":0},"end":{"line":328,"column":35}},"328":{"start":{"line":329,"column":0},"end":{"line":329,"column":25}},"329":{"start":{"line":330,"column":0},"end":{"line":330,"column":35}},"330":{"start":{"line":331,"column":0},"end":{"line":331,"column":61}},"331":{"start":{"line":332,"column":0},"end":{"line":332,"column":59}},"332":{"start":{"line":333,"column":0},"end":{"line":333,"column":125}},"333":{"start":{"line":334,"column":0},"end":{"line":334,"column":29}},"334":{"start":{"line":335,"column":0},"end":{"line":335,"column":88}},"335":{"start":{"line":336,"column":0},"end":{"line":336,"column":119}},"336":{"start":{"line":337,"column":0},"end":{"line":337,"column":15}},"338":{"start":{"line":339,"column":0},"end":{"line":339,"column":69}},"339":{"start":{"line":340,"column":0},"end":{"line":340,"column":26}},"341":{"start":{"line":342,"column":0},"end":{"line":342,"column":91}},"342":{"start":{"line":343,"column":0},"end":{"line":343,"column":116}},"343":{"start":{"line":344,"column":0},"end":{"line":344,"column":23}},"345":{"start":{"line":346,"column":0},"end":{"line":346,"column":15}},"346":{"start":{"line":347,"column":0},"end":{"line":347,"column":12}},"349":{"start":{"line":350,"column":0},"end":{"line":350,"column":51}},"350":{"start":{"line":351,"column":0},"end":{"line":351,"column":17}},"351":{"start":{"line":352,"column":0},"end":{"line":352,"column":38}},"352":{"start":{"line":353,"column":0},"end":{"line":353,"column":69}},"353":{"start":{"line":354,"column":0},"end":{"line":354,"column":157}},"355":{"start":{"line":356,"column":0},"end":{"line":356,"column":29}},"356":{"start":{"line":357,"column":0},"end":{"line":357,"column":94}},"358":{"start":{"line":359,"column":0},"end":{"line":359,"column":96}},"360":{"start":{"line":361,"column":0},"end":{"line":361,"column":19}},"361":{"start":{"line":362,"column":0},"end":{"line":362,"column":12}},"363":{"start":{"line":364,"column":0},"end":{"line":364,"column":18}},"365":{"start":{"line":366,"column":0},"end":{"line":366,"column":1}}},"s":{"0":1,"7":13,"8":13,"9":13,"11":13,"12":13,"14":13,"16":13,"17":13,"18":13,"19":13,"20":13,"21":13,"24":13,"25":5,"26":13,"29":13,"30":5,"32":0,"33":0,"34":0,"35":5,"36":5,"37":13,"40":13,"41":0,"43":0,"44":0,"45":0,"47":0,"48":0,"51":0,"52":0,"56":0,"57":0,"58":0,"59":0,"60":0,"61":0,"62":0,"66":0,"67":0,"68":0,"69":0,"70":0,"71":0,"72":0,"75":0,"76":0,"78":13,"79":13,"80":13,"81":24,"82":13,"83":13,"85":13,"86":13,"88":13,"89":1,"90":1,"91":1,"92":1,"94":1,"95":1,"96":1,"97":1,"98":1,"100":1,"101":1,"103":1,"105":12,"106":6,"107":6,"108":6,"110":12,"111":1,"112":1,"114":1,"115":1,"116":1,"117":1,"118":1,"119":1,"121":1,"122":1,"123":1,"124":1,"125":1,"126":1,"128":1,"130":1,"131":1,"132":1,"133":0,"134":0,"135":1,"136":0,"137":0,"138":1,"139":1,"140":1,"141":1,"143":12,"144":12,"145":12,"146":12,"148":12,"149":12,"150":12,"151":12,"152":12,"153":12,"154":12,"155":12,"156":0,"157":0,"158":12,"160":12,"161":12,"162":12,"163":12,"164":12,"165":12,"167":12,"170":12,"171":12,"172":12,"173":12,"174":12,"176":12,"177":12,"178":12,"179":12,"182":12,"183":12,"184":12,"185":12,"187":12,"189":12,"192":12,"193":12,"194":12,"195":12,"197":12,"198":12,"199":12,"201":12,"202":12,"203":12,"204":12,"205":12,"206":12,"208":12,"209":12,"210":24,"211":24,"212":24,"213":24,"214":24,"215":24,"216":24,"217":24,"218":24,"219":12,"220":12,"222":12,"223":12,"224":12,"225":12,"226":12,"227":12,"228":12,"229":12,"230":12,"231":12,"233":12,"234":12,"235":12,"236":12,"237":12,"238":12,"239":12,"242":12,"243":12,"244":12,"245":12,"247":12,"248":12,"249":12,"251":12,"252":12,"253":12,"254":12,"255":12,"256":12,"257":12,"258":12,"259":12,"260":12,"261":12,"262":12,"263":12,"265":12,"266":12,"267":12,"268":12,"269":12,"270":12,"271":12,"272":12,"273":12,"274":12,"275":12,"276":12,"277":12,"278":12,"279":12,"280":12,"281":12,"282":12,"283":12,"284":12,"285":12,"286":12,"287":12,"288":12,"289":12,"290":12,"291":12,"292":12,"295":12,"296":12,"297":12,"298":12,"300":12,"301":12,"302":12,"304":12,"305":13,"306":13,"307":13,"308":13,"309":13,"311":13,"312":13,"313":13,"314":13,"315":13,"317":13,"318":13,"319":13,"320":13,"321":13,"322":13,"323":13,"326":13,"327":13,"328":13,"329":13,"330":13,"331":13,"332":13,"333":13,"334":1,"335":11,"336":13,"338":13,"339":13,"341":13,"342":13,"343":13,"345":13,"346":13,"349":13,"350":13,"351":13,"352":13,"353":13,"355":13,"356":0,"358":12,"360":13,"361":13,"363":13,"365":13},"branchMap":{"0":{"type":"branch","line":8,"loc":{"start":{"line":8,"column":0},"end":{"line":366,"column":1}},"locations":[{"start":{"line":8,"column":0},"end":{"line":366,"column":1}}]},"1":{"type":"branch","line":12,"loc":{"start":{"line":12,"column":62},"end":{"line":12,"column":74}},"locations":[{"start":{"line":12,"column":62},"end":{"line":12,"column":74}}]},"2":{"type":"branch","line":89,"loc":{"start":{"line":89,"column":49},"end":{"line":89,"column":68}},"locations":[{"start":{"line":89,"column":49},"end":{"line":89,"column":68}}]},"3":{"type":"branch","line":89,"loc":{"start":{"line":89,"column":68},"end":{"line":104,"column":3}},"locations":[{"start":{"line":89,"column":68},"end":{"line":104,"column":3}}]},"4":{"type":"branch","line":104,"loc":{"start":{"line":104,"column":2},"end":{"line":306,"column":187}},"locations":[{"start":{"line":104,"column":2},"end":{"line":306,"column":187}}]},"5":{"type":"branch","line":306,"loc":{"start":{"line":306,"column":171},"end":{"line":306,"column":258}},"locations":[{"start":{"line":306,"column":171},"end":{"line":306,"column":258}}]},"6":{"type":"branch","line":306,"loc":{"start":{"line":306,"column":187},"end":{"line":306,"column":306}},"locations":[{"start":{"line":306,"column":187},"end":{"line":306,"column":306}}]},"7":{"type":"branch","line":308,"loc":{"start":{"line":308,"column":84},"end":{"line":308,"column":117}},"locations":[{"start":{"line":308,"column":84},"end":{"line":308,"column":117}}]},"8":{"type":"branch","line":308,"loc":{"start":{"line":308,"column":100},"end":{"line":308,"column":132}},"locations":[{"start":{"line":308,"column":100},"end":{"line":308,"column":132}}]},"9":{"type":"branch","line":309,"loc":{"start":{"line":309,"column":91},"end":{"line":309,"column":122}},"locations":[{"start":{"line":309,"column":91},"end":{"line":309,"column":122}}]},"10":{"type":"branch","line":309,"loc":{"start":{"line":309,"column":107},"end":{"line":309,"column":137}},"locations":[{"start":{"line":309,"column":107},"end":{"line":309,"column":137}}]},"11":{"type":"branch","line":312,"loc":{"start":{"line":312,"column":171},"end":{"line":312,"column":250}},"locations":[{"start":{"line":312,"column":171},"end":{"line":312,"column":250}}]},"12":{"type":"branch","line":312,"loc":{"start":{"line":312,"column":179},"end":{"line":312,"column":298}},"locations":[{"start":{"line":312,"column":179},"end":{"line":312,"column":298}}]},"13":{"type":"branch","line":314,"loc":{"start":{"line":314,"column":80},"end":{"line":314,"column":105}},"locations":[{"start":{"line":314,"column":80},"end":{"line":314,"column":105}}]},"14":{"type":"branch","line":314,"loc":{"start":{"line":314,"column":88},"end":{"line":314,"column":120}},"locations":[{"start":{"line":314,"column":88},"end":{"line":314,"column":120}}]},"15":{"type":"branch","line":315,"loc":{"start":{"line":315,"column":91},"end":{"line":315,"column":114}},"locations":[{"start":{"line":315,"column":91},"end":{"line":315,"column":114}}]},"16":{"type":"branch","line":315,"loc":{"start":{"line":315,"column":99},"end":{"line":315,"column":129}},"locations":[{"start":{"line":315,"column":99},"end":{"line":315,"column":129}}]},"17":{"type":"branch","line":318,"loc":{"start":{"line":318,"column":171},"end":{"line":318,"column":256}},"locations":[{"start":{"line":318,"column":171},"end":{"line":318,"column":256}}]},"18":{"type":"branch","line":318,"loc":{"start":{"line":318,"column":185},"end":{"line":318,"column":304}},"locations":[{"start":{"line":318,"column":185},"end":{"line":318,"column":304}}]},"19":{"type":"branch","line":320,"loc":{"start":{"line":320,"column":82},"end":{"line":320,"column":113}},"locations":[{"start":{"line":320,"column":82},"end":{"line":320,"column":113}}]},"20":{"type":"branch","line":320,"loc":{"start":{"line":320,"column":96},"end":{"line":320,"column":128}},"locations":[{"start":{"line":320,"column":96},"end":{"line":320,"column":128}}]},"21":{"type":"branch","line":321,"loc":{"start":{"line":321,"column":91},"end":{"line":321,"column":120}},"locations":[{"start":{"line":321,"column":91},"end":{"line":321,"column":120}}]},"22":{"type":"branch","line":321,"loc":{"start":{"line":321,"column":105},"end":{"line":321,"column":135}},"locations":[{"start":{"line":321,"column":105},"end":{"line":321,"column":135}}]},"23":{"type":"branch","line":331,"loc":{"start":{"line":331,"column":25},"end":{"line":331,"column":58}},"locations":[{"start":{"line":331,"column":25},"end":{"line":331,"column":58}}]},"24":{"type":"branch","line":331,"loc":{"start":{"line":331,"column":54},"end":{"line":331,"column":61}},"locations":[{"start":{"line":331,"column":54},"end":{"line":331,"column":61}}]},"25":{"type":"branch","line":332,"loc":{"start":{"line":332,"column":23},"end":{"line":332,"column":56}},"locations":[{"start":{"line":332,"column":23},"end":{"line":332,"column":56}}]},"26":{"type":"branch","line":332,"loc":{"start":{"line":332,"column":52},"end":{"line":332,"column":59}},"locations":[{"start":{"line":332,"column":52},"end":{"line":332,"column":59}}]},"27":{"type":"branch","line":334,"loc":{"start":{"line":334,"column":16},"end":{"line":335,"column":88}},"locations":[{"start":{"line":334,"column":16},"end":{"line":335,"column":88}}]},"28":{"type":"branch","line":335,"loc":{"start":{"line":335,"column":18},"end":{"line":336,"column":119}},"locations":[{"start":{"line":335,"column":18},"end":{"line":336,"column":119}}]},"29":{"type":"branch","line":339,"loc":{"start":{"line":339,"column":13},"end":{"line":339,"column":47}},"locations":[{"start":{"line":339,"column":13},"end":{"line":339,"column":47}}]},"30":{"type":"branch","line":339,"loc":{"start":{"line":339,"column":28},"end":{"line":339,"column":69}},"locations":[{"start":{"line":339,"column":28},"end":{"line":339,"column":69}}]},"31":{"type":"branch","line":353,"loc":{"start":{"line":353,"column":21},"end":{"line":353,"column":53}},"locations":[{"start":{"line":353,"column":21},"end":{"line":353,"column":53}}]},"32":{"type":"branch","line":353,"loc":{"start":{"line":353,"column":34},"end":{"line":353,"column":69}},"locations":[{"start":{"line":353,"column":34},"end":{"line":353,"column":69}}]},"33":{"type":"branch","line":356,"loc":{"start":{"line":356,"column":15},"end":{"line":357,"column":94}},"locations":[{"start":{"line":356,"column":15},"end":{"line":357,"column":94}}]},"34":{"type":"branch","line":357,"loc":{"start":{"line":357,"column":92},"end":{"line":359,"column":96}},"locations":[{"start":{"line":357,"column":92},"end":{"line":359,"column":96}}]},"35":{"type":"branch","line":25,"loc":{"start":{"line":25,"column":12},"end":{"line":27,"column":5}},"locations":[{"start":{"line":25,"column":12},"end":{"line":27,"column":5}}]},"36":{"type":"branch","line":30,"loc":{"start":{"line":30,"column":12},"end":{"line":38,"column":5}},"locations":[{"start":{"line":30,"column":12},"end":{"line":38,"column":5}}]},"37":{"type":"branch","line":37,"loc":{"start":{"line":37,"column":11},"end":{"line":37,"column":68}},"locations":[{"start":{"line":37,"column":11},"end":{"line":37,"column":68}}]},"38":{"type":"branch","line":81,"loc":{"start":{"line":81,"column":36},"end":{"line":83,"column":7}},"locations":[{"start":{"line":81,"column":36},"end":{"line":83,"column":7}}]},"39":{"type":"branch","line":106,"loc":{"start":{"line":106,"column":23},"end":{"line":109,"column":4}},"locations":[{"start":{"line":106,"column":23},"end":{"line":109,"column":4}}]},"40":{"type":"branch","line":108,"loc":{"start":{"line":108,"column":16},"end":{"line":108,"column":54}},"locations":[{"start":{"line":108,"column":16},"end":{"line":108,"column":54}}]},"41":{"type":"branch","line":111,"loc":{"start":{"line":111,"column":23},"end":{"line":142,"column":4}},"locations":[{"start":{"line":111,"column":23},"end":{"line":142,"column":4}}]},"42":{"type":"branch","line":133,"loc":{"start":{"line":133,"column":8},"end":{"line":135,"column":9}},"locations":[{"start":{"line":133,"column":8},"end":{"line":135,"column":9}}]},"43":{"type":"branch","line":136,"loc":{"start":{"line":136,"column":4},"end":{"line":139,"column":6}},"locations":[{"start":{"line":136,"column":4},"end":{"line":139,"column":6}}]},"44":{"type":"branch","line":149,"loc":{"start":{"line":149,"column":21},"end":{"line":159,"column":4}},"locations":[{"start":{"line":149,"column":21},"end":{"line":159,"column":4}}]},"45":{"type":"branch","line":156,"loc":{"start":{"line":156,"column":4},"end":{"line":158,"column":5}},"locations":[{"start":{"line":156,"column":4},"end":{"line":158,"column":5}}]},"46":{"type":"branch","line":210,"loc":{"start":{"line":210,"column":33},"end":{"line":219,"column":22}},"locations":[{"start":{"line":210,"column":33},"end":{"line":219,"column":22}}]}},"b":{"0":[13],"1":[0],"2":[12],"3":[1],"4":[12],"5":[11],"6":[1],"7":[11],"8":[1],"9":[11],"10":[1],"11":[1],"12":[11],"13":[1],"14":[11],"15":[1],"16":[11],"17":[0],"18":[12],"19":[0],"20":[12],"21":[0],"22":[12],"23":[11],"24":[1],"25":[11],"26":[1],"27":[1],"28":[11],"29":[1],"30":[11],"31":[0],"32":[12],"33":[0],"34":[12],"35":[5],"36":[5],"37":[5],"38":[24],"39":[6],"40":[6],"41":[1],"42":[0],"43":[0],"44":[12],"45":[0],"46":[24]},"fnMap":{"0":{"name":"Checkout","decl":{"start":{"line":8,"column":0},"end":{"line":366,"column":1}},"loc":{"start":{"line":8,"column":0},"end":{"line":366,"column":1}},"line":8},"1":{"name":"handleScroll","decl":{"start":{"line":31,"column":25},"end":{"line":35,"column":6}},"loc":{"start":{"line":31,"column":25},"end":{"line":35,"column":6}},"line":31},"2":{"name":"handleFabClick","decl":{"start":{"line":41,"column":25},"end":{"line":77,"column":4}},"loc":{"start":{"line":41,"column":25},"end":{"line":77,"column":4}},"line":41},"3":{"name":"handleChange","decl":{"start":{"line":106,"column":23},"end":{"line":109,"column":4}},"loc":{"start":{"line":106,"column":23},"end":{"line":109,"column":4}},"line":106},"4":{"name":"handleSubmit","decl":{"start":{"line":111,"column":23},"end":{"line":142,"column":4}},"loc":{"start":{"line":111,"column":23},"end":{"line":142,"column":4}},"line":111},"5":{"name":"formatDate","decl":{"start":{"line":149,"column":21},"end":{"line":159,"column":4}},"loc":{"start":{"line":149,"column":21},"end":{"line":159,"column":4}},"line":149},"6":{"name":"onClick","decl":{"start":{"line":173,"column":25},"end":{"line":173,"column":44}},"loc":{"start":{"line":173,"column":25},"end":{"line":173,"column":44}},"line":173}},"f":{"0":13,"1":0,"2":0,"3":6,"4":1,"5":12,"6":0}}
,"C:\\Users\\Lui\\Downloads\\siteingressoFINAL\\Site-de-ingressos\\FrontEnd\\src\\components\\CustomCheckbox.jsx": {"path":"C:\\Users\\Lui\\Downloads\\siteingressoFINAL\\Site-de-ingressos\\FrontEnd\\src\\components\\CustomCheckbox.jsx","all":false,"statementMap":{"0":{"start":{"line":1,"column":0},"end":{"line":1,"column":26}},"13":{"start":{"line":14,"column":0},"end":{"line":14,"column":74}},"14":{"start":{"line":15,"column":0},"end":{"line":15,"column":10}},"16":{"start":{"line":17,"column":0},"end":{"line":17,"column":135}},"19":{"start":{"line":20,"column":0},"end":{"line":20,"column":12}},"20":{"start":{"line":21,"column":0},"end":{"line":21,"column":15}},"21":{"start":{"line":22,"column":0},"end":{"line":22,"column":23}},"22":{"start":{"line":23,"column":0},"end":{"line":23,"column":25}},"23":{"start":{"line":24,"column":0},"end":{"line":24,"column":27}},"24":{"start":{"line":25,"column":0},"end":{"line":25,"column":111}},"25":{"start":{"line":26,"column":0},"end":{"line":26,"column":8}},"28":{"start":{"line":29,"column":0},"end":{"line":29,"column":22}},"44":{"start":{"line":45,"column":0},"end":{"line":45,"column":15}},"45":{"start":{"line":46,"column":0},"end":{"line":46,"column":22}},"49":{"start":{"line":50,"column":0},"end":{"line":50,"column":52}},"51":{"start":{"line":52,"column":0},"end":{"line":52,"column":10}},"52":{"start":{"line":53,"column":0},"end":{"line":53,"column":12}},"55":{"start":{"line":56,"column":0},"end":{"line":56,"column":47}},"57":{"start":{"line":58,"column":0},"end":{"line":58,"column":12}},"59":{"start":{"line":60,"column":0},"end":{"line":60,"column":1}}},"s":{"0":1,"13":120,"14":120,"16":120,"19":120,"20":120,"21":120,"22":120,"23":120,"24":120,"25":120,"28":120,"44":120,"45":120,"49":120,"51":120,"52":120,"55":120,"57":120,"59":120},"branchMap":{"0":{"type":"branch","line":14,"loc":{"start":{"line":14,"column":0},"end":{"line":60,"column":1}},"locations":[{"start":{"line":14,"column":0},"end":{"line":60,"column":1}}]},"1":{"type":"branch","line":50,"loc":{"start":{"line":50,"column":14},"end":{"line":50,"column":40}},"locations":[{"start":{"line":50,"column":14},"end":{"line":50,"column":40}}]}},"b":{"0":[120],"1":[0]},"fnMap":{"0":{"name":"CustomCheckbox","decl":{"start":{"line":14,"column":0},"end":{"line":60,"column":1}},"loc":{"start":{"line":14,"column":0},"end":{"line":60,"column":1}},"line":14}},"f":{"0":120}}
,"C:\\Users\\Lui\\Downloads\\siteingressoFINAL\\Site-de-ingressos\\FrontEnd\\src\\components\\CustomRange.jsx": {"path":"C:\\Users\\Lui\\Downloads\\siteingressoFINAL\\Site-de-ingressos\\FrontEnd\\src\\components\\CustomRange.jsx","all":true,"statementMap":{"0":{"start":{"line":1,"column":0},"end":{"line":1,"column":26}},"2":{"start":{"line":3,"column":0},"end":{"line":3,"column":68}},"3":{"start":{"line":4,"column":0},"end":{"line":4,"column":10}},"4":{"start":{"line":5,"column":0},"end":{"line":5,"column":10}},"5":{"start":{"line":6,"column":0},"end":{"line":6,"column":18}},"6":{"start":{"line":7,"column":0},"end":{"line":7,"column":15}},"7":{"start":{"line":8,"column":0},"end":{"line":8,"column":15}},"8":{"start":{"line":9,"column":0},"end":{"line":9,"column":19}},"9":{"start":{"line":10,"column":0},"end":{"line":10,"column":56}},"10":{"start":{"line":11,"column":0},"end":{"line":11,"column":104}},"11":{"start":{"line":12,"column":0},"end":{"line":12,"column":6}},"13":{"start":{"line":14,"column":0},"end":{"line":14,"column":1}}},"s":{"0":0,"2":0,"3":0,"4":0,"5":0,"6":0,"7":0,"8":0,"9":0,"10":0,"11":0,"13":0},"branchMap":{"0":{"type":"branch","line":1,"loc":{"start":{"line":1,"column":0},"end":{"line":14,"column":-201}},"locations":[{"start":{"line":1,"column":0},"end":{"line":14,"column":-201}}]}},"b":{"0":[0]},"fnMap":{"0":{"name":"(empty-report)","decl":{"start":{"line":1,"column":0},"end":{"line":14,"column":-201}},"loc":{"start":{"line":1,"column":0},"end":{"line":14,"column":-201}},"line":1}},"f":{"0":0}}
,"C:\\Users\\Lui\\Downloads\\siteingressoFINAL\\Site-de-ingressos\\FrontEnd\\src\\components\\CustomSelect.jsx": {"path":"C:\\Users\\Lui\\Downloads\\siteingressoFINAL\\Site-de-ingressos\\FrontEnd\\src\\components\\CustomSelect.jsx","all":true,"statementMap":{"0":{"start":{"line":1,"column":0},"end":{"line":1,"column":26}},"2":{"start":{"line":3,"column":0},"end":{"line":3,"column":38}},"3":{"start":{"line":4,"column":0},"end":{"line":4,"column":15}},"4":{"start":{"line":5,"column":0},"end":{"line":5,"column":8}},"5":{"start":{"line":6,"column":0},"end":{"line":6,"column":11}},"6":{"start":{"line":7,"column":0},"end":{"line":7,"column":14}},"7":{"start":{"line":8,"column":0},"end":{"line":8,"column":4}},"8":{"start":{"line":9,"column":0},"end":{"line":9,"column":10}},"9":{"start":{"line":10,"column":0},"end":{"line":10,"column":11}},"10":{"start":{"line":11,"column":0},"end":{"line":11,"column":25}},"11":{"start":{"line":12,"column":0},"end":{"line":12,"column":48}},"12":{"start":{"line":13,"column":0},"end":{"line":13,"column":96}},"14":{"start":{"line":15,"column":0},"end":{"line":15,"column":23}},"15":{"start":{"line":16,"column":0},"end":{"line":16,"column":34}},"16":{"start":{"line":17,"column":0},"end":{"line":17,"column":23}},"17":{"start":{"line":18,"column":0},"end":{"line":18,"column":17}},"19":{"start":{"line":20,"column":0},"end":{"line":20,"column":32}},"20":{"start":{"line":21,"column":0},"end":{"line":21,"column":44}},"21":{"start":{"line":22,"column":0},"end":{"line":22,"column":18}},"22":{"start":{"line":23,"column":0},"end":{"line":23,"column":17}},"23":{"start":{"line":24,"column":0},"end":{"line":24,"column":9}},"24":{"start":{"line":25,"column":0},"end":{"line":25,"column":13}},"26":{"start":{"line":27,"column":0},"end":{"line":27,"column":1}}},"s":{"0":0,"2":0,"3":0,"4":0,"5":0,"6":0,"7":0,"8":0,"9":0,"10":0,"11":0,"12":0,"14":0,"15":0,"16":0,"17":0,"19":0,"20":0,"21":0,"22":0,"23":0,"24":0,"26":0},"branchMap":{"0":{"type":"branch","line":1,"loc":{"start":{"line":1,"column":0},"end":{"line":27,"column":-232}},"locations":[{"start":{"line":1,"column":0},"end":{"line":27,"column":-232}}]}},"b":{"0":[0]},"fnMap":{"0":{"name":"(empty-report)","decl":{"start":{"line":1,"column":0},"end":{"line":27,"column":-232}},"loc":{"start":{"line":1,"column":0},"end":{"line":27,"column":-232}},"line":1}},"f":{"0":0}}
,"C:\\Users\\Lui\\Downloads\\siteingressoFINAL\\Site-de-ingressos\\FrontEnd\\src\\components\\FAQ.jsx": {"path":"C:\\Users\\Lui\\Downloads\\siteingressoFINAL\\Site-de-ingressos\\FrontEnd\\src\\components\\FAQ.jsx","all":false,"statementMap":{"0":{"start":{"line":1,"column":0},"end":{"line":1,"column":42}},"9":{"start":{"line":10,"column":0},"end":{"line":10,"column":28}},"11":{"start":{"line":12,"column":0},"end":{"line":12,"column":39}},"12":{"start":{"line":13,"column":0},"end":{"line":13,"column":62}},"13":{"start":{"line":14,"column":0},"end":{"line":14,"column":27}},"14":{"start":{"line":15,"column":0},"end":{"line":15,"column":80}},"15":{"start":{"line":16,"column":0},"end":{"line":16,"column":9}},"16":{"start":{"line":17,"column":0},"end":{"line":17,"column":6}},"18":{"start":{"line":19,"column":0},"end":{"line":19,"column":12}},"19":{"start":{"line":20,"column":0},"end":{"line":20,"column":47}},"21":{"start":{"line":22,"column":0},"end":{"line":22,"column":60}},"24":{"start":{"line":25,"column":0},"end":{"line":25,"column":82}},"26":{"start":{"line":27,"column":0},"end":{"line":27,"column":30}},"27":{"start":{"line":28,"column":0},"end":{"line":28,"column":56}},"28":{"start":{"line":29,"column":0},"end":{"line":29,"column":58}},"29":{"start":{"line":30,"column":0},"end":{"line":30,"column":54}},"30":{"start":{"line":31,"column":0},"end":{"line":31,"column":155}},"31":{"start":{"line":32,"column":0},"end":{"line":32,"column":21}},"33":{"start":{"line":34,"column":0},"end":{"line":34,"column":32}},"34":{"start":{"line":35,"column":0},"end":{"line":35,"column":22}},"37":{"start":{"line":38,"column":0},"end":{"line":38,"column":28}},"38":{"start":{"line":39,"column":0},"end":{"line":39,"column":51}},"39":{"start":{"line":40,"column":0},"end":{"line":40,"column":54}},"40":{"start":{"line":41,"column":0},"end":{"line":41,"column":45}},"41":{"start":{"line":42,"column":0},"end":{"line":42,"column":62}},"42":{"start":{"line":43,"column":0},"end":{"line":43,"column":76}},"46":{"start":{"line":47,"column":0},"end":{"line":47,"column":86}},"47":{"start":{"line":48,"column":0},"end":{"line":48,"column":80}},"48":{"start":{"line":49,"column":0},"end":{"line":49,"column":128}},"50":{"start":{"line":51,"column":0},"end":{"line":51,"column":29}},"51":{"start":{"line":52,"column":0},"end":{"line":52,"column":67}},"53":{"start":{"line":54,"column":0},"end":{"line":54,"column":28}},"54":{"start":{"line":55,"column":0},"end":{"line":55,"column":26}},"57":{"start":{"line":58,"column":0},"end":{"line":58,"column":86}},"58":{"start":{"line":59,"column":0},"end":{"line":59,"column":84}},"59":{"start":{"line":60,"column":0},"end":{"line":60,"column":128}},"61":{"start":{"line":62,"column":0},"end":{"line":62,"column":29}},"62":{"start":{"line":63,"column":0},"end":{"line":63,"column":67}},"64":{"start":{"line":65,"column":0},"end":{"line":65,"column":28}},"65":{"start":{"line":66,"column":0},"end":{"line":66,"column":26}},"68":{"start":{"line":69,"column":0},"end":{"line":69,"column":86}},"69":{"start":{"line":70,"column":0},"end":{"line":70,"column":80}},"70":{"start":{"line":71,"column":0},"end":{"line":71,"column":128}},"72":{"start":{"line":73,"column":0},"end":{"line":73,"column":29}},"73":{"start":{"line":74,"column":0},"end":{"line":74,"column":67}},"75":{"start":{"line":76,"column":0},"end":{"line":76,"column":28}},"76":{"start":{"line":77,"column":0},"end":{"line":77,"column":26}},"77":{"start":{"line":78,"column":0},"end":{"line":78,"column":29}},"79":{"start":{"line":80,"column":0},"end":{"line":80,"column":81}},"80":{"start":{"line":81,"column":0},"end":{"line":81,"column":96}},"81":{"start":{"line":82,"column":0},"end":{"line":82,"column":56}},"82":{"start":{"line":83,"column":0},"end":{"line":83,"column":27}},"83":{"start":{"line":84,"column":0},"end":{"line":84,"column":22}},"84":{"start":{"line":85,"column":0},"end":{"line":85,"column":18}},"85":{"start":{"line":86,"column":0},"end":{"line":86,"column":14}},"87":{"start":{"line":88,"column":0},"end":{"line":88,"column":1}},"90":{"start":{"line":91,"column":0},"end":{"line":91,"column":31}},"91":{"start":{"line":92,"column":0},"end":{"line":92,"column":10}},"92":{"start":{"line":93,"column":0},"end":{"line":93,"column":68}},"93":{"start":{"line":94,"column":0},"end":{"line":94,"column":54}},"95":{"start":{"line":96,"column":0},"end":{"line":96,"column":45}},"96":{"start":{"line":97,"column":0},"end":{"line":97,"column":22}},"97":{"start":{"line":98,"column":0},"end":{"line":98,"column":46}},"98":{"start":{"line":99,"column":0},"end":{"line":99,"column":48}},"99":{"start":{"line":100,"column":0},"end":{"line":100,"column":44}},"100":{"start":{"line":101,"column":0},"end":{"line":101,"column":136}},"101":{"start":{"line":102,"column":0},"end":{"line":102,"column":13}},"103":{"start":{"line":104,"column":0},"end":{"line":104,"column":24}},"105":{"start":{"line":106,"column":0},"end":{"line":106,"column":21}},"106":{"start":{"line":107,"column":0},"end":{"line":107,"column":38}},"107":{"start":{"line":108,"column":0},"end":{"line":108,"column":42}},"108":{"start":{"line":109,"column":0},"end":{"line":109,"column":41}},"109":{"start":{"line":110,"column":0},"end":{"line":110,"column":71}},"110":{"start":{"line":111,"column":0},"end":{"line":111,"column":13}},"112":{"start":{"line":113,"column":0},"end":{"line":113,"column":23}},"113":{"start":{"line":114,"column":0},"end":{"line":114,"column":16}},"115":{"start":{"line":116,"column":0},"end":{"line":116,"column":50}},"116":{"start":{"line":117,"column":0},"end":{"line":117,"column":32}},"117":{"start":{"line":118,"column":0},"end":{"line":118,"column":26}},"118":{"start":{"line":119,"column":0},"end":{"line":119,"column":28}},"119":{"start":{"line":120,"column":0},"end":{"line":120,"column":33}},"120":{"start":{"line":121,"column":0},"end":{"line":121,"column":45}},"121":{"start":{"line":122,"column":0},"end":{"line":122,"column":16}},"122":{"start":{"line":123,"column":0},"end":{"line":123,"column":15}},"123":{"start":{"line":124,"column":0},"end":{"line":124,"column":16}},"125":{"start":{"line":126,"column":0},"end":{"line":126,"column":12}},"126":{"start":{"line":127,"column":0},"end":{"line":127,"column":10}},"128":{"start":{"line":129,"column":0},"end":{"line":129,"column":1}},"131":{"start":{"line":132,"column":0},"end":{"line":132,"column":38}},"132":{"start":{"line":133,"column":0},"end":{"line":133,"column":12}},"133":{"start":{"line":134,"column":0},"end":{"line":134,"column":92}},"134":{"start":{"line":135,"column":0},"end":{"line":135,"column":72}},"136":{"start":{"line":137,"column":0},"end":{"line":137,"column":26}},"137":{"start":{"line":138,"column":0},"end":{"line":138,"column":50}},"138":{"start":{"line":139,"column":0},"end":{"line":139,"column":52}},"139":{"start":{"line":140,"column":0},"end":{"line":140,"column":48}},"140":{"start":{"line":141,"column":0},"end":{"line":141,"column":140}},"141":{"start":{"line":142,"column":0},"end":{"line":142,"column":17}},"143":{"start":{"line":144,"column":0},"end":{"line":144,"column":28}},"146":{"start":{"line":147,"column":0},"end":{"line":147,"column":25}},"147":{"start":{"line":148,"column":0},"end":{"line":148,"column":44}},"148":{"start":{"line":149,"column":0},"end":{"line":149,"column":48}},"149":{"start":{"line":150,"column":0},"end":{"line":150,"column":47}},"150":{"start":{"line":151,"column":0},"end":{"line":151,"column":77}},"151":{"start":{"line":152,"column":0},"end":{"line":152,"column":17}},"153":{"start":{"line":154,"column":0},"end":{"line":154,"column":27}},"155":{"start":{"line":156,"column":0},"end":{"line":156,"column":21}},"156":{"start":{"line":157,"column":0},"end":{"line":157,"column":46}},"157":{"start":{"line":158,"column":0},"end":{"line":158,"column":22}},"158":{"start":{"line":159,"column":0},"end":{"line":159,"column":18}},"159":{"start":{"line":160,"column":0},"end":{"line":160,"column":14}},"161":{"start":{"line":162,"column":0},"end":{"line":162,"column":1}}},"s":{"0":1,"9":1,"11":7,"12":1,"13":1,"14":1,"15":1,"16":1,"18":7,"19":7,"21":7,"24":7,"26":7,"27":7,"28":7,"29":7,"30":7,"31":7,"33":7,"34":7,"37":7,"38":7,"39":7,"40":7,"41":7,"42":7,"46":7,"47":7,"48":7,"50":7,"51":7,"53":7,"54":7,"57":7,"58":7,"59":7,"61":7,"62":7,"64":7,"65":7,"68":7,"69":7,"70":7,"72":7,"73":7,"75":7,"76":7,"77":7,"79":7,"80":7,"81":7,"82":7,"83":7,"84":7,"85":7,"87":7,"90":7,"91":7,"92":7,"93":7,"95":7,"96":7,"97":7,"98":7,"99":7,"100":7,"101":7,"103":7,"105":7,"106":7,"107":7,"108":7,"109":7,"110":7,"112":7,"113":7,"115":7,"116":7,"117":35,"118":35,"119":35,"120":35,"121":35,"122":7,"123":7,"125":7,"126":7,"128":7,"131":1,"132":7,"133":7,"134":7,"136":7,"137":7,"138":7,"139":7,"140":7,"141":7,"143":7,"146":7,"147":7,"148":7,"149":7,"150":7,"151":7,"153":7,"155":7,"156":7,"157":7,"158":7,"159":7,"161":7},"branchMap":{"0":{"type":"branch","line":10,"loc":{"start":{"line":10,"column":7},"end":{"line":88,"column":1}},"locations":[{"start":{"line":10,"column":7},"end":{"line":88,"column":1}}]},"1":{"type":"branch","line":12,"loc":{"start":{"line":12,"column":32},"end":{"line":17,"column":6}},"locations":[{"start":{"line":12,"column":32},"end":{"line":17,"column":6}}]},"2":{"type":"branch","line":91,"loc":{"start":{"line":91,"column":0},"end":{"line":129,"column":1}},"locations":[{"start":{"line":91,"column":0},"end":{"line":129,"column":1}}]},"3":{"type":"branch","line":117,"loc":{"start":{"line":117,"column":22},"end":{"line":122,"column":16}},"locations":[{"start":{"line":117,"column":22},"end":{"line":122,"column":16}}]},"4":{"type":"branch","line":132,"loc":{"start":{"line":132,"column":7},"end":{"line":162,"column":1}},"locations":[{"start":{"line":132,"column":7},"end":{"line":162,"column":1}}]}},"b":{"0":[7],"1":[1],"2":[7],"3":[35],"4":[7]},"fnMap":{"0":{"name":"HowToBuy","decl":{"start":{"line":10,"column":7},"end":{"line":88,"column":1}},"loc":{"start":{"line":10,"column":7},"end":{"line":88,"column":1}},"line":10},"1":{"name":"handleScrollToShows","decl":{"start":{"line":12,"column":32},"end":{"line":17,"column":6}},"loc":{"start":{"line":12,"column":32},"end":{"line":17,"column":6}},"line":12},"2":{"name":"FAQ","decl":{"start":{"line":91,"column":0},"end":{"line":129,"column":1}},"loc":{"start":{"line":91,"column":0},"end":{"line":129,"column":1}},"line":91},"3":{"name":"StillHaveQuestions","decl":{"start":{"line":132,"column":7},"end":{"line":162,"column":1}},"loc":{"start":{"line":132,"column":7},"end":{"line":162,"column":1}},"line":132}},"f":{"0":7,"1":1,"2":7,"3":7}}
,"C:\\Users\\Lui\\Downloads\\siteingressoFINAL\\Site-de-ingressos\\FrontEnd\\src\\components\\FAQDropDown.jsx": {"path":"C:\\Users\\Lui\\Downloads\\siteingressoFINAL\\Site-de-ingressos\\FrontEnd\\src\\components\\FAQDropDown.jsx","all":false,"statementMap":{"0":{"start":{"line":1,"column":0},"end":{"line":1,"column":50}},"5":{"start":{"line":6,"column":0},"end":{"line":6,"column":61}},"6":{"start":{"line":7,"column":0},"end":{"line":7,"column":46}},"8":{"start":{"line":9,"column":0},"end":{"line":9,"column":10}},"12":{"start":{"line":13,"column":0},"end":{"line":13,"column":68}},"13":{"start":{"line":14,"column":0},"end":{"line":14,"column":13}},"14":{"start":{"line":15,"column":0},"end":{"line":15,"column":42}},"15":{"start":{"line":16,"column":0},"end":{"line":16,"column":110}},"16":{"start":{"line":17,"column":0},"end":{"line":17,"column":95}},"18":{"start":{"line":19,"column":0},"end":{"line":19,"column":97}},"19":{"start":{"line":20,"column":0},"end":{"line":20,"column":19}},"20":{"start":{"line":21,"column":0},"end":{"line":21,"column":13}},"21":{"start":{"line":22,"column":0},"end":{"line":22,"column":19}},"22":{"start":{"line":23,"column":0},"end":{"line":23,"column":56}},"24":{"start":{"line":25,"column":0},"end":{"line":25,"column":58}},"26":{"start":{"line":27,"column":0},"end":{"line":27,"column":15}},"28":{"start":{"line":29,"column":0},"end":{"line":29,"column":18}},"29":{"start":{"line":30,"column":0},"end":{"line":30,"column":118}},"30":{"start":{"line":31,"column":0},"end":{"line":31,"column":23}},"31":{"start":{"line":32,"column":0},"end":{"line":32,"column":12}},"33":{"start":{"line":34,"column":0},"end":{"line":34,"column":10}},"35":{"start":{"line":36,"column":0},"end":{"line":36,"column":1}}},"s":{"0":1,"5":35,"6":35,"8":35,"12":35,"13":35,"14":35,"15":35,"16":35,"18":35,"19":35,"20":35,"21":35,"22":0,"24":35,"26":35,"28":35,"29":0,"30":0,"31":0,"33":35,"35":35},"branchMap":{"0":{"type":"branch","line":6,"loc":{"start":{"line":6,"column":0},"end":{"line":36,"column":1}},"locations":[{"start":{"line":6,"column":0},"end":{"line":36,"column":1}}]},"1":{"type":"branch","line":17,"loc":{"start":{"line":17,"column":20},"end":{"line":17,"column":63}},"locations":[{"start":{"line":17,"column":20},"end":{"line":17,"column":63}}]},"2":{"type":"branch","line":22,"loc":{"start":{"line":22,"column":9},"end":{"line":23,"column":56}},"locations":[{"start":{"line":22,"column":9},"end":{"line":23,"column":56}}]},"3":{"type":"branch","line":29,"loc":{"start":{"line":29,"column":7},"end":{"line":32,"column":12}},"locations":[{"start":{"line":29,"column":7},"end":{"line":32,"column":12}}]}},"b":{"0":[35],"1":[0],"2":[0],"3":[0]},"fnMap":{"0":{"name":"FaqDropDown","decl":{"start":{"line":6,"column":0},"end":{"line":36,"column":1}},"loc":{"start":{"line":6,"column":0},"end":{"line":36,"column":1}},"line":6},"1":{"name":"onClick","decl":{"start":{"line":15,"column":17},"end":{"line":15,"column":42}},"loc":{"start":{"line":15,"column":17},"end":{"line":15,"column":42}},"line":15}},"f":{"0":35,"1":0}}
,"C:\\Users\\Lui\\Downloads\\siteingressoFINAL\\Site-de-ingressos\\FrontEnd\\src\\components\\FilterSidebars.jsx": {"path":"C:\\Users\\Lui\\Downloads\\siteingressoFINAL\\Site-de-ingressos\\FrontEnd\\src\\components\\FilterSidebars.jsx","all":false,"statementMap":{"0":{"start":{"line":1,"column":0},"end":{"line":1,"column":26}},"4":{"start":{"line":5,"column":0},"end":{"line":5,"column":85}},"5":{"start":{"line":6,"column":0},"end":{"line":6,"column":77}},"6":{"start":{"line":7,"column":0},"end":{"line":7,"column":27}},"9":{"start":{"line":10,"column":0},"end":{"line":10,"column":51}},"10":{"start":{"line":11,"column":0},"end":{"line":11,"column":54}},"13":{"start":{"line":14,"column":0},"end":{"line":14,"column":83}},"16":{"start":{"line":17,"column":0},"end":{"line":17,"column":32}},"17":{"start":{"line":18,"column":0},"end":{"line":18,"column":40}},"19":{"start":{"line":20,"column":0},"end":{"line":20,"column":71}},"20":{"start":{"line":21,"column":0},"end":{"line":21,"column":12}},"22":{"start":{"line":23,"column":0},"end":{"line":23,"column":58}},"23":{"start":{"line":24,"column":0},"end":{"line":24,"column":5}},"24":{"start":{"line":25,"column":0},"end":{"line":25,"column":4}},"27":{"start":{"line":28,"column":0},"end":{"line":28,"column":36}},"28":{"start":{"line":29,"column":0},"end":{"line":29,"column":43}},"29":{"start":{"line":30,"column":0},"end":{"line":30,"column":76}},"30":{"start":{"line":31,"column":0},"end":{"line":31,"column":12}},"31":{"start":{"line":32,"column":0},"end":{"line":32,"column":63}},"32":{"start":{"line":33,"column":0},"end":{"line":33,"column":5}},"33":{"start":{"line":34,"column":0},"end":{"line":34,"column":4}},"35":{"start":{"line":36,"column":0},"end":{"line":36,"column":32}},"36":{"start":{"line":37,"column":0},"end":{"line":37,"column":31}},"37":{"start":{"line":38,"column":0},"end":{"line":38,"column":33}},"38":{"start":{"line":39,"column":0},"end":{"line":39,"column":4}},"40":{"start":{"line":41,"column":0},"end":{"line":41,"column":10}},"41":{"start":{"line":42,"column":0},"end":{"line":42,"column":90}},"44":{"start":{"line":45,"column":0},"end":{"line":45,"column":98}},"45":{"start":{"line":46,"column":0},"end":{"line":46,"column":70}},"47":{"start":{"line":48,"column":0},"end":{"line":48,"column":13}},"50":{"start":{"line":51,"column":0},"end":{"line":51,"column":16}},"51":{"start":{"line":52,"column":0},"end":{"line":52,"column":29}},"52":{"start":{"line":53,"column":0},"end":{"line":53,"column":39}},"53":{"start":{"line":54,"column":0},"end":{"line":54,"column":156}},"55":{"start":{"line":56,"column":0},"end":{"line":56,"column":46}},"56":{"start":{"line":57,"column":0},"end":{"line":57,"column":17}},"57":{"start":{"line":58,"column":0},"end":{"line":58,"column":12}},"59":{"start":{"line":60,"column":0},"end":{"line":60,"column":53}},"62":{"start":{"line":63,"column":0},"end":{"line":63,"column":33}},"63":{"start":{"line":64,"column":0},"end":{"line":64,"column":116}},"65":{"start":{"line":66,"column":0},"end":{"line":66,"column":17}},"66":{"start":{"line":67,"column":0},"end":{"line":67,"column":39}},"67":{"start":{"line":68,"column":0},"end":{"line":68,"column":37}},"68":{"start":{"line":69,"column":0},"end":{"line":69,"column":31}},"69":{"start":{"line":70,"column":0},"end":{"line":70,"column":28}},"70":{"start":{"line":71,"column":0},"end":{"line":71,"column":37}},"71":{"start":{"line":72,"column":0},"end":{"line":72,"column":30}},"73":{"start":{"line":74,"column":0},"end":{"line":74,"column":57}},"75":{"start":{"line":76,"column":0},"end":{"line":76,"column":51}},"76":{"start":{"line":77,"column":0},"end":{"line":77,"column":18}},"77":{"start":{"line":78,"column":0},"end":{"line":78,"column":17}},"79":{"start":{"line":80,"column":0},"end":{"line":80,"column":45}},"80":{"start":{"line":81,"column":0},"end":{"line":81,"column":23}},"81":{"start":{"line":82,"column":0},"end":{"line":82,"column":60}},"82":{"start":{"line":83,"column":0},"end":{"line":83,"column":240}},"84":{"start":{"line":85,"column":0},"end":{"line":85,"column":80}},"85":{"start":{"line":86,"column":0},"end":{"line":86,"column":79}},"86":{"start":{"line":87,"column":0},"end":{"line":87,"column":25}},"88":{"start":{"line":89,"column":0},"end":{"line":89,"column":18}},"89":{"start":{"line":90,"column":0},"end":{"line":90,"column":16}},"92":{"start":{"line":93,"column":0},"end":{"line":93,"column":15}},"93":{"start":{"line":94,"column":0},"end":{"line":94,"column":116}},"95":{"start":{"line":96,"column":0},"end":{"line":96,"column":17}},"96":{"start":{"line":97,"column":0},"end":{"line":97,"column":39}},"97":{"start":{"line":98,"column":0},"end":{"line":98,"column":40}},"98":{"start":{"line":99,"column":0},"end":{"line":99,"column":31}},"99":{"start":{"line":100,"column":0},"end":{"line":100,"column":30}},"100":{"start":{"line":101,"column":0},"end":{"line":101,"column":41}},"101":{"start":{"line":102,"column":0},"end":{"line":102,"column":42}},"103":{"start":{"line":104,"column":0},"end":{"line":104,"column":60}},"104":{"start":{"line":105,"column":0},"end":{"line":105,"column":55}},"105":{"start":{"line":106,"column":0},"end":{"line":106,"column":18}},"106":{"start":{"line":107,"column":0},"end":{"line":107,"column":17}},"108":{"start":{"line":109,"column":0},"end":{"line":109,"column":46}},"109":{"start":{"line":110,"column":0},"end":{"line":110,"column":23}},"110":{"start":{"line":111,"column":0},"end":{"line":111,"column":62}},"111":{"start":{"line":112,"column":0},"end":{"line":112,"column":240}},"113":{"start":{"line":114,"column":0},"end":{"line":114,"column":80}},"114":{"start":{"line":115,"column":0},"end":{"line":115,"column":78}},"115":{"start":{"line":116,"column":0},"end":{"line":116,"column":25}},"117":{"start":{"line":118,"column":0},"end":{"line":118,"column":18}},"118":{"start":{"line":119,"column":0},"end":{"line":119,"column":16}},"119":{"start":{"line":120,"column":0},"end":{"line":120,"column":12}},"122":{"start":{"line":123,"column":0},"end":{"line":123,"column":28}},"123":{"start":{"line":124,"column":0},"end":{"line":124,"column":121}},"124":{"start":{"line":125,"column":0},"end":{"line":125,"column":20}},"125":{"start":{"line":126,"column":0},"end":{"line":126,"column":40}},"126":{"start":{"line":127,"column":0},"end":{"line":127,"column":203}},"128":{"start":{"line":129,"column":0},"end":{"line":129,"column":47}},"130":{"start":{"line":131,"column":0},"end":{"line":131,"column":21}},"131":{"start":{"line":132,"column":0},"end":{"line":132,"column":14}},"133":{"start":{"line":134,"column":0},"end":{"line":134,"column":10}},"135":{"start":{"line":136,"column":0},"end":{"line":136,"column":1}}},"s":{"0":1,"4":20,"5":20,"6":20,"9":20,"10":20,"13":20,"16":20,"17":0,"19":0,"20":0,"22":0,"23":0,"24":0,"27":20,"28":0,"29":0,"30":0,"31":0,"32":0,"33":0,"35":20,"36":0,"37":0,"38":0,"40":20,"41":20,"44":20,"45":20,"47":20,"50":20,"51":20,"52":20,"53":20,"55":20,"56":20,"57":20,"59":20,"62":20,"63":20,"65":20,"66":20,"67":20,"68":80,"69":80,"70":80,"71":80,"73":80,"75":80,"76":80,"77":20,"79":20,"80":0,"81":0,"82":0,"84":0,"85":0,"86":0,"88":20,"89":20,"92":20,"93":20,"95":20,"96":20,"97":20,"98":40,"99":40,"100":40,"101":40,"103":40,"104":40,"105":40,"106":20,"108":20,"109":0,"110":0,"111":0,"113":0,"114":0,"115":0,"117":20,"118":20,"119":20,"122":20,"123":0,"124":0,"125":0,"126":0,"128":0,"130":0,"131":0,"133":20,"135":20},"branchMap":{"0":{"type":"branch","line":5,"loc":{"start":{"line":5,"column":0},"end":{"line":136,"column":1}},"locations":[{"start":{"line":5,"column":0},"end":{"line":136,"column":1}}]},"1":{"type":"branch","line":10,"loc":{"start":{"line":10,"column":40},"end":{"line":10,"column":51}},"locations":[{"start":{"line":10,"column":40},"end":{"line":10,"column":51}}]},"2":{"type":"branch","line":11,"loc":{"start":{"line":11,"column":41},"end":{"line":11,"column":54}},"locations":[{"start":{"line":11,"column":41},"end":{"line":11,"column":54}}]},"3":{"type":"branch","line":80,"loc":{"start":{"line":80,"column":39},"end":{"line":87,"column":25}},"locations":[{"start":{"line":80,"column":39},"end":{"line":87,"column":25}}]},"4":{"type":"branch","line":109,"loc":{"start":{"line":109,"column":40},"end":{"line":116,"column":25}},"locations":[{"start":{"line":109,"column":40},"end":{"line":116,"column":25}}]},"5":{"type":"branch","line":123,"loc":{"start":{"line":123,"column":7},"end":{"line":132,"column":14}},"locations":[{"start":{"line":123,"column":7},"end":{"line":132,"column":14}}]},"6":{"type":"branch","line":68,"loc":{"start":{"line":68,"column":26},"end":{"line":77,"column":18}},"locations":[{"start":{"line":68,"column":26},"end":{"line":77,"column":18}}]},"7":{"type":"branch","line":98,"loc":{"start":{"line":98,"column":27},"end":{"line":106,"column":18}},"locations":[{"start":{"line":98,"column":27},"end":{"line":106,"column":18}}]}},"b":{"0":[20],"1":[0],"2":[0],"3":[0],"4":[0],"5":[0],"6":[80],"7":[40]},"fnMap":{"0":{"name":"FilterSidebars","decl":{"start":{"line":5,"column":0},"end":{"line":136,"column":1}},"loc":{"start":{"line":5,"column":0},"end":{"line":136,"column":1}},"line":5},"1":{"name":"toggleCity","decl":{"start":{"line":17,"column":21},"end":{"line":25,"column":4}},"loc":{"start":{"line":17,"column":21},"end":{"line":25,"column":4}},"line":17},"2":{"name":"toggleRating","decl":{"start":{"line":28,"column":23},"end":{"line":34,"column":4}},"loc":{"start":{"line":28,"column":23},"end":{"line":34,"column":4}},"line":28},"3":{"name":"handleClearAll","decl":{"start":{"line":36,"column":25},"end":{"line":39,"column":4}},"loc":{"start":{"line":36,"column":25},"end":{"line":39,"column":4}},"line":36},"4":{"name":"onChange","decl":{"start":{"line":76,"column":28},"end":{"line":76,"column":51}},"loc":{"start":{"line":76,"column":28},"end":{"line":76,"column":51}},"line":76},"5":{"name":"onClick","decl":{"start":{"line":82,"column":27},"end":{"line":82,"column":60}},"loc":{"start":{"line":82,"column":27},"end":{"line":82,"column":60}},"line":82},"6":{"name":"onChange","decl":{"start":{"line":105,"column":28},"end":{"line":105,"column":55}},"loc":{"start":{"line":105,"column":28},"end":{"line":105,"column":55}},"line":105},"7":{"name":"onClick","decl":{"start":{"line":111,"column":27},"end":{"line":111,"column":62}},"loc":{"start":{"line":111,"column":27},"end":{"line":111,"column":62}},"line":111}},"f":{"0":20,"1":0,"2":0,"3":0,"4":0,"5":0,"6":0,"7":0}}
,"C:\\Users\\Lui\\Downloads\\siteingressoFINAL\\Site-de-ingressos\\FrontEnd\\src\\components\\Footer.jsx": {"path":"C:\\Users\\Lui\\Downloads\\siteingressoFINAL\\Site-de-ingressos\\FrontEnd\\src\\components\\Footer.jsx","all":false,"statementMap":{"0":{"start":{"line":1,"column":0},"end":{"line":1,"column":45}},"5":{"start":{"line":6,"column":0},"end":{"line":6,"column":34}},"6":{"start":{"line":7,"column":0},"end":{"line":7,"column":10}},"10":{"start":{"line":11,"column":0},"end":{"line":11,"column":87}},"11":{"start":{"line":12,"column":0},"end":{"line":12,"column":91}},"14":{"start":{"line":15,"column":0},"end":{"line":15,"column":60}},"15":{"start":{"line":16,"column":0},"end":{"line":16,"column":94}},"17":{"start":{"line":18,"column":0},"end":{"line":18,"column":17}},"18":{"start":{"line":19,"column":0},"end":{"line":19,"column":65}},"20":{"start":{"line":21,"column":0},"end":{"line":21,"column":14}},"21":{"start":{"line":22,"column":0},"end":{"line":22,"column":47}},"22":{"start":{"line":23,"column":0},"end":{"line":23,"column":87}},"23":{"start":{"line":24,"column":0},"end":{"line":24,"column":354}},"24":{"start":{"line":25,"column":0},"end":{"line":25,"column":16}},"25":{"start":{"line":26,"column":0},"end":{"line":26,"column":88}},"26":{"start":{"line":27,"column":0},"end":{"line":27,"column":610}},"27":{"start":{"line":28,"column":0},"end":{"line":28,"column":16}},"28":{"start":{"line":29,"column":0},"end":{"line":29,"column":16}},"29":{"start":{"line":30,"column":0},"end":{"line":30,"column":14}},"32":{"start":{"line":33,"column":0},"end":{"line":33,"column":46}},"33":{"start":{"line":34,"column":0},"end":{"line":34,"column":103}},"34":{"start":{"line":35,"column":0},"end":{"line":35,"column":99}},"35":{"start":{"line":36,"column":0},"end":{"line":36,"column":101}},"36":{"start":{"line":37,"column":0},"end":{"line":37,"column":97}},"37":{"start":{"line":38,"column":0},"end":{"line":38,"column":14}},"40":{"start":{"line":41,"column":0},"end":{"line":41,"column":46}},"41":{"start":{"line":42,"column":0},"end":{"line":42,"column":101}},"42":{"start":{"line":43,"column":0},"end":{"line":43,"column":104}},"43":{"start":{"line":44,"column":0},"end":{"line":44,"column":114}},"44":{"start":{"line":45,"column":0},"end":{"line":45,"column":100}},"45":{"start":{"line
[...]
tart":{"line":408,"column":0},"end":{"line":408,"column":40}},"408":{"start":{"line":409,"column":0},"end":{"line":409,"column":104}},"409":{"start":{"line":410,"column":0},"end":{"line":410,"column":52}},"410":{"start":{"line":411,"column":0},"end":{"line":411,"column":74}},"411":{"start":{"line":412,"column":0},"end":{"line":412,"column":109}},"412":{"start":{"line":413,"column":0},"end":{"line":413,"column":31}},"414":{"start":{"line":415,"column":0},"end":{"line":415,"column":97}},"415":{"start":{"line":416,"column":0},"end":{"line":416,"column":36}},"417":{"start":{"line":418,"column":0},"end":{"line":418,"column":33}},"418":{"start":{"line":419,"column":0},"end":{"line":419,"column":24}},"419":{"start":{"line":420,"column":0},"end":{"line":420,"column":36}},"420":{"start":{"line":421,"column":0},"end":{"line":421,"column":172}},"422":{"start":{"line":423,"column":0},"end":{"line":423,"column":46}},"423":{"start":{"line":424,"column":0},"end":{"line":424,"column":26}},"425":{"start":{"line":426,"column":0},"end":{"line":426,"column":22}},"426":{"start":{"line":427,"column":0},"end":{"line":427,"column":18}},"428":{"start":{"line":429,"column":0},"end":{"line":429,"column":25}},"430":{"start":{"line":431,"column":0},"end":{"line":431,"column":14}},"431":{"start":{"line":432,"column":0},"end":{"line":432,"column":19}},"434":{"start":{"line":435,"column":0},"end":{"line":435,"column":55}},"435":{"start":{"line":436,"column":0},"end":{"line":436,"column":15}},"436":{"start":{"line":437,"column":0},"end":{"line":437,"column":153}},"437":{"start":{"line":438,"column":0},"end":{"line":438,"column":34}},"438":{"start":{"line":439,"column":0},"end":{"line":439,"column":68}},"440":{"start":{"line":441,"column":0},"end":{"line":441,"column":25}},"441":{"start":{"line":442,"column":0},"end":{"line":442,"column":88}},"443":{"start":{"line":444,"column":0},"end":{"line":444,"column":90}},"445":{"start":{"line":446,"column":0},"end":{"line":446,"column":17}},"446":{"start":{"line":447,"column":0},"end":{"line":447,"column":12}},"448":{"start":{"line":449,"column":0},"end":{"line":449,"column":11}},"450":{"start":{"line":451,"column":0},"end":{"line":451,"column":1}}},"s":{"0":1,"7":20,"8":20,"9":20,"12":20,"13":7,"14":20,"17":20,"18":20,"19":20,"21":20,"22":20,"25":20,"28":20,"31":20,"32":7,"33":0,"34":0,"35":0,"37":7,"38":7,"39":20,"42":20,"43":0,"45":0,"46":0,"47":0,"48":0,"50":0,"51":0,"52":0,"53":0,"55":0,"56":0,"57":0,"58":0,"59":0,"60":0,"61":0,"64":20,"65":7,"66":7,"67":6,"68":5,"69":7,"70":7,"71":5,"72":5,"73":5,"74":8,"75":8,"76":5,"77":5,"78":5,"79":5,"80":7,"81":7,"82":1,"83":1,"84":1,"85":7,"86":20,"88":20,"89":20,"90":20,"91":20,"93":20,"95":20,"96":5,"97":5,"98":5,"100":5,"101":3,"102":5,"103":2,"104":2,"106":5,"107":5,"108":5,"109":5,"110":5,"111":5,"113":20,"114":13,"115":0,"116":0,"117":20,"119":20,"120":2,"121":0,"122":0,"123":0,"125":2,"126":1,"127":1,"128":1,"129":1,"130":1,"131":2,"133":20,"134":1,"135":1,"136":2,"137":2,"138":1,"139":1,"141":1,"142":1,"143":1,"144":1,"145":1,"146":1,"147":1,"149":20,"150":20,"151":20,"152":20,"153":20,"154":20,"155":20,"156":20,"157":20,"159":20,"160":20,"161":20,"162":20,"164":20,"166":20,"167":1,"168":1,"169":1,"170":1,"172":1,"173":1,"175":1,"176":1,"178":1,"180":12,"181":24,"182":24,"183":24,"184":24,"185":24,"186":24,"187":24,"188":0,"189":0,"190":24,"192":12,"193":12,"196":12,"197":12,"198":12,"199":12,"200":12,"201":12,"203":12,"204":12,"205":12,"206":20,"207":20,"208":20,"209":20,"210":20,"211":20,"212":20,"213":20,"215":20,"216":20,"217":20,"218":20,"220":20,"221":20,"222":20,"224":20,"225":20,"226":20,"227":20,"228":20,"230":20,"231":20,"234":20,"235":1,"236":1,"237":1,"239":1,"240":1,"241":1,"244":20,"245":20,"246":20,"249":20,"250":20,"251":20,"252":20,"253":20,"254":20,"256":20,"259":20,"262":20,"263":20,"264":20,"266":20,"268":20,"270":20,"271":20,"272":20,"273":20,"274":20,"275":20,"277":20,"278":20,"279":20,"280":20,"281":20,"284":20,"285":20,"286":20,"287":20,"289":20,"290":1,"291":1,"293":1,"294":1,"296":1,"297":1,"299":11,"300":11,"302":11,"303":11,"304":11,"305":22,"306":22,"307":22,"309":22,"310":22,"311":22,"312":22,"314":22,"317":22,"318":22,"319":22,"320":22,"321":22,"322":22,"323":22,"324":22,"326":22,"327":22,"328":22,"329":22,"330":22,"331":22,"332":22,"334":22,"335":22,"337":22,"338":22,"339":22,"341":22,"342":22,"343":22,"344":22,"346":22,"347":22,"348":22,"349":22,"350":22,"352":11,"353":11,"354":11,"356":20,"357":20,"360":20,"362":20,"363":20,"365":20,"367":20,"368":20,"369":20,"370":20,"371":20,"372":20,"373":20,"375":20,"376":20,"377":20,"378":20,"379":20,"380":20,"381":20,"383":20,"384":20,"385":20,"386":20,"387":20,"388":20,"389":20,"390":20,"392":20,"393":20,"394":20,"395":20,"396":20,"397":20,"399":20,"400":20,"401":20,"403":20,"404":20,"405":20,"406":20,"407":20,"408":1,"409":11,"410":6,"411":5,"412":20,"414":20,"415":20,"417":20,"418":1,"419":1,"420":1,"422":1,"423":1,"425":20,"426":20,"428":20,"430":20,"431":20,"434":20,"435":20,"436":20,"437":20,"438":20,"440":20,"441":0,"443":12,"445":20,"446":20,"448":20,"450":20},"branchMap":{"0":{"type":"branch","line":8,"loc":{"start":{"line":8,"column":0},"end":{"line":451,"column":1}},"locations":[{"start":{"line":8,"column":0},"end":{"line":451,"column":1}}]},"1":{"type":"branch","line":94,"loc":{"start":{"line":94,"column":20},"end":{"line":94,"column":94}},"locations":[{"start":{"line":94,"column":20},"end":{"line":94,"column":94}}]},"2":{"type":"branch","line":165,"loc":{"start":{"line":165,"column":15},"end":{"line":165,"column":138}},"locations":[{"start":{"line":165,"column":15},"end":{"line":165,"column":138}}]},"3":{"type":"branch","line":165,"loc":{"start":{"line":165,"column":131},"end":{"line":167,"column":15}},"locations":[{"start":{"line":165,"column":131},"end":{"line":167,"column":15}}]},"4":{"type":"branch","line":167,"loc":{"start":{"line":167,"column":6},"end":{"line":167,"column":29}},"locations":[{"start":{"line":167,"column":6},"end":{"line":167,"column":29}}]},"5":{"type":"branch","line":167,"loc":{"start":{"line":167,"column":29},"end":{"line":179,"column":3}},"locations":[{"start":{"line":167,"column":29},"end":{"line":179,"column":3}}]},"6":{"type":"branch","line":179,"loc":{"start":{"line":179,"column":2},"end":{"line":207,"column":101}},"locations":[{"start":{"line":179,"column":2},"end":{"line":207,"column":101}}]},"7":{"type":"branch","line":207,"loc":{"start":{"line":207,"column":89},"end":{"line":207,"column":129}},"locations":[{"start":{"line":207,"column":89},"end":{"line":207,"column":129}}]},"8":{"type":"branch","line":207,"loc":{"start":{"line":207,"column":101},"end":{"line":207,"column":144}},"locations":[{"start":{"line":207,"column":101},"end":{"line":207,"column":144}}]},"9":{"type":"branch","line":235,"loc":{"start":{"line":235,"column":13},"end":{"line":242,"column":29}},"locations":[{"start":{"line":235,"column":13},"end":{"line":242,"column":29}}]},"10":{"type":"branch","line":288,"loc":{"start":{"line":288,"column":93},"end":{"line":288,"column":136}},"locations":[{"start":{"line":288,"column":93},"end":{"line":288,"column":136}}]},"11":{"type":"branch","line":288,"loc":{"start":{"line":288,"column":105},"end":{"line":288,"column":152}},"locations":[{"start":{"line":288,"column":105},"end":{"line":288,"column":152}}]},"12":{"type":"branch","line":290,"loc":{"start":{"line":290,"column":17},"end":{"line":298,"column":26}},"locations":[{"start":{"line":290,"column":17},"end":{"line":298,"column":26}}]},"13":{"type":"branch","line":298,"loc":{"start":{"line":298,"column":20},"end":{"line":355,"column":23}},"locations":[{"start":{"line":298,"column":20},"end":{"line":355,"column":23}}]},"14":{"type":"branch","line":394,"loc":{"start":{"line":394,"column":86},"end":{"line":394,"column":130}},"locations":[{"start":{"line":394,"column":86},"end":{"line":394,"column":130}}]},"15":{"type":"branch","line":394,"loc":{"start":{"line":394,"column":98},"end":{"line":394,"column":160}},"locations":[{"start":{"line":394,"column":98},"end":{"line":394,"column":160}}]},"16":{"type":"branch","line":395,"loc":{"start":{"line":395,"column":90},"end":{"line":395,"column":120}},"locations":[{"start":{"line":395,"column":90},"end":{"line":395,"column":120}}]},"17":{"type":"branch","line":395,"loc":{"start":{"line":395,"column":102},"end":{"line":395,"column":132}},"locations":[{"start":{"line":395,"column":102},"end":{"line":395,"column":132}}]},"18":{"type":"branch","line":396,"loc":{"start":{"line":396,"column":60},"end":{"line":396,"column":90}},"locations":[{"start":{"line":396,"column":60},"end":{"line":396,"column":90}}]},"19":{"type":"branch","line":396,"loc":{"start":{"line":396,"column":72},"end":{"line":396,"column":104}},"locations":[{"start":{"line":396,"column":72},"end":{"line":396,"column":104}}]},"20":{"type":"branch","line":400,"loc":{"start":{"line":400,"column":96},"end":{"line":400,"column":126}},"locations":[{"start":{"line":400,"column":96},"end":{"line":400,"column":126}}]},"21":{"type":"branch","line":400,"loc":{"start":{"line":400,"column":108},"end":{"line":400,"column":138}},"locations":[{"start":{"line":400,"column":108},"end":{"line":400,"column":138}}]},"22":{"type":"branch","line":408,"loc":{"start":{"line":408,"column":30},"end":{"line":409,"column":104}},"locations":[{"start":{"line":408,"column":30},"end":{"line":409,"column":104}}]},"23":{"type":"branch","line":409,"loc":{"start":{"line":409,"column":34},"end":{"line":412,"column":109}},"locations":[{"start":{"line":409,"column":34},"end":{"line":412,"column":109}}]},"24":{"type":"branch","line":410,"loc":{"start":{"line":410,"column":50},"end":{"line":411,"column":74}},"locations":[{"start":{"line":410,"column":50},"end":{"line":411,"column":74}}]},"25":{"type":"branch","line":411,"loc":{"start":{"line":411,"column":38},"end":{"line":412,"column":109}},"locations":[{"start":{"line":411,"column":38},"end":{"line":412,"column":109}}]},"26":{"type":"branch","line":415,"loc":{"start":{"line":415,"column":25},"end":{"line":415,"column":51}},"locations":[{"start":{"line":415,"column":25},"end":{"line":415,"column":51}}]},"27":{"type":"branch","line":415,"loc":{"start":{"line":415,"column":37},"end":{"line":415,"column":97}},"locations":[{"start":{"line":415,"column":37},"end":{"line":415,"column":97}}]},"28":{"type":"branch","line":415,"loc":{"start":{"line":415,"column":66},"end":{"line":415,"column":84}},"locations":[{"start":{"line":415,"column":66},"end":{"line":415,"column":84}}]},"29":{"type":"branch","line":415,"loc":{"start":{"line":415,"column":70},"end":{"line":415,"column":97}},"locations":[{"start":{"line":415,"column":70},"end":{"line":415,"column":97}}]},"30":{"type":"branch","line":418,"loc":{"start":{"line":418,"column":21},"end":{"line":424,"column":26}},"locations":[{"start":{"line":418,"column":21},"end":{"line":424,"column":26}}]},"31":{"type":"branch","line":439,"loc":{"start":{"line":439,"column":17},"end":{"line":439,"column":49}},"locations":[{"start":{"line":439,"column":17},"end":{"line":439,"column":49}}]},"32":{"type":"branch","line":439,"loc":{"start":{"line":439,"column":30},"end":{"line":439,"column":68}},"locations":[{"start":{"line":439,"column":30},"end":{"line":439,"column":68}}]},"33":{"type":"branch","line":441,"loc":{"start":{"line":441,"column":11},"end":{"line":442,"column":88}},"locations":[{"start":{"line":441,"column":11},"end":{"line":442,"column":88}}]},"34":{"type":"branch","line":442,"loc":{"start":{"line":442,"column":86},"end":{"line":444,"column":90}},"locations":[{"start":{"line":442,"column":86},"end":{"line":444,"column":90}}]},"35":{"type":"branch","line":13,"loc":{"start":{"line":13,"column":12},"end":{"line":15,"column":5}},"locations":[{"start":{"line":13,"column":12},"end":{"line":15,"column":5}}]},"36":{"type":"branch","line":32,"loc":{"start":{"line":32,"column":12},"end":{"line":40,"column":5}},"locations":[{"start":{"line":32,"column":12},"end":{"line":40,"column":5}}]},"37":{"type":"branch","line":39,"loc":{"start":{"line":39,"column":11},"end":{"line":39,"column":68}},"locations":[{"start":{"line":39,"column":11},"end":{"line":39,"column":68}}]},"38":{"type":"branch","line":65,"loc":{"start":{"line":65,"column":12},"end":{"line":87,"column":5}},"locations":[{"start":{"line":65,"column":12},"end":{"line":87,"column":5}}]},"39":{"type":"branch","line":67,"loc":{"start":{"line":67,"column":12},"end":{"line":70,"column":7}},"locations":[{"start":{"line":67,"column":12},"end":{"line":70,"column":7}}]},"40":{"type":"branch","line":68,"loc":{"start":{"line":68,"column":21},"end":{"line":68,"column":60}},"locations":[{"start":{"line":68,"column":21},"end":{"line":68,"column":60}}]},"41":{"type":"branch","line":68,"loc":{"start":{"line":68,"column":58},"end":{"line":69,"column":26}},"locations":[{"start":{"line":68,"column":58},"end":{"line":69,"column":26}}]},"42":{"type":"branch","line":71,"loc":{"start":{"line":71,"column":12},"end":{"line":81,"column":7}},"locations":[{"start":{"line":71,"column":12},"end":{"line":81,"column":7}}]},"43":{"type":"branch","line":74,"loc":{"start":{"line":74,"column":51},"end":{"line":77,"column":15}},"locations":[{"start":{"line":74,"column":51},"end":{"line":77,"column":15}}]},"44":{"type":"branch","line":82,"loc":{"start":{"line":82,"column":13},"end":{"line":86,"column":7}},"locations":[{"start":{"line":82,"column":13},"end":{"line":86,"column":7}}]},"45":{"type":"branch","line":90,"loc":{"start":{"line":90,"column":4},"end":{"line":90,"column":28}},"locations":[{"start":{"line":90,"column":4},"end":{"line":90,"column":28}}]},"46":{"type":"branch","line":96,"loc":{"start":{"line":96,"column":31},"end":{"line":112,"column":4}},"locations":[{"start":{"line":96,"column":31},"end":{"line":112,"column":4}}]},"47":{"type":"branch","line":97,"loc":{"start":{"line":97,"column":23},"end":{"line":111,"column":5}},"locations":[{"start":{"line":97,"column":23},"end":{"line":111,"column":5}}]},"48":{"type":"branch","line":101,"loc":{"start":{"line":101,"column":34},"end":{"line":103,"column":17}},"locations":[{"start":{"line":101,"column":34},"end":{"line":103,"column":17}}]},"49":{"type":"branch","line":103,"loc":{"start":{"line":103,"column":6},"end":{"line":105,"column":7}},"locations":[{"start":{"line":103,"column":6},"end":{"line":105,"column":7}}]},"50":{"type":"branch","line":114,"loc":{"start":{"line":114,"column":12},"end":{"line":118,"column":5}},"locations":[{"start":{"line":114,"column":12},"end":{"line":118,"column":5}}]},"51":{"type":"branch","line":115,"loc":{"start":{"line":115,"column":8},"end":{"line":115,"column":35}},"locations":[{"start":{"line":115,"column":8},"end":{"line":115,"column":35}}]},"52":{"type":"branch","line":115,"loc":{"start":{"line":115,"column":35},"end":{"line":117,"column":5}},"locations":[{"start":{"line":115,"column":35},"end":{"line":117,"column":5}}]},"53":{"type":"branch","line":120,"loc":{"start":{"line":120,"column":25},"end":{"line":132,"column":4}},"locations":[{"start":{"line":120,"column":25},"end":{"line":132,"column":4}}]},"54":{"type":"branch","line":121,"loc":{"start":{"line":121,"column":19},"end":{"line":124,"column":5}},"locations":[{"start":{"line":121,"column":19},"end":{"line":124,"column":5}}]},"55":{"type":"branch","line":126,"loc":{"start":{"line":126,"column":26},"end":{"line":131,"column":28}},"locations":[{"start":{"line":126,"column":26},"end":{"line":131,"column":28}}]},"56":{"type":"branch","line":134,"loc":{"start":{"line":134,"column":31},"end":{"line":148,"column":4}},"locations":[{"start":{"line":134,"column":31},"end":{"line":148,"column":4}}]},"57":{"type":"branch","line":136,"loc":{"start":{"line":136,"column":11},"end":{"line":139,"column":8}},"locations":[{"start":{"line":136,"column":11},"end":{"line":139,"column":8}}]},"58":{"type":"branch","line":140,"loc":{"start":{"line":140,"column":14},"end":{"line":140,"column":58}},"locations":[{"start":{"line":140,"column":14},"end":{"line":140,"column":58}}]},"59":{"type":"branch","line":181,"loc":{"start":{"line":181,"column":21},"end":{"line":191,"column":4}},"locations":[{"start":{"line":181,"column":21},"end":{"line":191,"column":4}}]},"60":{"type":"branch","line":188,"loc":{"start":{"line":188,"column":4},"end":{"line":190,"column":5}},"locations":[{"start":{"line":188,"column":4},"end":{"line":190,"column":5}}]},"61":{"type":"branch","line":305,"loc":{"start":{"line":305,"column":53},"end":{"line":353,"column":29}},"locations":[{"start":{"line":305,"column":53},"end":{"line":353,"column":29}}]},"62":{"type":"branch","line":306,"loc":{"start":{"line":306,"column":78},"end":{"line":306,"column":85}},"locations":[{"start":{"line":306,"column":78},"end":{"line":306,"column":85}}]},"63":{"type":"branch","line":315,"loc":{"start":{"line":315,"column":46},"end":{"line":315,"column":99}},"locations":[{"start":{"line":315,"column":46},"end":{"line":315,"column":99}}]},"64":{"type":"branch","line":315,"loc":{"start":{"line":315,"column":59},"end":{"line":315,"column":156}},"locations":[{"start":{"line":315,"column":59},"end":{"line":315,"column":156}}]},"65":{"type":"branch","line":331,"loc":{"start":{"line":331,"column":61},"end":{"line":331,"column":114}},"locations":[{"start":{"line":331,"column":61},"end":{"line":331,"column":114}}]},"66":{"type":"branch","line":344,"loc":{"start":{"line":344,"column":61},"end":{"line":344,"column":114}},"locations":[{"start":{"line":344,"column":61},"end":{"line":344,"column":114}}]}},"b":{"0":[20],"1":[12],"2":[7],"3":[13],"4":[12],"5":[1],"6":[12],"7":[1],"8":[11],"9":[1],"10":[1],"11":[11],"12":[1],"13":[11],"14":[1],"15":[11],"16":[1],"17":[11],"18":[1],"19":[11],"20":[1],"21":[11],"22":[1],"23":[11],"24":[6],"25":[5],"26":[1],"27":[11],"28":[6],"29":[5],"30":[1],"31":[0],"32":[12],"33":[0],"34":[12],"35":[7],"36":[7],"37":[7],"38":[7],"39":[6],"40":[1],"41":[5],"42":[5],"43":[8],"44":[1],"45":[22],"46":[5],"47":[5],"48":[3],"49":[2],"50":[13],"51":[1],"52":[0],"53":[2],"54":[0],"55":[1],"56":[1],"57":[2],"58":[2],"59":[24],"60":[0],"61":[22],"62":[17],"63":[5],"64":[17],"65":[2],"66":[3]},"fnMap":{"0":{"name":"ShowDetails","decl":{"start":{"line":8,"column":0},"end":{"line":451,"column":1}},"loc":{"start":{"line":8,"column":0},"end":{"line":451,"column":1}},"line":8},"1":{"name":"handleScroll","decl":{"start":{"line":33,"column":25},"end":{"line":36,"column":6}},"loc":{"start":{"line":33,"column":25},"end":{"line":36,"column":6}},"line":33},"2":{"name":"handleFabClick","decl":{"start":{"line":43,"column":25},"end":{"line":62,"column":4}},"loc":{"start":{"line":43,"column":25},"end":{"line":62,"column":4}},"line":43},"3":{"name":"handleQuantityChange","decl":{"start":{"line":96,"column":31},"end":{"line":112,"column":4}},"loc":{"start":{"line":96,"column":31},"end":{"line":112,"column":4}},"line":96},"4":{"name":"handleCheckout","decl":{"start":{"line":120,"column":25},"end":{"line":132,"column":4}},"loc":{"start":{"line":120,"column":25},"end":{"line":132,"column":4}},"line":120},"5":{"name":"handleCheckoutNormal","decl":{"start":{"line":134,"column":31},"end":{"line":148,"column":4}},"loc":{"start":{"line":134,"column":31},"end":{"line":148,"column":4}},"line":134},"6":{"name":"formatDate","decl":{"start":{"line":181,"column":21},"end":{"line":191,"column":4}},"loc":{"start":{"line":181,"column":21},"end":{"line":191,"column":4}},"line":181},"7":{"name":"onClick","decl":{"start":{"line":213,"column":29},"end":{"line":213,"column":48}},"loc":{"start":{"line":213,"column":29},"end":{"line":213,"column":48}},"line":213},"8":{"name":"onClick","decl":{"start":{"line":331,"column":61},"end":{"line":331,"column":114}},"loc":{"start":{"line":331,"column":61},"end":{"line":331,"column":114}},"line":331},"9":{"name":"onClick","decl":{"start":{"line":344,"column":61},"end":{"line":344,"column":114}},"loc":{"start":{"line":344,"column":61},"end":{"line":344,"column":114}},"line":344}},"f":{"0":20,"1":0,"2":0,"3":5,"4":2,"5":1,"6":24,"7":0,"8":2,"9":3}}
}
